28-Jan-2025 11:04:24.847 INFO [Thread-4] org.apache.coyote.AbstractProtocol.pause Pausing ProtocolHandler ["http-nio-2992"]
28-Jan-2025 11:04:25.767 INFO [Thread-4] org.apache.catalina.core.StandardService.stopInternal Stopping service [Catalina]
28-Jan-2025 11:04:32.221 WARNING [Thread-4] org.apache.catalina.loader.WebappClassLoaderBase.clearReferencesJdbc The web application [medi-sales] registered the JDBC driver [com.mysql.cj.jdbc.Driver] but failed to unregister it when the web application was stopped. To prevent a memory leak, the JDBC Driver has been forcibly unregistered.
28-Jan-2025 11:04:32.221 WARNING [Thread-4] org.apache.catalina.loader.WebappClassLoaderBase.clearReferencesThreads The web application [medi-sales] appears to have started a thread named [mysql-cj-abandoned-connection-cleanup] but has failed to stop it. This is very likely to create a memory leak. Stack trace of thread:
 java.lang.Object.wait(Native Method)
 java.lang.ref.ReferenceQueue.remove(ReferenceQueue.java:144)
 com.mysql.cj.jdbc.AbandonedConnectionCleanupThread.run(AbandonedConnectionCleanupThread.java:91)
 java.util.concurrent.ThreadPoolExecutor.runWorker(ThreadPoolExecutor.java:1149)
 java.util.concurrent.ThreadPoolExecutor$Worker.run(ThreadPoolExecutor.java:624)
 java.lang.Thread.run(Thread.java:748)
28-Jan-2025 11:04:34.726 INFO [Thread-4] org.apache.coyote.AbstractProtocol.stop Stopping ProtocolHandler ["http-nio-2992"]
28-Jan-2025 11:04:36.275 INFO [mysql-cj-abandoned-connection-cleanup] org.apache.catalina.loader.WebappClassLoaderBase.checkStateForResourceLoading Illegal access: this web application instance has been stopped already. Could not load []. The following stack trace is thrown for debugging purposes as well as to attempt to terminate the thread which caused the illegal access.
	java.lang.IllegalStateException: Illegal access: this web application instance has been stopped already. Could not load []. The following stack trace is thrown for debugging purposes as well as to attempt to terminate the thread which caused the illegal access.
		at org.apache.catalina.loader.WebappClassLoaderBase.checkStateForResourceLoading(WebappClassLoaderBase.java:1385)
		at org.apache.catalina.loader.WebappClassLoaderBase.getResource(WebappClassLoaderBase.java:1038)
		at com.mysql.cj.jdbc.AbandonedConnectionCleanupThread.checkThreadContextClassLoader(AbandonedConnectionCleanupThread.java:123)
		at com.mysql.cj.jdbc.AbandonedConnectionCleanupThread.run(AbandonedConnectionCleanupThread.java:90)
		at java.util.concurrent.ThreadPoolExecutor.runWorker(ThreadPoolExecutor.java:1149)
		at java.util.concurrent.ThreadPoolExecutor$Worker.run(ThreadPoolExecutor.java:624)
		at java.lang.Thread.run(Thread.java:748)
28-Jan-2025 11:04:36.525 INFO [Thread-4] org.apache.coyote.AbstractProtocol.destroy Destroying ProtocolHandler ["http-nio-2992"]
28-Jan-2025 11:09:51.964 INFO [main] org.apache.catalina.startup.VersionLoggerListener.log Server version name:   Apache Tomcat/9.0.38
28-Jan-2025 11:09:53.680 INFO [main] org.apache.catalina.startup.VersionLoggerListener.log Server built:          Sep 10 2020 08:20:30 UTC
28-Jan-2025 11:09:53.680 INFO [main] org.apache.catalina.startup.VersionLoggerListener.log Server version number: 9.0.38.0
28-Jan-2025 11:09:53.680 INFO [main] org.apache.catalina.startup.VersionLoggerListener.log OS Name:               Windows 10
28-Jan-2025 11:09:53.680 INFO [main] org.apache.catalina.startup.VersionLoggerListener.log OS Version:            10.0
28-Jan-2025 11:09:53.680 INFO [main] org.apache.catalina.startup.VersionLoggerListener.log Architecture:          amd64
28-Jan-2025 11:09:53.680 INFO [main] org.apache.catalina.startup.VersionLoggerListener.log Java Home:             C:\Program Files\Java\jdk1.8.0_261\jre
28-Jan-2025 11:09:53.680 INFO [main] org.apache.catalina.startup.VersionLoggerListener.log JVM Version:           1.8.0_261-b12
28-Jan-2025 11:09:53.680 INFO [main] org.apache.catalina.startup.VersionLoggerListener.log JVM Vendor:            Oracle Corporation
28-Jan-2025 11:09:53.680 INFO [main] org.apache.catalina.startup.VersionLoggerListener.log CATALINA_BASE:         C:\Users\sowmya29\IdeaProjects\medi-sales\src\main\webapp
28-Jan-2025 11:09:53.696 INFO [main] org.apache.catalina.startup.VersionLoggerListener.log CATALINA_HOME:         C:\Users\sowmya29\OneDrive\Documents\apache-tomcat-9.0.38-windows-x64\apache-tomcat-9.0.38
28-Jan-2025 11:09:54.127 INFO [main] org.apache.catalina.startup.VersionLoggerListener.log Command line argument: -Dcatalina.home=C:\Users\sowmya29\OneDrive\Documents\apache-tomcat-9.0.38-windows-x64\apache-tomcat-9.0.38
28-Jan-2025 11:09:54.128 INFO [main] org.apache.catalina.startup.VersionLoggerListener.log Command line argument: -Dcatalina.base=C:\Users\sowmya29\IdeaProjects\medi-sales\src\main\webapp
28-Jan-2025 11:09:54.128 INFO [main] org.apache.catalina.startup.VersionLoggerListener.log Command line argument: -Djava.io.tmpdir=C:\Users\sowmya29\IdeaProjects\medi-sales\src\main\webapp\temp
28-Jan-2025 11:09:54.128 INFO [main] org.apache.catalina.startup.VersionLoggerListener.log Command line argument: -Djava.util.logging.config.file=C:\Users\sowmya29\IdeaProjects\medi-sales\src\main\webapp\conf\logging.properties
28-Jan-2025 11:09:54.128 INFO [main] org.apache.catalina.startup.VersionLoggerListener.log Command line argument: -Djava.util.logging.manager=org.apache.juli.ClassLoaderLogManager
28-Jan-2025 11:09:54.128 INFO [main] org.apache.catalina.startup.VersionLoggerListener.log Command line argument: -javaagent:C:\Program Files\JetBrains\IntelliJ IDEA Community Edition 2024.1.4\lib\idea_rt.jar=54125:C:\Program Files\JetBrains\IntelliJ IDEA Community Edition 2024.1.4\bin
28-Jan-2025 11:09:54.128 INFO [main] org.apache.catalina.startup.VersionLoggerListener.log Command line argument: -Dfile.encoding=UTF-8
28-Jan-2025 11:09:54.397 INFO [main] org.apache.catalina.core.AprLifecycleListener.lifecycleEvent Loaded Apache Tomcat Native library [1.2.25] using APR version [1.7.0].
28-Jan-2025 11:09:54.397 INFO [main] org.apache.catalina.core.AprLifecycleListener.lifecycleEvent APR capabilities: IPv6 [true], sendfile [true], accept filters [false], random [true].
28-Jan-2025 11:09:54.398 INFO [main] org.apache.catalina.core.AprLifecycleListener.lifecycleEvent APR/OpenSSL configuration: useAprConnector [false], useOpenSSL [true]
28-Jan-2025 11:09:54.898 INFO [main] org.apache.catalina.core.AprLifecycleListener.initializeSSL OpenSSL successfully initialized [OpenSSL 1.1.1g  21 Apr 2020]
28-Jan-2025 11:10:40.003 INFO [main] org.apache.coyote.AbstractProtocol.init Initializing ProtocolHandler ["http-nio-2992"]
28-Jan-2025 11:10:42.226 INFO [main] org.apache.catalina.startup.Catalina.load Server initialization in [63356] milliseconds
28-Jan-2025 11:10:43.312 INFO [main] org.apache.catalina.core.StandardService.startInternal Starting service [Catalina]
28-Jan-2025 11:10:43.312 INFO [main] org.apache.catalina.core.StandardEngine.startInternal Starting Servlet engine: [Apache Tomcat/9.0.38]
28-Jan-2025 11:10:43.424 INFO [main] org.apache.catalina.startup.HostConfig.deployDescriptor Deploying deployment descriptor [C:\Users\sowmya29\IdeaProjects\medi-sales\src\main\webapp\conf\Catalina\localhost\medi-sales.xml]
28-Jan-2025 11:13:23.430 INFO [main] org.apache.jasper.servlet.TldScanner.scanJars At least one JAR was scanned for TLDs yet contained no TLDs. Enable debug logging for this logger for a complete list of JARs that were scanned but no TLDs were found in them. Skipping unneeded JARs during scanning can improve startup time and JSP compilation time.
28-Jan-2025 12:34:39.683 INFO [main] org.apache.catalina.startup.VersionLoggerListener.log Server version name:   Apache Tomcat/9.0.38
28-Jan-2025 12:34:39.685 INFO [main] org.apache.catalina.startup.VersionLoggerListener.log Server built:          Sep 10 2020 08:20:30 UTC
28-Jan-2025 12:34:39.685 INFO [main] org.apache.catalina.startup.VersionLoggerListener.log Server version number: 9.0.38.0
28-Jan-2025 12:34:39.685 INFO [main] org.apache.catalina.startup.VersionLoggerListener.log OS Name:               Windows 10
28-Jan-2025 12:34:39.685 INFO [main] org.apache.catalina.startup.VersionLoggerListener.log OS Version:            10.0
28-Jan-2025 12:34:39.685 INFO [main] org.apache.catalina.startup.VersionLoggerListener.log Architecture:          amd64
28-Jan-2025 12:34:39.685 INFO [main] org.apache.catalina.startup.VersionLoggerListener.log Java Home:             C:\Program Files\Java\jdk1.8.0_261\jre
28-Jan-2025 12:34:39.685 INFO [main] org.apache.catalina.startup.VersionLoggerListener.log JVM Version:           1.8.0_261-b12
28-Jan-2025 12:34:39.685 INFO [main] org.apache.catalina.startup.VersionLoggerListener.log JVM Vendor:            Oracle Corporation
28-Jan-2025 12:34:39.685 INFO [main] org.apache.catalina.startup.VersionLoggerListener.log CATALINA_BASE:         C:\Users\sowmya29\IdeaProjects\medi-sales\src\main\webapp
28-Jan-2025 12:34:39.685 INFO [main] org.apache.catalina.startup.VersionLoggerListener.log CATALINA_HOME:         C:\Users\sowmya29\OneDrive\Documents\apache-tomcat-9.0.38-windows-x64\apache-tomcat-9.0.38
28-Jan-2025 12:34:39.686 INFO [main] org.apache.catalina.startup.VersionLoggerListener.log Command line argument: -Dcatalina.home=C:\Users\sowmya29\OneDrive\Documents\apache-tomcat-9.0.38-windows-x64\apache-tomcat-9.0.38
28-Jan-2025 12:34:39.687 INFO [main] org.apache.catalina.startup.VersionLoggerListener.log Command line argument: -Dcatalina.base=C:\Users\sowmya29\IdeaProjects\medi-sales\src\main\webapp
28-Jan-2025 12:34:39.687 INFO [main] org.apache.catalina.startup.VersionLoggerListener.log Command line argument: -Djava.io.tmpdir=C:\Users\sowmya29\IdeaProjects\medi-sales\src\main\webapp\temp
28-Jan-2025 12:34:39.687 INFO [main] org.apache.catalina.startup.VersionLoggerListener.log Command line argument: -Djava.util.logging.config.file=C:\Users\sowmya29\IdeaProjects\medi-sales\src\main\webapp\conf\logging.properties
28-Jan-2025 12:34:39.687 INFO [main] org.apache.catalina.startup.VersionLoggerListener.log Command line argument: -Djava.util.logging.manager=org.apache.juli.ClassLoaderLogManager
28-Jan-2025 12:34:39.687 INFO [main] org.apache.catalina.startup.VersionLoggerListener.log Command line argument: -javaagent:C:\Program Files\JetBrains\IntelliJ IDEA Community Edition 2024.1.4\lib\idea_rt.jar=54568:C:\Program Files\JetBrains\IntelliJ IDEA Community Edition 2024.1.4\bin
28-Jan-2025 12:34:39.687 INFO [main] org.apache.catalina.startup.VersionLoggerListener.log Command line argument: -Dfile.encoding=UTF-8
28-Jan-2025 12:34:39.689 INFO [main] org.apache.catalina.core.AprLifecycleListener.lifecycleEvent Loaded Apache Tomcat Native library [1.2.25] using APR version [1.7.0].
28-Jan-2025 12:34:39.689 INFO [main] org.apache.catalina.core.AprLifecycleListener.lifecycleEvent APR capabilities: IPv6 [true], sendfile [true], accept filters [false], random [true].
28-Jan-2025 12:34:39.689 INFO [main] org.apache.catalina.core.AprLifecycleListener.lifecycleEvent APR/OpenSSL configuration: useAprConnector [false], useOpenSSL [true]
28-Jan-2025 12:34:39.692 INFO [main] org.apache.catalina.core.AprLifecycleListener.initializeSSL OpenSSL successfully initialized [OpenSSL 1.1.1g  21 Apr 2020]
28-Jan-2025 12:34:39.958 INFO [main] org.apache.coyote.AbstractProtocol.init Initializing ProtocolHandler ["http-nio-2992"]
28-Jan-2025 12:34:40.084 INFO [main] org.apache.catalina.startup.Catalina.load Server initialization in [524] milliseconds
28-Jan-2025 12:34:40.110 INFO [main] org.apache.catalina.core.StandardService.startInternal Starting service [Catalina]
28-Jan-2025 12:34:40.110 INFO [main] org.apache.catalina.core.StandardEngine.startInternal Starting Servlet engine: [Apache Tomcat/9.0.38]
28-Jan-2025 12:34:40.224 INFO [main] org.apache.catalina.startup.HostConfig.deployDescriptor Deploying deployment descriptor [C:\Users\sowmya29\IdeaProjects\medi-sales\src\main\webapp\conf\Catalina\localhost\medi-sales.xml]
28-Jan-2025 12:34:44.490 INFO [main] org.apache.jasper.servlet.TldScanner.scanJars At least one JAR was scanned for TLDs yet contained no TLDs. Enable debug logging for this logger for a complete list of JARs that were scanned but no TLDs were found in them. Skipping unneeded JARs during scanning can improve startup time and JSP compilation time.
28-Jan-2025 12:34:49.143 INFO [main] org.apache.catalina.startup.HostConfig.deployDescriptor Deployment of deployment descriptor [C:\Users\sowmya29\IdeaProjects\medi-sales\src\main\webapp\conf\Catalina\localhost\medi-sales.xml] has finished in [8,919] ms
28-Jan-2025 12:34:49.145 INFO [main] org.apache.coyote.AbstractProtocol.start Starting ProtocolHandler ["http-nio-2992"]
28-Jan-2025 12:34:49.151 INFO [main] org.apache.catalina.startup.Catalina.start Server startup in [9066] milliseconds
28-Jan-2025 12:45:42.807 INFO [Thread-4] org.apache.coyote.AbstractProtocol.pause Pausing ProtocolHandler ["http-nio-2992"]
28-Jan-2025 12:45:42.949 INFO [Thread-4] org.apache.catalina.core.StandardService.stopInternal Stopping service [Catalina]
28-Jan-2025 12:45:47.715 WARNING [Thread-4] org.apache.catalina.loader.WebappClassLoaderBase.clearReferencesJdbc The web application [medi-sales] registered the JDBC driver [com.mysql.cj.jdbc.Driver] but failed to unregister it when the web application was stopped. To prevent a memory leak, the JDBC Driver has been forcibly unregistered.
28-Jan-2025 12:45:47.716 WARNING [Thread-4] org.apache.catalina.loader.WebappClassLoaderBase.clearReferencesThreads The web application [medi-sales] appears to have started a thread named [mysql-cj-abandoned-connection-cleanup] but has failed to stop it. This is very likely to create a memory leak. Stack trace of thread:
 java.lang.Object.wait(Native Method)
 java.lang.ref.ReferenceQueue.remove(ReferenceQueue.java:144)
 com.mysql.cj.jdbc.AbandonedConnectionCleanupThread.run(AbandonedConnectionCleanupThread.java:91)
 java.util.concurrent.ThreadPoolExecutor.runWorker(ThreadPoolExecutor.java:1149)
 java.util.concurrent.ThreadPoolExecutor$Worker.run(ThreadPoolExecutor.java:624)
 java.lang.Thread.run(Thread.java:748)
28-Jan-2025 12:45:48.927 INFO [Thread-4] org.apache.coyote.AbstractProtocol.stop Stopping ProtocolHandler ["http-nio-2992"]
28-Jan-2025 12:45:48.964 INFO [Thread-4] org.apache.coyote.AbstractProtocol.destroy Destroying ProtocolHandler ["http-nio-2992"]
28-Jan-2025 14:22:48.059 INFO [main] org.apache.catalina.startup.VersionLoggerListener.log Server version name:   Apache Tomcat/9.0.38
28-Jan-2025 14:22:48.060 INFO [main] org.apache.catalina.startup.VersionLoggerListener.log Server built:          Sep 10 2020 08:20:30 UTC
28-Jan-2025 14:22:48.060 INFO [main] org.apache.catalina.startup.VersionLoggerListener.log Server version number: 9.0.38.0
28-Jan-2025 14:22:48.060 INFO [main] org.apache.catalina.startup.VersionLoggerListener.log OS Name:               Windows 10
28-Jan-2025 14:22:48.060 INFO [main] org.apache.catalina.startup.VersionLoggerListener.log OS Version:            10.0
28-Jan-2025 14:22:48.060 INFO [main] org.apache.catalina.startup.VersionLoggerListener.log Architecture:          amd64
28-Jan-2025 14:22:48.061 INFO [main] org.apache.catalina.startup.VersionLoggerListener.log Java Home:             C:\Program Files\Java\jdk1.8.0_261\jre
28-Jan-2025 14:22:48.061 INFO [main] org.apache.catalina.startup.VersionLoggerListener.log JVM Version:           1.8.0_261-b12
28-Jan-2025 14:22:48.061 INFO [main] org.apache.catalina.startup.VersionLoggerListener.log JVM Vendor:            Oracle Corporation
28-Jan-2025 14:22:48.061 INFO [main] org.apache.catalina.startup.VersionLoggerListener.log CATALINA_BASE:         C:\Users\sowmya29\IdeaProjects\medi-sales\src\main\webapp
28-Jan-2025 14:22:48.061 INFO [main] org.apache.catalina.startup.VersionLoggerListener.log CATALINA_HOME:         C:\Users\sowmya29\OneDrive\Documents\apache-tomcat-9.0.38-windows-x64\apache-tomcat-9.0.38
28-Jan-2025 14:22:48.144 INFO [main] org.apache.catalina.startup.VersionLoggerListener.log Command line argument: -Dcatalina.home=C:\Users\sowmya29\OneDrive\Documents\apache-tomcat-9.0.38-windows-x64\apache-tomcat-9.0.38
28-Jan-2025 14:22:48.145 INFO [main] org.apache.catalina.startup.VersionLoggerListener.log Command line argument: -Dcatalina.base=C:\Users\sowmya29\IdeaProjects\medi-sales\src\main\webapp
28-Jan-2025 14:22:48.145 INFO [main] org.apache.catalina.startup.VersionLoggerListener.log Command line argument: -Djava.io.tmpdir=C:\Users\sowmya29\IdeaProjects\medi-sales\src\main\webapp\temp
28-Jan-2025 14:22:48.145 INFO [main] org.apache.catalina.startup.VersionLoggerListener.log Command line argument: -Djava.util.logging.config.file=C:\Users\sowmya29\IdeaProjects\medi-sales\src\main\webapp\conf\logging.properties
28-Jan-2025 14:22:48.146 INFO [main] org.apache.catalina.startup.VersionLoggerListener.log Command line argument: -Djava.util.logging.manager=org.apache.juli.ClassLoaderLogManager
28-Jan-2025 14:22:48.146 INFO [main] org.apache.catalina.startup.VersionLoggerListener.log Command line argument: -javaagent:C:\Program Files\JetBrains\IntelliJ IDEA Community Edition 2024.1.4\lib\idea_rt.jar=55537:C:\Program Files\JetBrains\IntelliJ IDEA Community Edition 2024.1.4\bin
28-Jan-2025 14:22:48.146 INFO [main] org.apache.catalina.startup.VersionLoggerListener.log Command line argument: -Dfile.encoding=UTF-8
28-Jan-2025 14:22:48.399 INFO [main] org.apache.catalina.core.AprLifecycleListener.lifecycleEvent Loaded Apache Tomcat Native library [1.2.25] using APR version [1.7.0].
28-Jan-2025 14:22:48.399 INFO [main] org.apache.catalina.core.AprLifecycleListener.lifecycleEvent APR capabilities: IPv6 [true], sendfile [true], accept filters [false], random [true].
28-Jan-2025 14:22:48.399 INFO [main] org.apache.catalina.core.AprLifecycleListener.lifecycleEvent APR/OpenSSL configuration: useAprConnector [false], useOpenSSL [true]
28-Jan-2025 14:22:48.656 INFO [main] org.apache.catalina.core.AprLifecycleListener.initializeSSL OpenSSL successfully initialized [OpenSSL 1.1.1g  21 Apr 2020]
28-Jan-2025 14:22:49.419 INFO [main] org.apache.coyote.AbstractProtocol.init Initializing ProtocolHandler ["http-nio-2992"]
28-Jan-2025 14:22:49.556 INFO [main] org.apache.catalina.startup.Catalina.load Server initialization in [1757] milliseconds
28-Jan-2025 14:22:49.719 INFO [main] org.apache.catalina.core.StandardService.startInternal Starting service [Catalina]
28-Jan-2025 14:22:49.719 INFO [main] org.apache.catalina.core.StandardEngine.startInternal Starting Servlet engine: [Apache Tomcat/9.0.38]
28-Jan-2025 14:22:49.732 INFO [main] org.apache.catalina.startup.HostConfig.deployDescriptor Deploying deployment descriptor [C:\Users\sowmya29\IdeaProjects\medi-sales\src\main\webapp\conf\Catalina\localhost\medi-sales.xml]
28-Jan-2025 14:22:57.214 INFO [main] org.apache.jasper.servlet.TldScanner.scanJars At least one JAR was scanned for TLDs yet contained no TLDs. Enable debug logging for this logger for a complete list of JARs that were scanned but no TLDs were found in them. Skipping unneeded JARs during scanning can improve startup time and JSP compilation time.
28-Jan-2025 14:23:13.414 INFO [main] org.apache.catalina.startup.HostConfig.deployDescriptor Deployment of deployment descriptor [C:\Users\sowmya29\IdeaProjects\medi-sales\src\main\webapp\conf\Catalina\localhost\medi-sales.xml] has finished in [23,681] ms
28-Jan-2025 14:23:13.439 INFO [main] org.apache.coyote.AbstractProtocol.start Starting ProtocolHandler ["http-nio-2992"]
28-Jan-2025 14:23:13.484 INFO [main] org.apache.catalina.startup.Catalina.start Server startup in [23927] milliseconds
28-Jan-2025 14:39:37.905 INFO [Thread-4] org.apache.coyote.AbstractProtocol.pause Pausing ProtocolHandler ["http-nio-2992"]
28-Jan-2025 14:39:38.053 INFO [Thread-4] org.apache.catalina.core.StandardService.stopInternal Stopping service [Catalina]
28-Jan-2025 14:39:38.185 WARNING [Thread-4] org.apache.catalina.loader.WebappClassLoaderBase.clearReferencesJdbc The web application [medi-sales] registered the JDBC driver [com.mysql.cj.jdbc.Driver] but failed to unregister it when the web application was stopped. To prevent a memory leak, the JDBC Driver has been forcibly unregistered.
28-Jan-2025 14:39:38.187 WARNING [Thread-4] org.apache.catalina.loader.WebappClassLoaderBase.clearReferencesThreads The web application [medi-sales] appears to have started a thread named [mysql-cj-abandoned-connection-cleanup] but has failed to stop it. This is very likely to create a memory leak. Stack trace of thread:
 java.lang.Object.wait(Native Method)
 java.lang.ref.ReferenceQueue.remove(ReferenceQueue.java:144)
 com.mysql.cj.jdbc.AbandonedConnectionCleanupThread.run(AbandonedConnectionCleanupThread.java:91)
 java.util.concurrent.ThreadPoolExecutor.runWorker(ThreadPoolExecutor.java:1149)
 java.util.concurrent.ThreadPoolExecutor$Worker.run(ThreadPoolExecutor.java:624)
 java.lang.Thread.run(Thread.java:748)
28-Jan-2025 14:39:38.239 INFO [Thread-4] org.apache.coyote.AbstractProtocol.stop Stopping ProtocolHandler ["http-nio-2992"]
28-Jan-2025 14:39:38.350 INFO [Thread-4] org.apache.coyote.AbstractProtocol.destroy Destroying ProtocolHandler ["http-nio-2992"]
28-Jan-2025 14:44:19.768 INFO [main] org.apache.catalina.startup.VersionLoggerListener.log Server version name:   Apache Tomcat/9.0.38
28-Jan-2025 14:44:19.799 INFO [main] org.apache.catalina.startup.VersionLoggerListener.log Server built:          Sep 10 2020 08:20:30 UTC
28-Jan-2025 14:44:19.799 INFO [main] org.apache.catalina.startup.VersionLoggerListener.log Server version number: 9.0.38.0
28-Jan-2025 14:44:19.799 INFO [main] org.apache.catalina.startup.VersionLoggerListener.log OS Name:               Windows 10
28-Jan-2025 14:44:19.799 INFO [main] org.apache.catalina.startup.VersionLoggerListener.log OS Version:            10.0
28-Jan-2025 14:44:19.799 INFO [main] org.apache.catalina.startup.VersionLoggerListener.log Architecture:          amd64
28-Jan-2025 14:44:19.799 INFO [main] org.apache.catalina.startup.VersionLoggerListener.log Java Home:             C:\Program Files\Java\jdk1.8.0_261\jre
28-Jan-2025 14:44:19.799 INFO [main] org.apache.catalina.startup.VersionLoggerListener.log JVM Version:           1.8.0_261-b12
28-Jan-2025 14:44:19.799 INFO [main] org.apache.catalina.startup.VersionLoggerListener.log JVM Vendor:            Oracle Corporation
28-Jan-2025 14:44:19.799 INFO [main] org.apache.catalina.startup.VersionLoggerListener.log CATALINA_BASE:         C:\Users\sowmya29\IdeaProjects\medi-sales\src\main\webapp
28-Jan-2025 14:44:19.799 INFO [main] org.apache.catalina.startup.VersionLoggerListener.log CATALINA_HOME:         C:\Users\sowmya29\OneDrive\Documents\apache-tomcat-9.0.38-windows-x64\apache-tomcat-9.0.38
28-Jan-2025 14:44:19.858 INFO [main] org.apache.catalina.startup.VersionLoggerListener.log Command line argument: -Dcatalina.home=C:\Users\sowmya29\OneDrive\Documents\apache-tomcat-9.0.38-windows-x64\apache-tomcat-9.0.38
28-Jan-2025 14:44:19.859 INFO [main] org.apache.catalina.startup.VersionLoggerListener.log Command line argument: -Dcatalina.base=C:\Users\sowmya29\IdeaProjects\medi-sales\src\main\webapp
28-Jan-2025 14:44:19.859 INFO [main] org.apache.catalina.startup.VersionLoggerListener.log Command line argument: -Djava.io.tmpdir=C:\Users\sowmya29\IdeaProjects\medi-sales\src\main\webapp\temp
28-Jan-2025 14:44:19.859 INFO [main] org.apache.catalina.startup.VersionLoggerListener.log Command line argument: -Djava.util.logging.config.file=C:\Users\sowmya29\IdeaProjects\medi-sales\src\main\webapp\conf\logging.properties
28-Jan-2025 14:44:19.859 INFO [main] org.apache.catalina.startup.VersionLoggerListener.log Command line argument: -Djava.util.logging.manager=org.apache.juli.ClassLoaderLogManager
28-Jan-2025 14:44:19.859 INFO [main] org.apache.catalina.startup.VersionLoggerListener.log Command line argument: -javaagent:C:\Program Files\JetBrains\IntelliJ IDEA Community Edition 2024.1.4\lib\idea_rt.jar=55644:C:\Program Files\JetBrains\IntelliJ IDEA Community Edition 2024.1.4\bin
28-Jan-2025 14:44:19.860 INFO [main] org.apache.catalina.startup.VersionLoggerListener.log Command line argument: -Dfile.encoding=UTF-8
28-Jan-2025 14:44:19.920 INFO [main] org.apache.catalina.core.AprLifecycleListener.lifecycleEvent Loaded Apache Tomcat Native library [1.2.25] using APR version [1.7.0].
28-Jan-2025 14:44:19.920 INFO [main] org.apache.catalina.core.AprLifecycleListener.lifecycleEvent APR capabilities: IPv6 [true], sendfile [true], accept filters [false], random [true].
28-Jan-2025 14:44:19.920 INFO [main] org.apache.catalina.core.AprLifecycleListener.lifecycleEvent APR/OpenSSL configuration: useAprConnector [false], useOpenSSL [true]
28-Jan-2025 14:44:19.925 INFO [main] org.apache.catalina.core.AprLifecycleListener.initializeSSL OpenSSL successfully initialized [OpenSSL 1.1.1g  21 Apr 2020]
28-Jan-2025 14:44:21.482 INFO [main] org.apache.coyote.AbstractProtocol.init Initializing ProtocolHandler ["http-nio-2992"]
28-Jan-2025 14:44:21.691 INFO [main] org.apache.catalina.startup.Catalina.load Server initialization in [4424] milliseconds
28-Jan-2025 14:44:21.847 INFO [main] org.apache.catalina.core.StandardService.startInternal Starting service [Catalina]
28-Jan-2025 14:44:21.847 INFO [main] org.apache.catalina.core.StandardEngine.startInternal Starting Servlet engine: [Apache Tomcat/9.0.38]
28-Jan-2025 14:44:21.853 INFO [main] org.apache.catalina.startup.HostConfig.deployDescriptor Deploying deployment descriptor [C:\Users\sowmya29\IdeaProjects\medi-sales\src\main\webapp\conf\Catalina\localhost\medi-sales.xml]
28-Jan-2025 14:44:30.484 INFO [main] org.apache.jasper.servlet.TldScanner.scanJars At least one JAR was scanned for TLDs yet contained no TLDs. Enable debug logging for this logger for a complete list of JARs that were scanned but no TLDs were found in them. Skipping unneeded JARs during scanning can improve startup time and JSP compilation time.
28-Jan-2025 14:44:39.904 INFO [main] org.apache.catalina.startup.HostConfig.deployDescriptor Deployment of deployment descriptor [C:\Users\sowmya29\IdeaProjects\medi-sales\src\main\webapp\conf\Catalina\localhost\medi-sales.xml] has finished in [18,051] ms
28-Jan-2025 14:44:39.908 INFO [main] org.apache.coyote.AbstractProtocol.start Starting ProtocolHandler ["http-nio-2992"]
28-Jan-2025 14:44:39.914 INFO [main] org.apache.catalina.startup.Catalina.start Server startup in [18222] milliseconds
28-Jan-2025 14:59:07.011 INFO [Thread-4] org.apache.coyote.AbstractProtocol.pause Pausing ProtocolHandler ["http-nio-2992"]
28-Jan-2025 14:59:07.726 INFO [Thread-4] org.apache.catalina.core.StandardService.stopInternal Stopping service [Catalina]
28-Jan-2025 14:59:08.191 WARNING [Thread-4] org.apache.catalina.loader.WebappClassLoaderBase.clearReferencesJdbc The web application [medi-sales] registered the JDBC driver [com.mysql.cj.jdbc.Driver] but failed to unregister it when the web application was stopped. To prevent a memory leak, the JDBC Driver has been forcibly unregistered.
28-Jan-2025 14:59:08.194 WARNING [Thread-4] org.apache.catalina.loader.WebappClassLoaderBase.clearReferencesThreads The web application [medi-sales] appears to have started a thread named [mysql-cj-abandoned-connection-cleanup] but has failed to stop it. This is very likely to create a memory leak. Stack trace of thread:
 java.lang.Object.wait(Native Method)
 java.lang.ref.ReferenceQueue.remove(ReferenceQueue.java:144)
 com.mysql.cj.jdbc.AbandonedConnectionCleanupThread.run(AbandonedConnectionCleanupThread.java:91)
 java.util.concurrent.ThreadPoolExecutor.runWorker(ThreadPoolExecutor.java:1149)
 java.util.concurrent.ThreadPoolExecutor$Worker.run(ThreadPoolExecutor.java:624)
 java.lang.Thread.run(Thread.java:748)
28-Jan-2025 15:00:07.121 INFO [main] org.apache.catalina.startup.VersionLoggerListener.log Server version name:   Apache Tomcat/9.0.38
28-Jan-2025 15:00:07.136 INFO [main] org.apache.catalina.startup.VersionLoggerListener.log Server built:          Sep 10 2020 08:20:30 UTC
28-Jan-2025 15:00:07.136 INFO [main] org.apache.catalina.startup.VersionLoggerListener.log Server version number: 9.0.38.0
28-Jan-2025 15:00:07.136 INFO [main] org.apache.catalina.startup.VersionLoggerListener.log OS Name:               Windows 10
28-Jan-2025 15:00:07.136 INFO [main] org.apache.catalina.startup.VersionLoggerListener.log OS Version:            10.0
28-Jan-2025 15:00:07.136 INFO [main] org.apache.catalina.startup.VersionLoggerListener.log Architecture:          amd64
28-Jan-2025 15:00:07.136 INFO [main] org.apache.catalina.startup.VersionLoggerListener.log Java Home:             C:\Program Files\Java\jdk1.8.0_261\jre
28-Jan-2025 15:00:07.137 INFO [main] org.apache.catalina.startup.VersionLoggerListener.log JVM Version:           1.8.0_261-b12
28-Jan-2025 15:00:07.137 INFO [main] org.apache.catalina.startup.VersionLoggerListener.log JVM Vendor:            Oracle Corporation
28-Jan-2025 15:00:07.137 INFO [main] org.apache.catalina.startup.VersionLoggerListener.log CATALINA_BASE:         C:\Users\sowmya29\IdeaProjects\medi-sales\src\main\webapp
28-Jan-2025 15:00:07.137 INFO [main] org.apache.catalina.startup.VersionLoggerListener.log CATALINA_HOME:         C:\Users\sowmya29\OneDrive\Documents\apache-tomcat-9.0.38-windows-x64\apache-tomcat-9.0.38
28-Jan-2025 15:00:07.192 INFO [main] org.apache.catalina.startup.VersionLoggerListener.log Command line argument: -Dcatalina.home=C:\Users\sowmya29\OneDrive\Documents\apache-tomcat-9.0.38-windows-x64\apache-tomcat-9.0.38
28-Jan-2025 15:00:07.192 INFO [main] org.apache.catalina.startup.VersionLoggerListener.log Command line argument: -Dcatalina.base=C:\Users\sowmya29\IdeaProjects\medi-sales\src\main\webapp
28-Jan-2025 15:00:07.192 INFO [main] org.apache.catalina.startup.VersionLoggerListener.log Command line argument: -Djava.io.tmpdir=C:\Users\sowmya29\IdeaProjects\medi-sales\src\main\webapp\temp
28-Jan-2025 15:00:07.192 INFO [main] org.apache.catalina.startup.VersionLoggerListener.log Command line argument: -Djava.util.logging.config.file=C:\Users\sowmya29\IdeaProjects\medi-sales\src\main\webapp\conf\logging.properties
28-Jan-2025 15:00:07.192 INFO [main] org.apache.catalina.startup.VersionLoggerListener.log Command line argument: -Djava.util.logging.manager=org.apache.juli.ClassLoaderLogManager
28-Jan-2025 15:00:07.193 INFO [main] org.apache.catalina.startup.VersionLoggerListener.log Command line argument: -javaagent:C:\Program Files\JetBrains\IntelliJ IDEA Community Edition 2024.1.4\lib\idea_rt.jar=55745:C:\Program Files\JetBrains\IntelliJ IDEA Community Edition 2024.1.4\bin
28-Jan-2025 15:00:07.193 INFO [main] org.apache.catalina.startup.VersionLoggerListener.log Command line argument: -Dfile.encoding=UTF-8
28-Jan-2025 15:00:07.221 INFO [main] org.apache.catalina.core.AprLifecycleListener.lifecycleEvent Loaded Apache Tomcat Native library [1.2.25] using APR version [1.7.0].
28-Jan-2025 15:00:07.221 INFO [main] org.apache.catalina.core.AprLifecycleListener.lifecycleEvent APR capabilities: IPv6 [true], sendfile [true], accept filters [false], random [true].
28-Jan-2025 15:00:07.221 INFO [main] org.apache.catalina.core.AprLifecycleListener.lifecycleEvent APR/OpenSSL configuration: useAprConnector [false], useOpenSSL [true]
28-Jan-2025 15:00:07.226 INFO [main] org.apache.catalina.core.AprLifecycleListener.initializeSSL OpenSSL successfully initialized [OpenSSL 1.1.1g  21 Apr 2020]
28-Jan-2025 15:00:09.188 INFO [main] org.apache.coyote.AbstractProtocol.init Initializing ProtocolHandler ["http-nio-2992"]
28-Jan-2025 15:00:09.317 INFO [main] org.apache.catalina.startup.Catalina.load Server initialization in [9651] milliseconds
28-Jan-2025 15:00:09.368 INFO [main] org.apache.catalina.core.StandardService.startInternal Starting service [Catalina]
28-Jan-2025 15:00:09.368 INFO [main] org.apache.catalina.core.StandardEngine.startInternal Starting Servlet engine: [Apache Tomcat/9.0.38]
28-Jan-2025 15:00:09.373 INFO [main] org.apache.catalina.startup.HostConfig.deployDescriptor Deploying deployment descriptor [C:\Users\sowmya29\IdeaProjects\medi-sales\src\main\webapp\conf\Catalina\localhost\medi-sales.xml]
28-Jan-2025 15:00:19.475 INFO [main] org.apache.jasper.servlet.TldScanner.scanJars At least one JAR was scanned for TLDs yet contained no TLDs. Enable debug logging for this logger for a complete list of JARs that were scanned but no TLDs were found in them. Skipping unneeded JARs during scanning can improve startup time and JSP compilation time.
28-Jan-2025 15:00:27.502 INFO [main] org.apache.catalina.startup.HostConfig.deployDescriptor Deployment of deployment descriptor [C:\Users\sowmya29\IdeaProjects\medi-sales\src\main\webapp\conf\Catalina\localhost\medi-sales.xml] has finished in [18,128] ms
28-Jan-2025 15:00:27.504 INFO [main] org.apache.coyote.AbstractProtocol.start Starting ProtocolHandler ["http-nio-2992"]
28-Jan-2025 15:00:27.509 INFO [main] org.apache.catalina.startup.Catalina.start Server startup in [18191] milliseconds
28-Jan-2025 15:12:16.381 INFO [Thread-4] org.apache.coyote.AbstractProtocol.pause Pausing ProtocolHandler ["http-nio-2992"]
28-Jan-2025 15:12:16.464 INFO [Thread-4] org.apache.catalina.core.StandardService.stopInternal Stopping service [Catalina]
28-Jan-2025 15:12:16.474 WARNING [Thread-4] org.apache.catalina.loader.WebappClassLoaderBase.clearReferencesJdbc The web application [medi-sales] registered the JDBC driver [com.mysql.cj.jdbc.Driver] but failed to unregister it when the web application was stopped. To prevent a memory leak, the JDBC Driver has been forcibly unregistered.
28-Jan-2025 15:12:16.474 WARNING [Thread-4] org.apache.catalina.loader.WebappClassLoaderBase.clearReferencesThreads The web application [medi-sales] appears to have started a thread named [mysql-cj-abandoned-connection-cleanup] but has failed to stop it. This is very likely to create a memory leak. Stack trace of thread:
 java.lang.Object.wait(Native Method)
 java.lang.ref.ReferenceQueue.remove(ReferenceQueue.java:144)
 com.mysql.cj.jdbc.AbandonedConnectionCleanupThread.run(AbandonedConnectionCleanupThread.java:91)
 java.util.concurrent.ThreadPoolExecutor.runWorker(ThreadPoolExecutor.java:1149)
 java.util.concurrent.ThreadPoolExecutor$Worker.run(ThreadPoolExecutor.java:624)
 java.lang.Thread.run(Thread.java:748)
28-Jan-2025 15:12:16.521 INFO [Thread-4] org.apache.coyote.AbstractProtocol.stop Stopping ProtocolHandler ["http-nio-2992"]
28-Jan-2025 15:12:16.570 INFO [Thread-4] org.apache.coyote.AbstractProtocol.destroy Destroying ProtocolHandler ["http-nio-2992"]
28-Jan-2025 15:12:20.313 INFO [main] org.apache.catalina.startup.VersionLoggerListener.log Server version name:   Apache Tomcat/9.0.38
28-Jan-2025 15:12:20.316 INFO [main] org.apache.catalina.startup.VersionLoggerListener.log Server built:          Sep 10 2020 08:20:30 UTC
28-Jan-2025 15:12:20.316 INFO [main] org.apache.catalina.startup.VersionLoggerListener.log Server version number: 9.0.38.0
28-Jan-2025 15:12:20.316 INFO [main] org.apache.catalina.startup.VersionLoggerListener.log OS Name:               Windows 10
28-Jan-2025 15:12:20.316 INFO [main] org.apache.catalina.startup.VersionLoggerListener.log OS Version:            10.0
28-Jan-2025 15:12:20.316 INFO [main] org.apache.catalina.startup.VersionLoggerListener.log Architecture:          amd64
28-Jan-2025 15:12:20.316 INFO [main] org.apache.catalina.startup.VersionLoggerListener.log Java Home:             C:\Program Files\Java\jdk1.8.0_261\jre
28-Jan-2025 15:12:20.316 INFO [main] org.apache.catalina.startup.VersionLoggerListener.log JVM Version:           1.8.0_261-b12
28-Jan-2025 15:12:20.316 INFO [main] org.apache.catalina.startup.VersionLoggerListener.log JVM Vendor:            Oracle Corporation
28-Jan-2025 15:12:20.316 INFO [main] org.apache.catalina.startup.VersionLoggerListener.log CATALINA_BASE:         C:\Users\sowmya29\IdeaProjects\medi-sales\src\main\webapp
28-Jan-2025 15:12:20.316 INFO [main] org.apache.catalina.startup.VersionLoggerListener.log CATALINA_HOME:         C:\Users\sowmya29\OneDrive\Documents\apache-tomcat-9.0.38-windows-x64\apache-tomcat-9.0.38
28-Jan-2025 15:12:20.318 INFO [main] org.apache.catalina.startup.VersionLoggerListener.log Command line argument: -Dcatalina.home=C:\Users\sowmya29\OneDrive\Documents\apache-tomcat-9.0.38-windows-x64\apache-tomcat-9.0.38
28-Jan-2025 15:12:20.318 INFO [main] org.apache.catalina.startup.VersionLoggerListener.log Command line argument: -Dcatalina.base=C:\Users\sowmya29\IdeaProjects\medi-sales\src\main\webapp
28-Jan-2025 15:12:20.318 INFO [main] org.apache.catalina.startup.VersionLoggerListener.log Command line argument: -Djava.io.tmpdir=C:\Users\sowmya29\IdeaProjects\medi-sales\src\main\webapp\temp
28-Jan-2025 15:12:20.318 INFO [main] org.apache.catalina.startup.VersionLoggerListener.log Command line argument: -Djava.util.logging.config.file=C:\Users\sowmya29\IdeaProjects\medi-sales\src\main\webapp\conf\logging.properties
28-Jan-2025 15:12:20.318 INFO [main] org.apache.catalina.startup.VersionLoggerListener.log Command line argument: -Djava.util.logging.manager=org.apache.juli.ClassLoaderLogManager
28-Jan-2025 15:12:20.318 INFO [main] org.apache.catalina.startup.VersionLoggerListener.log Command line argument: -javaagent:C:\Program Files\JetBrains\IntelliJ IDEA Community Edition 2024.1.4\lib\idea_rt.jar=55814:C:\Program Files\JetBrains\IntelliJ IDEA Community Edition 2024.1.4\bin
28-Jan-2025 15:12:20.318 INFO [main] org.apache.catalina.startup.VersionLoggerListener.log Command line argument: -Dfile.encoding=UTF-8
28-Jan-2025 15:12:20.355 INFO [main] org.apache.catalina.core.AprLifecycleListener.lifecycleEvent Loaded Apache Tomcat Native library [1.2.25] using APR version [1.7.0].
28-Jan-2025 15:12:20.355 INFO [main] org.apache.catalina.core.AprLifecycleListener.lifecycleEvent APR capabilities: IPv6 [true], sendfile [true], accept filters [false], random [true].
28-Jan-2025 15:12:20.355 INFO [main] org.apache.catalina.core.AprLifecycleListener.lifecycleEvent APR/OpenSSL configuration: useAprConnector [false], useOpenSSL [true]
28-Jan-2025 15:12:20.359 INFO [main] org.apache.catalina.core.AprLifecycleListener.initializeSSL OpenSSL successfully initialized [OpenSSL 1.1.1g  21 Apr 2020]
28-Jan-2025 15:12:20.640 INFO [main] org.apache.coyote.AbstractProtocol.init Initializing ProtocolHandler ["http-nio-2992"]
28-Jan-2025 15:12:20.777 INFO [main] org.apache.catalina.startup.Catalina.load Server initialization in [599] milliseconds
28-Jan-2025 15:12:20.795 INFO [main] org.apache.catalina.core.StandardService.startInternal Starting service [Catalina]
28-Jan-2025 15:12:20.795 INFO [main] org.apache.catalina.core.StandardEngine.startInternal Starting Servlet engine: [Apache Tomcat/9.0.38]
28-Jan-2025 15:12:20.803 INFO [main] org.apache.catalina.startup.HostConfig.deployDescriptor Deploying deployment descriptor [C:\Users\sowmya29\IdeaProjects\medi-sales\src\main\webapp\conf\Catalina\localhost\medi-sales.xml]
28-Jan-2025 15:12:24.680 INFO [main] org.apache.jasper.servlet.TldScanner.scanJars At least one JAR was scanned for TLDs yet contained no TLDs. Enable debug logging for this logger for a complete list of JARs that were scanned but no TLDs were found in them. Skipping unneeded JARs during scanning can improve startup time and JSP compilation time.
28-Jan-2025 15:12:32.140 INFO [main] org.apache.catalina.startup.HostConfig.deployDescriptor Deployment of deployment descriptor [C:\Users\sowmya29\IdeaProjects\medi-sales\src\main\webapp\conf\Catalina\localhost\medi-sales.xml] has finished in [11,337] ms
28-Jan-2025 15:12:32.142 INFO [main] org.apache.coyote.AbstractProtocol.start Starting ProtocolHandler ["http-nio-2992"]
28-Jan-2025 15:12:32.148 INFO [main] org.apache.catalina.startup.Catalina.start Server startup in [11370] milliseconds
28-Jan-2025 15:20:32.593 INFO [Thread-4] org.apache.coyote.AbstractProtocol.pause Pausing ProtocolHandler ["http-nio-2992"]
28-Jan-2025 15:20:32.844 INFO [Thread-4] org.apache.catalina.core.StandardService.stopInternal Stopping service [Catalina]
28-Jan-2025 15:20:33.321 WARNING [Thread-4] org.apache.catalina.loader.WebappClassLoaderBase.clearReferencesJdbc The web application [medi-sales] registered the JDBC driver [com.mysql.cj.jdbc.Driver] but failed to unregister it when the web application was stopped. To prevent a memory leak, the JDBC Driver has been forcibly unregistered.
28-Jan-2025 15:20:33.322 WARNING [Thread-4] org.apache.catalina.loader.WebappClassLoaderBase.clearReferencesThreads The web application [medi-sales] appears to have started a thread named [mysql-cj-abandoned-connection-cleanup] but has failed to stop it. This is very likely to create a memory leak. Stack trace of thread:
 java.lang.Object.wait(Native Method)
 java.lang.ref.ReferenceQueue.remove(ReferenceQueue.java:144)
 com.mysql.cj.jdbc.AbandonedConnectionCleanupThread.run(AbandonedConnectionCleanupThread.java:91)
 java.util.concurrent.ThreadPoolExecutor.runWorker(ThreadPoolExecutor.java:1149)
 java.util.concurrent.ThreadPoolExecutor$Worker.run(ThreadPoolExecutor.java:624)
 java.lang.Thread.run(Thread.java:748)
28-Jan-2025 15:20:33.568 INFO [Thread-4] org.apache.coyote.AbstractProtocol.stop Stopping ProtocolHandler ["http-nio-2992"]
28-Jan-2025 15:20:33.614 INFO [Thread-4] org.apache.coyote.AbstractProtocol.destroy Destroying ProtocolHandler ["http-nio-2992"]
28-Jan-2025 15:21:28.982 INFO [main] org.apache.catalina.startup.VersionLoggerListener.log Server version name:   Apache Tomcat/9.0.38
28-Jan-2025 15:21:28.984 INFO [main] org.apache.catalina.startup.VersionLoggerListener.log Server built:          Sep 10 2020 08:20:30 UTC
28-Jan-2025 15:21:28.984 INFO [main] org.apache.catalina.startup.VersionLoggerListener.log Server version number: 9.0.38.0
28-Jan-2025 15:21:28.984 INFO [main] org.apache.catalina.startup.VersionLoggerListener.log OS Name:               Windows 10
28-Jan-2025 15:21:28.984 INFO [main] org.apache.catalina.startup.VersionLoggerListener.log OS Version:            10.0
28-Jan-2025 15:21:28.984 INFO [main] org.apache.catalina.startup.VersionLoggerListener.log Architecture:          amd64
28-Jan-2025 15:21:28.984 INFO [main] org.apache.catalina.startup.VersionLoggerListener.log Java Home:             C:\Program Files\Java\jdk1.8.0_261\jre
28-Jan-2025 15:21:28.984 INFO [main] org.apache.catalina.startup.VersionLoggerListener.log JVM Version:           1.8.0_261-b12
28-Jan-2025 15:21:28.984 INFO [main] org.apache.catalina.startup.VersionLoggerListener.log JVM Vendor:            Oracle Corporation
28-Jan-2025 15:21:28.984 INFO [main] org.apache.catalina.startup.VersionLoggerListener.log CATALINA_BASE:         C:\Users\sowmya29\IdeaProjects\medi-sales\src\main\webapp
28-Jan-2025 15:21:28.984 INFO [main] org.apache.catalina.startup.VersionLoggerListener.log CATALINA_HOME:         C:\Users\sowmya29\OneDrive\Documents\apache-tomcat-9.0.38-windows-x64\apache-tomcat-9.0.38
28-Jan-2025 15:21:28.986 INFO [main] org.apache.catalina.startup.VersionLoggerListener.log Command line argument: -Dcatalina.home=C:\Users\sowmya29\OneDrive\Documents\apache-tomcat-9.0.38-windows-x64\apache-tomcat-9.0.38
28-Jan-2025 15:21:28.987 INFO [main] org.apache.catalina.startup.VersionLoggerListener.log Command line argument: -Dcatalina.base=C:\Users\sowmya29\IdeaProjects\medi-sales\src\main\webapp
28-Jan-2025 15:21:28.987 INFO [main] org.apache.catalina.startup.VersionLoggerListener.log Command line argument: -Djava.io.tmpdir=C:\Users\sowmya29\IdeaProjects\medi-sales\src\main\webapp\temp
28-Jan-2025 15:21:28.987 INFO [main] org.apache.catalina.startup.VersionLoggerListener.log Command line argument: -Djava.util.logging.config.file=C:\Users\sowmya29\IdeaProjects\medi-sales\src\main\webapp\conf\logging.properties
28-Jan-2025 15:21:28.987 INFO [main] org.apache.catalina.startup.VersionLoggerListener.log Command line argument: -Djava.util.logging.manager=org.apache.juli.ClassLoaderLogManager
28-Jan-2025 15:21:28.987 INFO [main] org.apache.catalina.startup.VersionLoggerListener.log Command line argument: -javaagent:C:\Program Files\JetBrains\IntelliJ IDEA Community Edition 2024.1.4\lib\idea_rt.jar=55876:C:\Program Files\JetBrains\IntelliJ IDEA Community Edition 2024.1.4\bin
28-Jan-2025 15:21:28.987 INFO [main] org.apache.catalina.startup.VersionLoggerListener.log Command line argument: -Dfile.encoding=UTF-8
28-Jan-2025 15:21:29.085 INFO [main] org.apache.catalina.core.AprLifecycleListener.lifecycleEvent Loaded Apache Tomcat Native library [1.2.25] using APR version [1.7.0].
28-Jan-2025 15:21:29.086 INFO [main] org.apache.catalina.core.AprLifecycleListener.lifecycleEvent APR capabilities: IPv6 [true], sendfile [true], accept filters [false], random [true].
28-Jan-2025 15:21:29.086 INFO [main] org.apache.catalina.core.AprLifecycleListener.lifecycleEvent APR/OpenSSL configuration: useAprConnector [false], useOpenSSL [true]
28-Jan-2025 15:21:29.093 INFO [main] org.apache.catalina.core.AprLifecycleListener.initializeSSL OpenSSL successfully initialized [OpenSSL 1.1.1g  21 Apr 2020]
28-Jan-2025 15:21:29.684 INFO [main] org.apache.coyote.AbstractProtocol.init Initializing ProtocolHandler ["http-nio-2992"]
28-Jan-2025 15:21:29.806 INFO [main] org.apache.catalina.startup.Catalina.load Server initialization in [952] milliseconds
28-Jan-2025 15:21:29.845 INFO [main] org.apache.catalina.core.StandardService.startInternal Starting service [Catalina]
28-Jan-2025 15:21:29.845 INFO [main] org.apache.catalina.core.StandardEngine.startInternal Starting Servlet engine: [Apache Tomcat/9.0.38]
28-Jan-2025 15:21:29.855 INFO [main] org.apache.catalina.startup.HostConfig.deployDescriptor Deploying deployment descriptor [C:\Users\sowmya29\IdeaProjects\medi-sales\src\main\webapp\conf\Catalina\localhost\medi-sales.xml]
28-Jan-2025 15:21:34.154 INFO [main] org.apache.jasper.servlet.TldScanner.scanJars At least one JAR was scanned for TLDs yet contained no TLDs. Enable debug logging for this logger for a complete list of JARs that were scanned but no TLDs were found in them. Skipping unneeded JARs during scanning can improve startup time and JSP compilation time.
28-Jan-2025 15:21:39.736 INFO [main] org.apache.catalina.startup.HostConfig.deployDescriptor Deployment of deployment descriptor [C:\Users\sowmya29\IdeaProjects\medi-sales\src\main\webapp\conf\Catalina\localhost\medi-sales.xml] has finished in [9,880] ms
28-Jan-2025 15:21:39.738 INFO [main] org.apache.coyote.AbstractProtocol.start Starting ProtocolHandler ["http-nio-2992"]
28-Jan-2025 15:21:39.744 INFO [main] org.apache.catalina.startup.Catalina.start Server startup in [9937] milliseconds
28-Jan-2025 15:32:52.836 INFO [Thread-4] org.apache.coyote.AbstractProtocol.pause Pausing ProtocolHandler ["http-nio-2992"]
28-Jan-2025 15:32:52.933 INFO [Thread-4] org.apache.catalina.core.StandardService.stopInternal Stopping service [Catalina]
28-Jan-2025 15:32:52.950 WARNING [Thread-4] org.apache.catalina.loader.WebappClassLoaderBase.clearReferencesJdbc The web application [medi-sales] registered the JDBC driver [com.mysql.cj.jdbc.Driver] but failed to unregister it when the web application was stopped. To prevent a memory leak, the JDBC Driver has been forcibly unregistered.
28-Jan-2025 15:32:52.950 WARNING [Thread-4] org.apache.catalina.loader.WebappClassLoaderBase.clearReferencesThreads The web application [medi-sales] appears to have started a thread named [mysql-cj-abandoned-connection-cleanup] but has failed to stop it. This is very likely to create a memory leak. Stack trace of thread:
 java.lang.Object.wait(Native Method)
 java.lang.ref.ReferenceQueue.remove(ReferenceQueue.java:144)
 com.mysql.cj.jdbc.AbandonedConnectionCleanupThread.run(AbandonedConnectionCleanupThread.java:91)
 java.util.concurrent.ThreadPoolExecutor.runWorker(ThreadPoolExecutor.java:1149)
 java.util.concurrent.ThreadPoolExecutor$Worker.run(ThreadPoolExecutor.java:624)
 java.lang.Thread.run(Thread.java:748)
28-Jan-2025 15:32:52.957 INFO [Thread-4] org.apache.coyote.AbstractProtocol.stop Stopping ProtocolHandler ["http-nio-2992"]
28-Jan-2025 15:32:52.982 INFO [Thread-4] org.apache.coyote.AbstractProtocol.destroy Destroying ProtocolHandler ["http-nio-2992"]
28-Jan-2025 15:33:00.129 INFO [main] org.apache.catalina.startup.VersionLoggerListener.log Server version name:   Apache Tomcat/9.0.38
28-Jan-2025 15:33:00.130 INFO [main] org.apache.catalina.startup.VersionLoggerListener.log Server built:          Sep 10 2020 08:20:30 UTC
28-Jan-2025 15:33:00.130 INFO [main] org.apache.catalina.startup.VersionLoggerListener.log Server version number: 9.0.38.0
28-Jan-2025 15:33:00.130 INFO [main] org.apache.catalina.startup.VersionLoggerListener.log OS Name:               Windows 10
28-Jan-2025 15:33:00.130 INFO [main] org.apache.catalina.startup.VersionLoggerListener.log OS Version:            10.0
28-Jan-2025 15:33:00.130 INFO [main] org.apache.catalina.startup.VersionLoggerListener.log Architecture:          amd64
28-Jan-2025 15:33:00.130 INFO [main] org.apache.catalina.startup.VersionLoggerListener.log Java Home:             C:\Program Files\Java\jdk1.8.0_261\jre
28-Jan-2025 15:33:00.130 INFO [main] org.apache.catalina.startup.VersionLoggerListener.log JVM Version:           1.8.0_261-b12
28-Jan-2025 15:33:00.131 INFO [main] org.apache.catalina.startup.VersionLoggerListener.log JVM Vendor:            Oracle Corporation
28-Jan-2025 15:33:00.131 INFO [main] org.apache.catalina.startup.VersionLoggerListener.log CATALINA_BASE:         C:\Users\sowmya29\IdeaProjects\medi-sales\src\main\webapp
28-Jan-2025 15:33:00.131 INFO [main] org.apache.catalina.startup.VersionLoggerListener.log CATALINA_HOME:         C:\Users\sowmya29\OneDrive\Documents\apache-tomcat-9.0.38-windows-x64\apache-tomcat-9.0.38
28-Jan-2025 15:33:00.133 INFO [main] org.apache.catalina.startup.VersionLoggerListener.log Command line argument: -Dcatalina.home=C:\Users\sowmya29\OneDrive\Documents\apache-tomcat-9.0.38-windows-x64\apache-tomcat-9.0.38
28-Jan-2025 15:33:00.133 INFO [main] org.apache.catalina.startup.VersionLoggerListener.log Command line argument: -Dcatalina.base=C:\Users\sowmya29\IdeaProjects\medi-sales\src\main\webapp
28-Jan-2025 15:33:00.133 INFO [main] org.apache.catalina.startup.VersionLoggerListener.log Command line argument: -Djava.io.tmpdir=C:\Users\sowmya29\IdeaProjects\medi-sales\src\main\webapp\temp
28-Jan-2025 15:33:00.133 INFO [main] org.apache.catalina.startup.VersionLoggerListener.log Command line argument: -Djava.util.logging.config.file=C:\Users\sowmya29\IdeaProjects\medi-sales\src\main\webapp\conf\logging.properties
28-Jan-2025 15:33:00.133 INFO [main] org.apache.catalina.startup.VersionLoggerListener.log Command line argument: -Djava.util.logging.manager=org.apache.juli.ClassLoaderLogManager
28-Jan-2025 15:33:00.133 INFO [main] org.apache.catalina.startup.VersionLoggerListener.log Command line argument: -javaagent:C:\Program Files\JetBrains\IntelliJ IDEA Community Edition 2024.1.4\lib\idea_rt.jar=55910:C:\Program Files\JetBrains\IntelliJ IDEA Community Edition 2024.1.4\bin
28-Jan-2025 15:33:00.133 INFO [main] org.apache.catalina.startup.VersionLoggerListener.log Command line argument: -Dfile.encoding=UTF-8
28-Jan-2025 15:33:00.136 INFO [main] org.apache.catalina.core.AprLifecycleListener.lifecycleEvent Loaded Apache Tomcat Native library [1.2.25] using APR version [1.7.0].
28-Jan-2025 15:33:00.136 INFO [main] org.apache.catalina.core.AprLifecycleListener.lifecycleEvent APR capabilities: IPv6 [true], sendfile [true], accept filters [false], random [true].
28-Jan-2025 15:33:00.136 INFO [main] org.apache.catalina.core.AprLifecycleListener.lifecycleEvent APR/OpenSSL configuration: useAprConnector [false], useOpenSSL [true]
28-Jan-2025 15:33:00.139 INFO [main] org.apache.catalina.core.AprLifecycleListener.initializeSSL OpenSSL successfully initialized [OpenSSL 1.1.1g  21 Apr 2020]
28-Jan-2025 15:33:00.711 INFO [main] org.apache.coyote.AbstractProtocol.init Initializing ProtocolHandler ["http-nio-2992"]
28-Jan-2025 15:33:00.834 INFO [main] org.apache.catalina.startup.Catalina.load Server initialization in [864] milliseconds
28-Jan-2025 15:33:00.855 INFO [main] org.apache.catalina.core.StandardService.startInternal Starting service [Catalina]
28-Jan-2025 15:33:00.855 INFO [main] org.apache.catalina.core.StandardEngine.startInternal Starting Servlet engine: [Apache Tomcat/9.0.38]
28-Jan-2025 15:33:00.861 INFO [main] org.apache.catalina.startup.HostConfig.deployDescriptor Deploying deployment descriptor [C:\Users\sowmya29\IdeaProjects\medi-sales\src\main\webapp\conf\Catalina\localhost\medi-sales.xml]
28-Jan-2025 15:33:04.105 INFO [main] org.apache.jasper.servlet.TldScanner.scanJars At least one JAR was scanned for TLDs yet contained no TLDs. Enable debug logging for this logger for a complete list of JARs that were scanned but no TLDs were found in them. Skipping unneeded JARs during scanning can improve startup time and JSP compilation time.
28-Jan-2025 15:33:08.864 INFO [main] org.apache.catalina.startup.HostConfig.deployDescriptor Deployment of deployment descriptor [C:\Users\sowmya29\IdeaProjects\medi-sales\src\main\webapp\conf\Catalina\localhost\medi-sales.xml] has finished in [8,002] ms
28-Jan-2025 15:33:08.868 INFO [main] org.apache.coyote.AbstractProtocol.start Starting ProtocolHandler ["http-nio-2992"]
28-Jan-2025 15:33:08.874 INFO [main] org.apache.catalina.startup.Catalina.start Server startup in [8040] milliseconds
28-Jan-2025 15:45:57.811 INFO [Thread-4] org.apache.coyote.AbstractProtocol.pause Pausing ProtocolHandler ["http-nio-2992"]
28-Jan-2025 15:45:57.920 INFO [Thread-4] org.apache.catalina.core.StandardService.stopInternal Stopping service [Catalina]
28-Jan-2025 15:45:58.773 WARNING [Thread-4] org.apache.catalina.loader.WebappClassLoaderBase.clearReferencesJdbc The web application [medi-sales] registered the JDBC driver [com.mysql.cj.jdbc.Driver] but failed to unregister it when the web application was stopped. To prevent a memory leak, the JDBC Driver has been forcibly unregistered.
28-Jan-2025 15:45:58.775 WARNING [Thread-4] org.apache.catalina.loader.WebappClassLoaderBase.clearReferencesThreads The web application [medi-sales] appears to have started a thread named [mysql-cj-abandoned-connection-cleanup] but has failed to stop it. This is very likely to create a memory leak. Stack trace of thread:
 java.lang.Object.wait(Native Method)
 java.lang.ref.ReferenceQueue.remove(ReferenceQueue.java:144)
 com.mysql.cj.jdbc.AbandonedConnectionCleanupThread.run(AbandonedConnectionCleanupThread.java:91)
 java.util.concurrent.ThreadPoolExecutor.runWorker(ThreadPoolExecutor.java:1149)
 java.util.concurrent.ThreadPoolExecutor$Worker.run(ThreadPoolExecutor.java:624)
 java.lang.Thread.run(Thread.java:748)
28-Jan-2025 15:45:58.780 INFO [Thread-4] org.apache.coyote.AbstractProtocol.stop Stopping ProtocolHandler ["http-nio-2992"]
28-Jan-2025 15:45:59.062 INFO [Thread-4] org.apache.coyote.AbstractProtocol.destroy Destroying ProtocolHandler ["http-nio-2992"]
28-Jan-2025 16:24:57.611 INFO [main] org.apache.catalina.startup.VersionLoggerListener.log Server version name:   Apache Tomcat/9.0.38
28-Jan-2025 16:24:57.697 INFO [main] org.apache.catalina.startup.VersionLoggerListener.log Server built:          Sep 10 2020 08:20:30 UTC
28-Jan-2025 16:24:57.697 INFO [main] org.apache.catalina.startup.VersionLoggerListener.log Server version number: 9.0.38.0
28-Jan-2025 16:24:57.697 INFO [main] org.apache.catalina.startup.VersionLoggerListener.log OS Name:               Windows 10
28-Jan-2025 16:24:57.697 INFO [main] org.apache.catalina.startup.VersionLoggerListener.log OS Version:            10.0
28-Jan-2025 16:24:57.697 INFO [main] org.apache.catalina.startup.VersionLoggerListener.log Architecture:          amd64
28-Jan-2025 16:24:57.697 INFO [main] org.apache.catalina.startup.VersionLoggerListener.log Java Home:             C:\Program Files\Java\jdk1.8.0_261\jre
28-Jan-2025 16:24:57.697 INFO [main] org.apache.catalina.startup.VersionLoggerListener.log JVM Version:           1.8.0_261-b12
28-Jan-2025 16:24:57.698 INFO [main] org.apache.catalina.startup.VersionLoggerListener.log JVM Vendor:            Oracle Corporation
28-Jan-2025 16:24:57.698 INFO [main] org.apache.catalina.startup.VersionLoggerListener.log CATALINA_BASE:         C:\Users\sowmya29\IdeaProjects\medi-sales\src\main\webapp
28-Jan-2025 16:24:57.698 INFO [main] org.apache.catalina.startup.VersionLoggerListener.log CATALINA_HOME:         C:\Users\sowmya29\OneDrive\Documents\apache-tomcat-9.0.38-windows-x64\apache-tomcat-9.0.38
28-Jan-2025 16:24:57.766 INFO [main] org.apache.catalina.startup.VersionLoggerListener.log Command line argument: -Dcatalina.home=C:\Users\sowmya29\OneDrive\Documents\apache-tomcat-9.0.38-windows-x64\apache-tomcat-9.0.38
28-Jan-2025 16:24:57.767 INFO [main] org.apache.catalina.startup.VersionLoggerListener.log Command line argument: -Dcatalina.base=C:\Users\sowmya29\IdeaProjects\medi-sales\src\main\webapp
28-Jan-2025 16:24:57.767 INFO [main] org.apache.catalina.startup.VersionLoggerListener.log Command line argument: -Djava.io.tmpdir=C:\Users\sowmya29\IdeaProjects\medi-sales\src\main\webapp\temp
28-Jan-2025 16:24:57.767 INFO [main] org.apache.catalina.startup.VersionLoggerListener.log Command line argument: -Djava.util.logging.config.file=C:\Users\sowmya29\IdeaProjects\medi-sales\src\main\webapp\conf\logging.properties
28-Jan-2025 16:24:57.767 INFO [main] org.apache.catalina.startup.VersionLoggerListener.log Command line argument: -Djava.util.logging.manager=org.apache.juli.ClassLoaderLogManager
28-Jan-2025 16:24:57.768 INFO [main] org.apache.catalina.startup.VersionLoggerListener.log Command line argument: -javaagent:C:\Program Files\JetBrains\IntelliJ IDEA Community Edition 2024.1.4\lib\idea_rt.jar=56276:C:\Program Files\JetBrains\IntelliJ IDEA Community Edition 2024.1.4\bin
28-Jan-2025 16:24:57.768 INFO [main] org.apache.catalina.startup.VersionLoggerListener.log Command line argument: -Dfile.encoding=UTF-8
28-Jan-2025 16:24:57.890 INFO [main] org.apache.catalina.core.AprLifecycleListener.lifecycleEvent Loaded Apache Tomcat Native library [1.2.25] using APR version [1.7.0].
28-Jan-2025 16:24:57.890 INFO [main] org.apache.catalina.core.AprLifecycleListener.lifecycleEvent APR capabilities: IPv6 [true], sendfile [true], accept filters [false], random [true].
28-Jan-2025 16:24:57.891 INFO [main] org.apache.catalina.core.AprLifecycleListener.lifecycleEvent APR/OpenSSL configuration: useAprConnector [false], useOpenSSL [true]
28-Jan-2025 16:24:57.986 INFO [main] org.apache.catalina.core.AprLifecycleListener.initializeSSL OpenSSL successfully initialized [OpenSSL 1.1.1g  21 Apr 2020]
28-Jan-2025 16:25:00.423 INFO [main] org.apache.coyote.AbstractProtocol.init Initializing ProtocolHandler ["http-nio-2992"]
28-Jan-2025 16:25:00.773 INFO [main] org.apache.catalina.startup.Catalina.load Server initialization in [4423] milliseconds
28-Jan-2025 16:25:00.918 INFO [main] org.apache.catalina.core.StandardService.startInternal Starting service [Catalina]
28-Jan-2025 16:25:00.919 INFO [main] org.apache.catalina.core.StandardEngine.startInternal Starting Servlet engine: [Apache Tomcat/9.0.38]
28-Jan-2025 16:25:00.992 INFO [main] org.apache.catalina.startup.HostConfig.deployDescriptor Deploying deployment descriptor [C:\Users\sowmya29\IdeaProjects\medi-sales\src\main\webapp\conf\Catalina\localhost\medi-sales.xml]
28-Jan-2025 16:25:42.417 INFO [main] org.apache.jasper.servlet.TldScanner.scanJars At least one JAR was scanned for TLDs yet contained no TLDs. Enable debug logging for this logger for a complete list of JARs that were scanned but no TLDs were found in them. Skipping unneeded JARs during scanning can improve startup time and JSP compilation time.
28-Jan-2025 16:25:52.399 INFO [main] org.apache.catalina.startup.HostConfig.deployDescriptor Deployment of deployment descriptor [C:\Users\sowmya29\IdeaProjects\medi-sales\src\main\webapp\conf\Catalina\localhost\medi-sales.xml] has finished in [51,405] ms
28-Jan-2025 16:25:52.402 INFO [main] org.apache.coyote.AbstractProtocol.start Starting ProtocolHandler ["http-nio-2992"]
28-Jan-2025 16:25:52.506 INFO [main] org.apache.catalina.startup.Catalina.start Server startup in [51733] milliseconds
28-Jan-2025 16:31:05.691 INFO [Thread-4] org.apache.coyote.AbstractProtocol.pause Pausing ProtocolHandler ["http-nio-2992"]
28-Jan-2025 16:31:06.005 INFO [Thread-4] org.apache.catalina.core.StandardService.stopInternal Stopping service [Catalina]
28-Jan-2025 16:31:06.115 WARNING [Thread-4] org.apache.catalina.loader.WebappClassLoaderBase.clearReferencesJdbc The web application [medi-sales] registered the JDBC driver [com.mysql.cj.jdbc.Driver] but failed to unregister it when the web application was stopped. To prevent a memory leak, the JDBC Driver has been forcibly unregistered.
28-Jan-2025 16:31:06.131 WARNING [Thread-4] org.apache.catalina.loader.WebappClassLoaderBase.clearReferencesThreads The web application [medi-sales] appears to have started a thread named [mysql-cj-abandoned-connection-cleanup] but has failed to stop it. This is very likely to create a memory leak. Stack trace of thread:
 java.lang.Object.wait(Native Method)
 java.lang.ref.ReferenceQueue.remove(ReferenceQueue.java:144)
 com.mysql.cj.jdbc.AbandonedConnectionCleanupThread.run(AbandonedConnectionCleanupThread.java:91)
 java.util.concurrent.ThreadPoolExecutor.runWorker(ThreadPoolExecutor.java:1149)
 java.util.concurrent.ThreadPoolExecutor$Worker.run(ThreadPoolExecutor.java:624)
 java.lang.Thread.run(Thread.java:748)
28-Jan-2025 16:31:06.272 INFO [Thread-4] org.apache.coyote.AbstractProtocol.stop Stopping ProtocolHandler ["http-nio-2992"]
28-Jan-2025 16:31:06.303 INFO [Thread-4] org.apache.coyote.AbstractProtocol.destroy Destroying ProtocolHandler ["http-nio-2992"]
28-Jan-2025 16:34:43.701 INFO [main] org.apache.catalina.startup.VersionLoggerListener.log Server version name:   Apache Tomcat/9.0.38
28-Jan-2025 16:34:43.701 INFO [main] org.apache.catalina.startup.VersionLoggerListener.log Server built:          Sep 10 2020 08:20:30 UTC
28-Jan-2025 16:34:43.701 INFO [main] org.apache.catalina.startup.VersionLoggerListener.log Server version number: 9.0.38.0
28-Jan-2025 16:34:43.701 INFO [main] org.apache.catalina.startup.VersionLoggerListener.log OS Name:               Windows 10
28-Jan-2025 16:34:43.701 INFO [main] org.apache.catalina.startup.VersionLoggerListener.log OS Version:            10.0
28-Jan-2025 16:34:43.701 INFO [main] org.apache.catalina.startup.VersionLoggerListener.log Architecture:          amd64
28-Jan-2025 16:34:43.701 INFO [main] org.apache.catalina.startup.VersionLoggerListener.log Java Home:             C:\Program Files\Java\jdk1.8.0_261\jre
28-Jan-2025 16:34:43.701 INFO [main] org.apache.catalina.startup.VersionLoggerListener.log JVM Version:           1.8.0_261-b12
28-Jan-2025 16:34:43.701 INFO [main] org.apache.catalina.startup.VersionLoggerListener.log JVM Vendor:            Oracle Corporation
28-Jan-2025 16:34:43.701 INFO [main] org.apache.catalina.startup.VersionLoggerListener.log CATALINA_BASE:         C:\Users\sowmya29\IdeaProjects\medi-sales\src\main\webapp
28-Jan-2025 16:34:43.701 INFO [main] org.apache.catalina.startup.VersionLoggerListener.log CATALINA_HOME:         C:\Users\sowmya29\OneDrive\Documents\apache-tomcat-9.0.38-windows-x64\apache-tomcat-9.0.38
28-Jan-2025 16:34:43.717 INFO [main] org.apache.catalina.startup.VersionLoggerListener.log Command line argument: -Dcatalina.home=C:\Users\sowmya29\OneDrive\Documents\apache-tomcat-9.0.38-windows-x64\apache-tomcat-9.0.38
28-Jan-2025 16:34:43.717 INFO [main] org.apache.catalina.startup.VersionLoggerListener.log Command line argument: -Dcatalina.base=C:\Users\sowmya29\IdeaProjects\medi-sales\src\main\webapp
28-Jan-2025 16:34:43.717 INFO [main] org.apache.catalina.startup.VersionLoggerListener.log Command line argument: -Djava.io.tmpdir=C:\Users\sowmya29\IdeaProjects\medi-sales\src\main\webapp\temp
28-Jan-2025 16:34:43.717 INFO [main] org.apache.catalina.startup.VersionLoggerListener.log Command line argument: -Djava.util.logging.config.file=C:\Users\sowmya29\IdeaProjects\medi-sales\src\main\webapp\conf\logging.properties
28-Jan-2025 16:34:43.717 INFO [main] org.apache.catalina.startup.VersionLoggerListener.log Command line argument: -Djava.util.logging.manager=org.apache.juli.ClassLoaderLogManager
28-Jan-2025 16:34:43.717 INFO [main] org.apache.catalina.startup.VersionLoggerListener.log Command line argument: -javaagent:C:\Program Files\JetBrains\IntelliJ IDEA Community Edition 2024.1.4\lib\idea_rt.jar=56319:C:\Program Files\JetBrains\IntelliJ IDEA Community Edition 2024.1.4\bin
28-Jan-2025 16:34:43.717 INFO [main] org.apache.catalina.startup.VersionLoggerListener.log Command line argument: -Dfile.encoding=UTF-8
28-Jan-2025 16:34:43.717 INFO [main] org.apache.catalina.core.AprLifecycleListener.lifecycleEvent Loaded Apache Tomcat Native library [1.2.25] using APR version [1.7.0].
28-Jan-2025 16:34:43.717 INFO [main] org.apache.catalina.core.AprLifecycleListener.lifecycleEvent APR capabilities: IPv6 [true], sendfile [true], accept filters [false], random [true].
28-Jan-2025 16:34:43.717 INFO [main] org.apache.catalina.core.AprLifecycleListener.lifecycleEvent APR/OpenSSL configuration: useAprConnector [false], useOpenSSL [true]
28-Jan-2025 16:34:43.717 INFO [main] org.apache.catalina.core.AprLifecycleListener.initializeSSL OpenSSL successfully initialized [OpenSSL 1.1.1g  21 Apr 2020]
28-Jan-2025 16:34:44.065 INFO [main] org.apache.coyote.AbstractProtocol.init Initializing ProtocolHandler ["http-nio-2992"]
28-Jan-2025 16:34:44.302 INFO [main] org.apache.catalina.startup.Catalina.load Server initialization in [813] milliseconds
28-Jan-2025 16:34:44.333 INFO [main] org.apache.catalina.core.StandardService.startInternal Starting service [Catalina]
28-Jan-2025 16:34:44.333 INFO [main] org.apache.catalina.core.StandardEngine.startInternal Starting Servlet engine: [Apache Tomcat/9.0.38]
28-Jan-2025 16:34:44.333 INFO [main] org.apache.catalina.startup.HostConfig.deployDescriptor Deploying deployment descriptor [C:\Users\sowmya29\IdeaProjects\medi-sales\src\main\webapp\conf\Catalina\localhost\medi-sales.xml]
28-Jan-2025 16:34:47.249 INFO [main] org.apache.jasper.servlet.TldScanner.scanJars At least one JAR was scanned for TLDs yet contained no TLDs. Enable debug logging for this logger for a complete list of JARs that were scanned but no TLDs were found in them. Skipping unneeded JARs during scanning can improve startup time and JSP compilation time.
28-Jan-2025 16:35:47.332 INFO [main] org.apache.catalina.startup.HostConfig.deployDescriptor Deployment of deployment descriptor [C:\Users\sowmya29\IdeaProjects\medi-sales\src\main\webapp\conf\Catalina\localhost\medi-sales.xml] has finished in [62,998] ms
28-Jan-2025 16:35:47.335 INFO [main] org.apache.coyote.AbstractProtocol.start Starting ProtocolHandler ["http-nio-2992"]
28-Jan-2025 16:35:47.340 INFO [main] org.apache.catalina.startup.Catalina.start Server startup in [63027] milliseconds
28-Jan-2025 16:36:06.352 INFO [Thread-4] org.apache.coyote.AbstractProtocol.pause Pausing ProtocolHandler ["http-nio-2992"]
28-Jan-2025 16:36:06.447 INFO [Thread-4] org.apache.catalina.core.StandardService.stopInternal Stopping service [Catalina]
28-Jan-2025 16:36:06.463 WARNING [Thread-4] org.apache.catalina.loader.WebappClassLoaderBase.clearReferencesJdbc The web application [medi-sales] registered the JDBC driver [com.mysql.cj.jdbc.Driver] but failed to unregister it when the web application was stopped. To prevent a memory leak, the JDBC Driver has been forcibly unregistered.
28-Jan-2025 16:36:06.464 WARNING [Thread-4] org.apache.catalina.loader.WebappClassLoaderBase.clearReferencesThreads The web application [medi-sales] appears to have started a thread named [mysql-cj-abandoned-connection-cleanup] but has failed to stop it. This is very likely to create a memory leak. Stack trace of thread:
 java.lang.Object.wait(Native Method)
 java.lang.ref.ReferenceQueue.remove(ReferenceQueue.java:144)
 com.mysql.cj.jdbc.AbandonedConnectionCleanupThread.run(AbandonedConnectionCleanupThread.java:91)
 java.util.concurrent.ThreadPoolExecutor.runWorker(ThreadPoolExecutor.java:1149)
 java.util.concurrent.ThreadPoolExecutor$Worker.run(ThreadPoolExecutor.java:624)
 java.lang.Thread.run(Thread.java:748)
28-Jan-2025 16:36:06.468 INFO [Thread-4] org.apache.coyote.AbstractProtocol.stop Stopping ProtocolHandler ["http-nio-2992"]
28-Jan-2025 16:36:06.496 INFO [Thread-4] org.apache.coyote.AbstractProtocol.destroy Destroying ProtocolHandler ["http-nio-2992"]
28-Jan-2025 18:06:57.837 INFO [main] org.apache.catalina.startup.VersionLoggerListener.log Server version name:   Apache Tomcat/9.0.38
28-Jan-2025 18:06:58.146 INFO [main] org.apache.catalina.startup.VersionLoggerListener.log Server built:          Sep 10 2020 08:20:30 UTC
28-Jan-2025 18:06:58.147 INFO [main] org.apache.catalina.startup.VersionLoggerListener.log Server version number: 9.0.38.0
28-Jan-2025 18:06:58.149 INFO [main] org.apache.catalina.startup.VersionLoggerListener.log OS Name:               Windows 10
28-Jan-2025 18:06:58.150 INFO [main] org.apache.catalina.startup.VersionLoggerListener.log OS Version:            10.0
28-Jan-2025 18:06:58.150 INFO [main] org.apache.catalina.startup.VersionLoggerListener.log Architecture:          amd64
28-Jan-2025 18:06:58.150 INFO [main] org.apache.catalina.startup.VersionLoggerListener.log Java Home:             C:\Program Files\Java\jdk1.8.0_261\jre
28-Jan-2025 18:06:58.150 INFO [main] org.apache.catalina.startup.VersionLoggerListener.log JVM Version:           1.8.0_261-b12
28-Jan-2025 18:06:58.150 INFO [main] org.apache.catalina.startup.VersionLoggerListener.log JVM Vendor:            Oracle Corporation
28-Jan-2025 18:06:58.151 INFO [main] org.apache.catalina.startup.VersionLoggerListener.log CATALINA_BASE:         C:\Users\sowmya29\IdeaProjects\medi-sales\src\main\webapp
28-Jan-2025 18:06:58.151 INFO [main] org.apache.catalina.startup.VersionLoggerListener.log CATALINA_HOME:         C:\Users\sowmya29\OneDrive\Documents\apache-tomcat-9.0.38-windows-x64\apache-tomcat-9.0.38
28-Jan-2025 18:06:58.580 INFO [main] org.apache.catalina.startup.VersionLoggerListener.log Command line argument: -Dcatalina.home=C:\Users\sowmya29\OneDrive\Documents\apache-tomcat-9.0.38-windows-x64\apache-tomcat-9.0.38
28-Jan-2025 18:06:58.580 INFO [main] org.apache.catalina.startup.VersionLoggerListener.log Command line argument: -Dcatalina.base=C:\Users\sowmya29\IdeaProjects\medi-sales\src\main\webapp
28-Jan-2025 18:06:58.581 INFO [main] org.apache.catalina.startup.VersionLoggerListener.log Command line argument: -Djava.io.tmpdir=C:\Users\sowmya29\IdeaProjects\medi-sales\src\main\webapp\temp
28-Jan-2025 18:06:58.581 INFO [main] org.apache.catalina.startup.VersionLoggerListener.log Command line argument: -Djava.util.logging.config.file=C:\Users\sowmya29\IdeaProjects\medi-sales\src\main\webapp\conf\logging.properties
28-Jan-2025 18:06:58.581 INFO [main] org.apache.catalina.startup.VersionLoggerListener.log Command line argument: -Djava.util.logging.manager=org.apache.juli.ClassLoaderLogManager
28-Jan-2025 18:06:58.581 INFO [main] org.apache.catalina.startup.VersionLoggerListener.log Command line argument: -javaagent:C:\Program Files\JetBrains\IntelliJ IDEA Community Edition 2024.1.4\lib\idea_rt.jar=50064:C:\Program Files\JetBrains\IntelliJ IDEA Community Edition 2024.1.4\bin
28-Jan-2025 18:06:58.581 INFO [main] org.apache.catalina.startup.VersionLoggerListener.log Command line argument: -Dfile.encoding=UTF-8
28-Jan-2025 18:06:59.172 INFO [main] org.apache.catalina.core.AprLifecycleListener.lifecycleEvent Loaded Apache Tomcat Native library [1.2.25] using APR version [1.7.0].
28-Jan-2025 18:06:59.173 INFO [main] org.apache.catalina.core.AprLifecycleListener.lifecycleEvent APR capabilities: IPv6 [true], sendfile [true], accept filters [false], random [true].
28-Jan-2025 18:06:59.173 INFO [main] org.apache.catalina.core.AprLifecycleListener.lifecycleEvent APR/OpenSSL configuration: useAprConnector [false], useOpenSSL [true]
28-Jan-2025 18:07:00.024 INFO [main] org.apache.catalina.core.AprLifecycleListener.initializeSSL OpenSSL successfully initialized [OpenSSL 1.1.1g  21 Apr 2020]
28-Jan-2025 18:07:12.655 INFO [main] org.apache.coyote.AbstractProtocol.init Initializing ProtocolHandler ["http-nio-2992"]
28-Jan-2025 18:07:13.720 INFO [main] org.apache.catalina.startup.Catalina.load Server initialization in [19144] milliseconds
28-Jan-2025 18:07:14.171 INFO [main] org.apache.catalina.core.StandardService.startInternal Starting service [Catalina]
28-Jan-2025 18:07:14.172 INFO [main] org.apache.catalina.core.StandardEngine.startInternal Starting Servlet engine: [Apache Tomcat/9.0.38]
28-Jan-2025 18:07:14.225 INFO [main] org.apache.catalina.startup.HostConfig.deployDescriptor Deploying deployment descriptor [C:\Users\sowmya29\IdeaProjects\medi-sales\src\main\webapp\conf\Catalina\localhost\medi-sales.xml]
28-Jan-2025 18:09:59.057 INFO [main] org.apache.jasper.servlet.TldScanner.scanJars At least one JAR was scanned for TLDs yet contained no TLDs. Enable debug logging for this logger for a complete list of JARs that were scanned but no TLDs were found in them. Skipping unneeded JARs during scanning can improve startup time and JSP compilation time.
28-Jan-2025 18:40:57.739 INFO [main] org.apache.catalina.startup.VersionLoggerListener.log Server version name:   Apache Tomcat/9.0.38
28-Jan-2025 18:40:57.742 INFO [main] org.apache.catalina.startup.VersionLoggerListener.log Server built:          Sep 10 2020 08:20:30 UTC
28-Jan-2025 18:40:57.742 INFO [main] org.apache.catalina.startup.VersionLoggerListener.log Server version number: 9.0.38.0
28-Jan-2025 18:40:57.742 INFO [main] org.apache.catalina.startup.VersionLoggerListener.log OS Name:               Windows 10
28-Jan-2025 18:40:57.742 INFO [main] org.apache.catalina.startup.VersionLoggerListener.log OS Version:            10.0
28-Jan-2025 18:40:57.742 INFO [main] org.apache.catalina.startup.VersionLoggerListener.log Architecture:          amd64
28-Jan-2025 18:40:57.742 INFO [main] org.apache.catalina.startup.VersionLoggerListener.log Java Home:             C:\Program Files\Java\jdk1.8.0_261\jre
28-Jan-2025 18:40:57.742 INFO [main] org.apache.catalina.startup.VersionLoggerListener.log JVM Version:           1.8.0_261-b12
28-Jan-2025 18:40:57.742 INFO [main] org.apache.catalina.startup.VersionLoggerListener.log JVM Vendor:            Oracle Corporation
28-Jan-2025 18:40:57.742 INFO [main] org.apache.catalina.startup.VersionLoggerListener.log CATALINA_BASE:         C:\Users\sowmya29\IdeaProjects\medi-sales\src\main\webapp
28-Jan-2025 18:40:57.742 INFO [main] org.apache.catalina.startup.VersionLoggerListener.log CATALINA_HOME:         C:\Users\sowmya29\OneDrive\Documents\apache-tomcat-9.0.38-windows-x64\apache-tomcat-9.0.38
28-Jan-2025 18:40:57.805 INFO [main] org.apache.catalina.startup.VersionLoggerListener.log Command line argument: -Dcatalina.home=C:\Users\sowmya29\OneDrive\Documents\apache-tomcat-9.0.38-windows-x64\apache-tomcat-9.0.38
28-Jan-2025 18:40:57.805 INFO [main] org.apache.catalina.startup.VersionLoggerListener.log Command line argument: -Dcatalina.base=C:\Users\sowmya29\IdeaProjects\medi-sales\src\main\webapp
28-Jan-2025 18:40:57.805 INFO [main] org.apache.catalina.startup.VersionLoggerListener.log Command line argument: -Djava.io.tmpdir=C:\Users\sowmya29\IdeaProjects\medi-sales\src\main\webapp\temp
28-Jan-2025 18:40:57.805 INFO [main] org.apache.catalina.startup.VersionLoggerListener.log Command line argument: -Djava.util.logging.config.file=C:\Users\sowmya29\IdeaProjects\medi-sales\src\main\webapp\conf\logging.properties
28-Jan-2025 18:40:57.805 INFO [main] org.apache.catalina.startup.VersionLoggerListener.log Command line argument: -Djava.util.logging.manager=org.apache.juli.ClassLoaderLogManager
28-Jan-2025 18:40:57.805 INFO [main] org.apache.catalina.startup.VersionLoggerListener.log Command line argument: -javaagent:C:\Program Files\JetBrains\IntelliJ IDEA Community Edition 2024.1.4\lib\idea_rt.jar=50255:C:\Program Files\JetBrains\IntelliJ IDEA Community Edition 2024.1.4\bin
28-Jan-2025 18:40:57.805 INFO [main] org.apache.catalina.startup.VersionLoggerListener.log Command line argument: -Dfile.encoding=UTF-8
28-Jan-2025 18:40:58.041 INFO [main] org.apache.catalina.core.AprLifecycleListener.lifecycleEvent Loaded Apache Tomcat Native library [1.2.25] using APR version [1.7.0].
28-Jan-2025 18:40:58.041 INFO [main] org.apache.catalina.core.AprLifecycleListener.lifecycleEvent APR capabilities: IPv6 [true], sendfile [true], accept filters [false], random [true].
28-Jan-2025 18:40:58.041 INFO [main] org.apache.catalina.core.AprLifecycleListener.lifecycleEvent APR/OpenSSL configuration: useAprConnector [false], useOpenSSL [true]
28-Jan-2025 18:40:58.408 INFO [main] org.apache.catalina.core.AprLifecycleListener.initializeSSL OpenSSL successfully initialized [OpenSSL 1.1.1g  21 Apr 2020]
28-Jan-2025 18:40:59.623 INFO [main] org.apache.coyote.AbstractProtocol.init Initializing ProtocolHandler ["http-nio-2992"]
28-Jan-2025 18:40:59.745 INFO [main] org.apache.catalina.startup.Catalina.load Server initialization in [3904] milliseconds
28-Jan-2025 18:40:59.953 INFO [main] org.apache.catalina.core.StandardService.startInternal Starting service [Catalina]
28-Jan-2025 18:40:59.953 INFO [main] org.apache.catalina.core.StandardEngine.startInternal Starting Servlet engine: [Apache Tomcat/9.0.38]
28-Jan-2025 18:40:59.961 INFO [main] org.apache.catalina.startup.HostConfig.deployDescriptor Deploying deployment descriptor [C:\Users\sowmya29\IdeaProjects\medi-sales\src\main\webapp\conf\Catalina\localhost\medi-sales.xml]
28-Jan-2025 18:41:22.366 INFO [main] org.apache.jasper.servlet.TldScanner.scanJars At least one JAR was scanned for TLDs yet contained no TLDs. Enable debug logging for this logger for a complete list of JARs that were scanned but no TLDs were found in them. Skipping unneeded JARs during scanning can improve startup time and JSP compilation time.
28-Jan-2025 18:41:39.802 INFO [main] org.apache.catalina.startup.HostConfig.deployDescriptor Deployment of deployment descriptor [C:\Users\sowmya29\IdeaProjects\medi-sales\src\main\webapp\conf\Catalina\localhost\medi-sales.xml] has finished in [39,840] ms
28-Jan-2025 18:41:39.837 INFO [main] org.apache.coyote.AbstractProtocol.start Starting ProtocolHandler ["http-nio-2992"]
28-Jan-2025 18:41:39.872 INFO [main] org.apache.catalina.startup.Catalina.start Server startup in [40127] milliseconds
28-Jan-2025 18:54:30.113 INFO [Thread-4] org.apache.coyote.AbstractProtocol.pause Pausing ProtocolHandler ["http-nio-2992"]
28-Jan-2025 18:54:30.348 INFO [Thread-4] org.apache.catalina.core.StandardService.stopInternal Stopping service [Catalina]
28-Jan-2025 18:54:30.613 WARNING [Thread-4] org.apache.catalina.loader.WebappClassLoaderBase.clearReferencesJdbc The web application [medi-sales] registered the JDBC driver [com.mysql.cj.jdbc.Driver] but failed to unregister it when the web application was stopped. To prevent a memory leak, the JDBC Driver has been forcibly unregistered.
28-Jan-2025 18:54:30.613 WARNING [Thread-4] org.apache.catalina.loader.WebappClassLoaderBase.clearReferencesThreads The web application [medi-sales] appears to have started a thread named [mysql-cj-abandoned-connection-cleanup] but has failed to stop it. This is very likely to create a memory leak. Stack trace of thread:
 java.lang.Object.wait(Native Method)
 java.lang.ref.ReferenceQueue.remove(ReferenceQueue.java:144)
 com.mysql.cj.jdbc.AbandonedConnectionCleanupThread.run(AbandonedConnectionCleanupThread.java:91)
 java.util.concurrent.ThreadPoolExecutor.runWorker(ThreadPoolExecutor.java:1149)
 java.util.concurrent.ThreadPoolExecutor$Worker.run(ThreadPoolExecutor.java:624)
 java.lang.Thread.run(Thread.java:748)
28-Jan-2025 18:54:30.723 INFO [Thread-4] org.apache.coyote.AbstractProtocol.stop Stopping ProtocolHandler ["http-nio-2992"]
28-Jan-2025 18:54:30.816 INFO [Thread-4] org.apache.coyote.AbstractProtocol.destroy Destroying ProtocolHandler ["http-nio-2992"]
28-Jan-2025 19:27:52.241 INFO [main] org.apache.catalina.startup.VersionLoggerListener.log Server version name:   Apache Tomcat/9.0.38
28-Jan-2025 19:27:52.579 INFO [main] org.apache.catalina.startup.VersionLoggerListener.log Server built:          Sep 10 2020 08:20:30 UTC
28-Jan-2025 19:27:52.579 INFO [main] org.apache.catalina.startup.VersionLoggerListener.log Server version number: 9.0.38.0
28-Jan-2025 19:27:52.579 INFO [main] org.apache.catalina.startup.VersionLoggerListener.log OS Name:               Windows 10
28-Jan-2025 19:27:52.579 INFO [main] org.apache.catalina.startup.VersionLoggerListener.log OS Version:            10.0
28-Jan-2025 19:27:52.580 INFO [main] org.apache.catalina.startup.VersionLoggerListener.log Architecture:          amd64
28-Jan-2025 19:27:52.580 INFO [main] org.apache.catalina.startup.VersionLoggerListener.log Java Home:             C:\Program Files\Java\jdk1.8.0_261\jre
28-Jan-2025 19:27:52.580 INFO [main] org.apache.catalina.startup.VersionLoggerListener.log JVM Version:           1.8.0_261-b12
28-Jan-2025 19:27:52.580 INFO [main] org.apache.catalina.startup.VersionLoggerListener.log JVM Vendor:            Oracle Corporation
28-Jan-2025 19:27:52.580 INFO [main] org.apache.catalina.startup.VersionLoggerListener.log CATALINA_BASE:         C:\Users\sowmya29\IdeaProjects\medi-sales\src\main\webapp
28-Jan-2025 19:27:52.580 INFO [main] org.apache.catalina.startup.VersionLoggerListener.log CATALINA_HOME:         C:\Users\sowmya29\OneDrive\Documents\apache-tomcat-9.0.38-windows-x64\apache-tomcat-9.0.38
28-Jan-2025 19:27:53.735 INFO [main] org.apache.catalina.startup.VersionLoggerListener.log Command line argument: -Dcatalina.home=C:\Users\sowmya29\OneDrive\Documents\apache-tomcat-9.0.38-windows-x64\apache-tomcat-9.0.38
28-Jan-2025 19:27:53.736 INFO [main] org.apache.catalina.startup.VersionLoggerListener.log Command line argument: -Dcatalina.base=C:\Users\sowmya29\IdeaProjects\medi-sales\src\main\webapp
28-Jan-2025 19:27:53.736 INFO [main] org.apache.catalina.startup.VersionLoggerListener.log Command line argument: -Djava.io.tmpdir=C:\Users\sowmya29\IdeaProjects\medi-sales\src\main\webapp\temp
28-Jan-2025 19:27:53.736 INFO [main] org.apache.catalina.startup.VersionLoggerListener.log Command line argument: -Djava.util.logging.config.file=C:\Users\sowmya29\IdeaProjects\medi-sales\src\main\webapp\conf\logging.properties
28-Jan-2025 19:27:53.736 INFO [main] org.apache.catalina.startup.VersionLoggerListener.log Command line argument: -Djava.util.logging.manager=org.apache.juli.ClassLoaderLogManager
28-Jan-2025 19:27:53.737 INFO [main] org.apache.catalina.startup.VersionLoggerListener.log Command line argument: -javaagent:C:\Program Files\JetBrains\IntelliJ IDEA Community Edition 2024.1.4\lib\idea_rt.jar=50395:C:\Program Files\JetBrains\IntelliJ IDEA Community Edition 2024.1.4\bin
28-Jan-2025 19:27:53.737 INFO [main] org.apache.catalina.startup.VersionLoggerListener.log Command line argument: -Dfile.encoding=UTF-8
28-Jan-2025 19:27:54.012 INFO [main] org.apache.catalina.core.AprLifecycleListener.lifecycleEvent Loaded Apache Tomcat Native library [1.2.25] using APR version [1.7.0].
28-Jan-2025 19:27:54.013 INFO [main] org.apache.catalina.core.AprLifecycleListener.lifecycleEvent APR capabilities: IPv6 [true], sendfile [true], accept filters [false], random [true].
28-Jan-2025 19:27:54.013 INFO [main] org.apache.catalina.core.AprLifecycleListener.lifecycleEvent APR/OpenSSL configuration: useAprConnector [false], useOpenSSL [true]
28-Jan-2025 19:27:54.023 INFO [main] org.apache.catalina.core.AprLifecycleListener.initializeSSL OpenSSL successfully initialized [OpenSSL 1.1.1g  21 Apr 2020]
28-Jan-2025 19:28:18.875 INFO [main] org.apache.coyote.AbstractProtocol.init Initializing ProtocolHandler ["http-nio-2992"]
28-Jan-2025 19:28:21.627 INFO [main] org.apache.catalina.startup.Catalina.load Server initialization in [35631] milliseconds
28-Jan-2025 19:28:23.846 INFO [main] org.apache.catalina.core.StandardService.startInternal Starting service [Catalina]
28-Jan-2025 19:28:23.846 INFO [main] org.apache.catalina.core.StandardEngine.startInternal Starting Servlet engine: [Apache Tomcat/9.0.38]
28-Jan-2025 19:28:23.862 INFO [main] org.apache.catalina.startup.HostConfig.deployDescriptor Deploying deployment descriptor [C:\Users\sowmya29\IdeaProjects\medi-sales\src\main\webapp\conf\Catalina\localhost\medi-sales.xml]
28-Jan-2025 19:29:13.169 INFO [main] org.apache.jasper.servlet.TldScanner.scanJars At least one JAR was scanned for TLDs yet contained no TLDs. Enable debug logging for this logger for a complete list of JARs that were scanned but no TLDs were found in them. Skipping unneeded JARs during scanning can improve startup time and JSP compilation time.
28-Jan-2025 19:31:33.596 INFO [main] org.apache.catalina.startup.HostConfig.deployDescriptor Deployment of deployment descriptor [C:\Users\sowmya29\IdeaProjects\medi-sales\src\main\webapp\conf\Catalina\localhost\medi-sales.xml] has finished in [189,734] ms
28-Jan-2025 19:31:33.892 INFO [main] org.apache.coyote.AbstractProtocol.start Starting ProtocolHandler ["http-nio-2992"]
28-Jan-2025 19:31:34.236 INFO [main] org.apache.catalina.startup.Catalina.start Server startup in [192617] milliseconds
28-Jan-2025 19:44:44.973 INFO [Thread-4] org.apache.coyote.AbstractProtocol.pause Pausing ProtocolHandler ["http-nio-2992"]
28-Jan-2025 19:44:45.117 INFO [Thread-4] org.apache.catalina.core.StandardService.stopInternal Stopping service [Catalina]
28-Jan-2025 19:44:45.255 WARNING [Thread-4] org.apache.catalina.loader.WebappClassLoaderBase.clearReferencesJdbc The web application [medi-sales] registered the JDBC driver [com.mysql.cj.jdbc.Driver] but failed to unregister it when the web application was stopped. To prevent a memory leak, the JDBC Driver has been forcibly unregistered.
28-Jan-2025 19:44:45.257 WARNING [Thread-4] org.apache.catalina.loader.WebappClassLoaderBase.clearReferencesThreads The web application [medi-sales] appears to have started a thread named [mysql-cj-abandoned-connection-cleanup] but has failed to stop it. This is very likely to create a memory leak. Stack trace of thread:
 java.lang.Object.wait(Native Method)
 java.lang.ref.ReferenceQueue.remove(ReferenceQueue.java:144)
 com.mysql.cj.jdbc.AbandonedConnectionCleanupThread.run(AbandonedConnectionCleanupThread.java:91)
 java.util.concurrent.ThreadPoolExecutor.runWorker(ThreadPoolExecutor.java:1149)
 java.util.concurrent.ThreadPoolExecutor$Worker.run(ThreadPoolExecutor.java:624)
 java.lang.Thread.run(Thread.java:748)
28-Jan-2025 19:44:45.535 INFO [Thread-4] org.apache.coyote.AbstractProtocol.stop Stopping ProtocolHandler ["http-nio-2992"]
28-Jan-2025 19:44:45.540 INFO [Thread-4] org.apache.coyote.AbstractProtocol.destroy Destroying ProtocolHandler ["http-nio-2992"]
28-Jan-2025 20:37:27.246 INFO [main] org.apache.catalina.startup.VersionLoggerListener.log Server version name:   Apache Tomcat/9.0.38
28-Jan-2025 20:37:27.329 INFO [main] org.apache.catalina.startup.VersionLoggerListener.log Server built:          Sep 10 2020 08:20:30 UTC
28-Jan-2025 20:37:27.329 INFO [main] org.apache.catalina.startup.VersionLoggerListener.log Server version number: 9.0.38.0
28-Jan-2025 20:37:27.329 INFO [main] org.apache.catalina.startup.VersionLoggerListener.log OS Name:               Windows 10
28-Jan-2025 20:37:27.329 INFO [main] org.apache.catalina.startup.VersionLoggerListener.log OS Version:            10.0
28-Jan-2025 20:37:27.329 INFO [main] org.apache.catalina.startup.VersionLoggerListener.log Architecture:          amd64
28-Jan-2025 20:37:27.329 INFO [main] org.apache.catalina.startup.VersionLoggerListener.log Java Home:             C:\Program Files\Java\jdk1.8.0_261\jre
28-Jan-2025 20:37:27.329 INFO [main] org.apache.catalina.startup.VersionLoggerListener.log JVM Version:           1.8.0_261-b12
28-Jan-2025 20:37:27.330 INFO [main] org.apache.catalina.startup.VersionLoggerListener.log JVM Vendor:            Oracle Corporation
28-Jan-2025 20:37:27.330 INFO [main] org.apache.catalina.startup.VersionLoggerListener.log CATALINA_BASE:         C:\Users\sowmya29\IdeaProjects\medi-sales\src\main\webapp
28-Jan-2025 20:37:27.330 INFO [main] org.apache.catalina.startup.VersionLoggerListener.log CATALINA_HOME:         C:\Users\sowmya29\OneDrive\Documents\apache-tomcat-9.0.38-windows-x64\apache-tomcat-9.0.38
28-Jan-2025 20:37:27.386 INFO [main] org.apache.catalina.startup.VersionLoggerListener.log Command line argument: -Dcatalina.home=C:\Users\sowmya29\OneDrive\Documents\apache-tomcat-9.0.38-windows-x64\apache-tomcat-9.0.38
28-Jan-2025 20:37:27.387 INFO [main] org.apache.catalina.startup.VersionLoggerListener.log Command line argument: -Dcatalina.base=C:\Users\sowmya29\IdeaProjects\medi-sales\src\main\webapp
28-Jan-2025 20:37:27.387 INFO [main] org.apache.catalina.startup.VersionLoggerListener.log Command line argument: -Djava.io.tmpdir=C:\Users\sowmya29\IdeaProjects\medi-sales\src\main\webapp\temp
28-Jan-2025 20:37:27.387 INFO [main] org.apache.catalina.startup.VersionLoggerListener.log Command line argument: -Djava.util.logging.config.file=C:\Users\sowmya29\IdeaProjects\medi-sales\src\main\webapp\conf\logging.properties
28-Jan-2025 20:37:27.387 INFO [main] org.apache.catalina.startup.VersionLoggerListener.log Command line argument: -Djava.util.logging.manager=org.apache.juli.ClassLoaderLogManager
28-Jan-2025 20:37:27.387 INFO [main] org.apache.catalina.startup.VersionLoggerListener.log Command line argument: -javaagent:C:\Program Files\JetBrains\IntelliJ IDEA Community Edition 2024.1.4\lib\idea_rt.jar=53784:C:\Program Files\JetBrains\IntelliJ IDEA Community Edition 2024.1.4\bin
28-Jan-2025 20:37:27.387 INFO [main] org.apache.catalina.startup.VersionLoggerListener.log Command line argument: -Dfile.encoding=UTF-8
28-Jan-2025 20:37:27.498 INFO [main] org.apache.catalina.core.AprLifecycleListener.lifecycleEvent Loaded Apache Tomcat Native library [1.2.25] using APR version [1.7.0].
28-Jan-2025 20:37:27.499 INFO [main] org.apache.catalina.core.AprLifecycleListener.lifecycleEvent APR capabilities: IPv6 [true], sendfile [true], accept filters [false], random [true].
28-Jan-2025 20:37:27.499 INFO [main] org.apache.catalina.core.AprLifecycleListener.lifecycleEvent APR/OpenSSL configuration: useAprConnector [false], useOpenSSL [true]
28-Jan-2025 20:37:27.630 INFO [main] org.apache.catalina.core.AprLifecycleListener.initializeSSL OpenSSL successfully initialized [OpenSSL 1.1.1g  21 Apr 2020]
28-Jan-2025 20:37:29.274 INFO [main] org.apache.coyote.AbstractProtocol.init Initializing ProtocolHandler ["http-nio-2992"]
28-Jan-2025 20:37:29.540 INFO [main] org.apache.catalina.startup.Catalina.load Server initialization in [3401] milliseconds
28-Jan-2025 20:37:29.646 INFO [main] org.apache.catalina.core.StandardService.startInternal Starting service [Catalina]
28-Jan-2025 20:37:29.646 INFO [main] org.apache.catalina.core.StandardEngine.startInternal Starting Servlet engine: [Apache Tomcat/9.0.38]
28-Jan-2025 20:37:29.702 INFO [main] org.apache.catalina.startup.HostConfig.deployDescriptor Deploying deployment descriptor [C:\Users\sowmya29\IdeaProjects\medi-sales\src\main\webapp\conf\Catalina\localhost\medi-sales.xml]
28-Jan-2025 20:37:40.775 INFO [main] org.apache.jasper.servlet.TldScanner.scanJars At least one JAR was scanned for TLDs yet contained no TLDs. Enable debug logging for this logger for a complete list of JARs that were scanned but no TLDs were found in them. Skipping unneeded JARs during scanning can improve startup time and JSP compilation time.
28-Jan-2025 20:37:49.548 INFO [main] org.apache.catalina.startup.HostConfig.deployDescriptor Deployment of deployment descriptor [C:\Users\sowmya29\IdeaProjects\medi-sales\src\main\webapp\conf\Catalina\localhost\medi-sales.xml] has finished in [19,845] ms
28-Jan-2025 20:37:49.552 INFO [main] org.apache.coyote.AbstractProtocol.start Starting ProtocolHandler ["http-nio-2992"]
28-Jan-2025 20:37:49.576 INFO [main] org.apache.catalina.startup.Catalina.start Server startup in [20036] milliseconds
28-Jan-2025 20:41:31.699 INFO [Thread-4] org.apache.coyote.AbstractProtocol.pause Pausing ProtocolHandler ["http-nio-2992"]
28-Jan-2025 20:41:31.788 INFO [Thread-4] org.apache.catalina.core.StandardService.stopInternal Stopping service [Catalina]
28-Jan-2025 20:41:31.843 WARNING [Thread-4] org.apache.catalina.loader.WebappClassLoaderBase.clearReferencesJdbc The web application [medi-sales] registered the JDBC driver [com.mysql.cj.jdbc.Driver] but failed to unregister it when the web application was stopped. To prevent a memory leak, the JDBC Driver has been forcibly unregistered.
28-Jan-2025 20:41:31.844 WARNING [Thread-4] org.apache.catalina.loader.WebappClassLoaderBase.clearReferencesThreads The web application [medi-sales] appears to have started a thread named [mysql-cj-abandoned-connection-cleanup] but has failed to stop it. This is very likely to create a memory leak. Stack trace of thread:
 java.lang.Object.wait(Native Method)
 java.lang.ref.ReferenceQueue.remove(ReferenceQueue.java:144)
 com.mysql.cj.jdbc.AbandonedConnectionCleanupThread.run(AbandonedConnectionCleanupThread.java:91)
 java.util.concurrent.ThreadPoolExecutor.runWorker(ThreadPoolExecutor.java:1149)
 java.util.concurrent.ThreadPoolExecutor$Worker.run(ThreadPoolExecutor.java:624)
 java.lang.Thread.run(Thread.java:748)
28-Jan-2025 20:41:31.903 INFO [Thread-4] org.apache.coyote.AbstractProtocol.stop Stopping ProtocolHandler ["http-nio-2992"]
28-Jan-2025 20:41:31.941 INFO [mysql-cj-abandoned-connection-cleanup] org.apache.catalina.loader.WebappClassLoaderBase.checkStateForResourceLoading Illegal access: this web application instance has been stopped already. Could not load []. The following stack trace is thrown for debugging purposes as well as to attempt to terminate the thread which caused the illegal access.
	java.lang.IllegalStateException: Illegal access: this web application instance has been stopped already. Could not load []. The following stack trace is thrown for debugging purposes as well as to attempt to terminate the thread which caused the illegal access.
		at org.apache.catalina.loader.WebappClassLoaderBase.checkStateForResourceLoading(WebappClassLoaderBase.java:1385)
		at org.apache.catalina.loader.WebappClassLoaderBase.getResource(WebappClassLoaderBase.java:1038)
		at com.mysql.cj.jdbc.AbandonedConnectionCleanupThread.checkThreadContextClassLoader(AbandonedConnectionCleanupThread.java:123)
		at com.mysql.cj.jdbc.AbandonedConnectionCleanupThread.run(AbandonedConnectionCleanupThread.java:90)
		at java.util.concurrent.ThreadPoolExecutor.runWorker(ThreadPoolExecutor.java:1149)
		at java.util.concurrent.ThreadPoolExecutor$Worker.run(ThreadPoolExecutor.java:624)
		at java.lang.Thread.run(Thread.java:748)
28-Jan-2025 20:41:31.958 INFO [Thread-4] org.apache.coyote.AbstractProtocol.destroy Destroying ProtocolHandler ["http-nio-2992"]
