24-Jan-2025 00:19:16.258 INFO [main] org.apache.catalina.startup.VersionLoggerListener.log Server version name:   Apache Tomcat/9.0.38
24-Jan-2025 00:19:16.263 INFO [main] org.apache.catalina.startup.VersionLoggerListener.log Server built:          Sep 10 2020 08:20:30 UTC
24-Jan-2025 00:19:16.264 INFO [main] org.apache.catalina.startup.VersionLoggerListener.log Server version number: 9.0.38.0
24-Jan-2025 00:19:16.264 INFO [main] org.apache.catalina.startup.VersionLoggerListener.log OS Name:               Windows 10
24-Jan-2025 00:19:16.264 INFO [main] org.apache.catalina.startup.VersionLoggerListener.log OS Version:            10.0
24-Jan-2025 00:19:16.264 INFO [main] org.apache.catalina.startup.VersionLoggerListener.log Architecture:          amd64
24-Jan-2025 00:19:16.264 INFO [main] org.apache.catalina.startup.VersionLoggerListener.log Java Home:             C:\Program Files\Java\jdk1.8.0_261\jre
24-Jan-2025 00:19:16.264 INFO [main] org.apache.catalina.startup.VersionLoggerListener.log JVM Version:           1.8.0_261-b12
24-Jan-2025 00:19:16.264 INFO [main] org.apache.catalina.startup.VersionLoggerListener.log JVM Vendor:            Oracle Corporation
24-Jan-2025 00:19:16.264 INFO [main] org.apache.catalina.startup.VersionLoggerListener.log CATALINA_BASE:         C:\Users\sowmya29\IdeaProjects\medi-sales\src\main\webapp
24-Jan-2025 00:19:16.264 INFO [main] org.apache.catalina.startup.VersionLoggerListener.log CATALINA_HOME:         C:\Users\sowmya29\OneDrive\Documents\apache-tomcat-9.0.38-windows-x64\apache-tomcat-9.0.38
24-Jan-2025 00:19:16.331 INFO [main] org.apache.catalina.startup.VersionLoggerListener.log Command line argument: -Dcatalina.home=C:\Users\sowmya29\OneDrive\Documents\apache-tomcat-9.0.38-windows-x64\apache-tomcat-9.0.38
24-Jan-2025 00:19:16.331 INFO [main] org.apache.catalina.startup.VersionLoggerListener.log Command line argument: -Dcatalina.base=C:\Users\sowmya29\IdeaProjects\medi-sales\src\main\webapp
24-Jan-2025 00:19:16.332 INFO [main] org.apache.catalina.startup.VersionLoggerListener.log Command line argument: -Djava.io.tmpdir=C:\Users\sowmya29\IdeaProjects\medi-sales\src\main\webapp\temp
24-Jan-2025 00:19:16.332 INFO [main] org.apache.catalina.startup.VersionLoggerListener.log Command line argument: -Djava.util.logging.config.file=C:\Users\sowmya29\IdeaProjects\medi-sales\src\main\webapp\conf\logging.properties
24-Jan-2025 00:19:16.332 INFO [main] org.apache.catalina.startup.VersionLoggerListener.log Command line argument: -Djava.util.logging.manager=org.apache.juli.ClassLoaderLogManager
24-Jan-2025 00:19:16.332 INFO [main] org.apache.catalina.startup.VersionLoggerListener.log Command line argument: -javaagent:C:\Program Files\JetBrains\IntelliJ IDEA Community Edition 2024.1.4\lib\idea_rt.jar=56880:C:\Program Files\JetBrains\IntelliJ IDEA Community Edition 2024.1.4\bin
24-Jan-2025 00:19:16.332 INFO [main] org.apache.catalina.startup.VersionLoggerListener.log Command line argument: -Dfile.encoding=UTF-8
24-Jan-2025 00:19:16.517 INFO [main] org.apache.catalina.core.AprLifecycleListener.lifecycleEvent Loaded Apache Tomcat Native library [1.2.25] using APR version [1.7.0].
24-Jan-2025 00:19:16.517 INFO [main] org.apache.catalina.core.AprLifecycleListener.lifecycleEvent APR capabilities: IPv6 [true], sendfile [true], accept filters [false], random [true].
24-Jan-2025 00:19:16.517 INFO [main] org.apache.catalina.core.AprLifecycleListener.lifecycleEvent APR/OpenSSL configuration: useAprConnector [false], useOpenSSL [true]
24-Jan-2025 00:19:16.523 INFO [main] org.apache.catalina.core.AprLifecycleListener.initializeSSL OpenSSL successfully initialized [OpenSSL 1.1.1g  21 Apr 2020]
24-Jan-2025 00:19:17.704 INFO [main] org.apache.coyote.AbstractProtocol.init Initializing ProtocolHandler ["http-nio-2992"]
24-Jan-2025 00:19:17.888 INFO [main] org.apache.catalina.startup.Catalina.load Server initialization in [2285] milliseconds
24-Jan-2025 00:19:17.959 INFO [main] org.apache.catalina.core.StandardService.startInternal Starting service [Catalina]
24-Jan-2025 00:19:17.959 INFO [main] org.apache.catalina.core.StandardEngine.startInternal Starting Servlet engine: [Apache Tomcat/9.0.38]
24-Jan-2025 00:19:17.974 INFO [main] org.apache.catalina.startup.HostConfig.deployDescriptor Deploying deployment descriptor [C:\Users\sowmya29\IdeaProjects\medi-sales\src\main\webapp\conf\Catalina\localhost\medi-sales.xml]
24-Jan-2025 00:19:22.676 INFO [main] org.apache.jasper.servlet.TldScanner.scanJars At least one JAR was scanned for TLDs yet contained no TLDs. Enable debug logging for this logger for a complete list of JARs that were scanned but no TLDs were found in them. Skipping unneeded JARs during scanning can improve startup time and JSP compilation time.
24-Jan-2025 00:19:27.721 INFO [main] org.apache.catalina.startup.HostConfig.deployDescriptor Deployment of deployment descriptor [C:\Users\sowmya29\IdeaProjects\medi-sales\src\main\webapp\conf\Catalina\localhost\medi-sales.xml] has finished in [9,746] ms
24-Jan-2025 00:19:27.726 INFO [main] org.apache.coyote.AbstractProtocol.start Starting ProtocolHandler ["http-nio-2992"]
24-Jan-2025 00:19:27.732 INFO [main] org.apache.catalina.startup.Catalina.start Server startup in [9842] milliseconds
24-Jan-2025 00:21:32.031 INFO [Thread-4] org.apache.coyote.AbstractProtocol.pause Pausing ProtocolHandler ["http-nio-2992"]
24-Jan-2025 00:21:32.115 INFO [Thread-4] org.apache.catalina.core.StandardService.stopInternal Stopping service [Catalina]
24-Jan-2025 00:21:32.121 WARNING [Thread-4] org.apache.catalina.loader.WebappClassLoaderBase.clearReferencesJdbc The web application [medi-sales] registered the JDBC driver [com.mysql.cj.jdbc.Driver] but failed to unregister it when the web application was stopped. To prevent a memory leak, the JDBC Driver has been forcibly unregistered.
24-Jan-2025 00:21:32.122 WARNING [Thread-4] org.apache.catalina.loader.WebappClassLoaderBase.clearReferencesThreads The web application [medi-sales] appears to have started a thread named [mysql-cj-abandoned-connection-cleanup] but has failed to stop it. This is very likely to create a memory leak. Stack trace of thread:
 java.lang.Object.wait(Native Method)
 java.lang.ref.ReferenceQueue.remove(ReferenceQueue.java:144)
 com.mysql.cj.jdbc.AbandonedConnectionCleanupThread.run(AbandonedConnectionCleanupThread.java:91)
 java.util.concurrent.ThreadPoolExecutor.runWorker(ThreadPoolExecutor.java:1149)
 java.util.concurrent.ThreadPoolExecutor$Worker.run(ThreadPoolExecutor.java:624)
 java.lang.Thread.run(Thread.java:748)
24-Jan-2025 00:21:32.125 INFO [Thread-4] org.apache.coyote.AbstractProtocol.stop Stopping ProtocolHandler ["http-nio-2992"]
24-Jan-2025 00:21:32.164 INFO [Thread-4] org.apache.coyote.AbstractProtocol.destroy Destroying ProtocolHandler ["http-nio-2992"]
24-Jan-2025 00:36:45.449 INFO [main] org.apache.catalina.startup.VersionLoggerListener.log Server version name:   Apache Tomcat/9.0.38
24-Jan-2025 00:36:45.453 INFO [main] org.apache.catalina.startup.VersionLoggerListener.log Server built:          Sep 10 2020 08:20:30 UTC
24-Jan-2025 00:36:45.453 INFO [main] org.apache.catalina.startup.VersionLoggerListener.log Server version number: 9.0.38.0
24-Jan-2025 00:36:45.454 INFO [main] org.apache.catalina.startup.VersionLoggerListener.log OS Name:               Windows 10
24-Jan-2025 00:36:45.454 INFO [main] org.apache.catalina.startup.VersionLoggerListener.log OS Version:            10.0
24-Jan-2025 00:36:45.454 INFO [main] org.apache.catalina.startup.VersionLoggerListener.log Architecture:          amd64
24-Jan-2025 00:36:45.454 INFO [main] org.apache.catalina.startup.VersionLoggerListener.log Java Home:             C:\Program Files\Java\jdk1.8.0_261\jre
24-Jan-2025 00:36:45.454 INFO [main] org.apache.catalina.startup.VersionLoggerListener.log JVM Version:           1.8.0_261-b12
24-Jan-2025 00:36:45.454 INFO [main] org.apache.catalina.startup.VersionLoggerListener.log JVM Vendor:            Oracle Corporation
24-Jan-2025 00:36:45.454 INFO [main] org.apache.catalina.startup.VersionLoggerListener.log CATALINA_BASE:         C:\Users\sowmya29\IdeaProjects\medi-sales\src\main\webapp
24-Jan-2025 00:36:45.454 INFO [main] org.apache.catalina.startup.VersionLoggerListener.log CATALINA_HOME:         C:\Users\sowmya29\OneDrive\Documents\apache-tomcat-9.0.38-windows-x64\apache-tomcat-9.0.38
24-Jan-2025 00:36:45.511 INFO [main] org.apache.catalina.startup.VersionLoggerListener.log Command line argument: -Dcatalina.home=C:\Users\sowmya29\OneDrive\Documents\apache-tomcat-9.0.38-windows-x64\apache-tomcat-9.0.38
24-Jan-2025 00:36:45.511 INFO [main] org.apache.catalina.startup.VersionLoggerListener.log Command line argument: -Dcatalina.base=C:\Users\sowmya29\IdeaProjects\medi-sales\src\main\webapp
24-Jan-2025 00:36:45.511 INFO [main] org.apache.catalina.startup.VersionLoggerListener.log Command line argument: -Djava.io.tmpdir=C:\Users\sowmya29\IdeaProjects\medi-sales\src\main\webapp\temp
24-Jan-2025 00:36:45.511 INFO [main] org.apache.catalina.startup.VersionLoggerListener.log Command line argument: -Djava.util.logging.config.file=C:\Users\sowmya29\IdeaProjects\medi-sales\src\main\webapp\conf\logging.properties
24-Jan-2025 00:36:45.511 INFO [main] org.apache.catalina.startup.VersionLoggerListener.log Command line argument: -Djava.util.logging.manager=org.apache.juli.ClassLoaderLogManager
24-Jan-2025 00:36:45.511 INFO [main] org.apache.catalina.startup.VersionLoggerListener.log Command line argument: -javaagent:C:\Program Files\JetBrains\IntelliJ IDEA Community Edition 2024.1.4\lib\idea_rt.jar=57623:C:\Program Files\JetBrains\IntelliJ IDEA Community Edition 2024.1.4\bin
24-Jan-2025 00:36:45.511 INFO [main] org.apache.catalina.startup.VersionLoggerListener.log Command line argument: -Dfile.encoding=UTF-8
24-Jan-2025 00:36:45.564 INFO [main] org.apache.catalina.core.AprLifecycleListener.lifecycleEvent Loaded Apache Tomcat Native library [1.2.25] using APR version [1.7.0].
24-Jan-2025 00:36:45.564 INFO [main] org.apache.catalina.core.AprLifecycleListener.lifecycleEvent APR capabilities: IPv6 [true], sendfile [true], accept filters [false], random [true].
24-Jan-2025 00:36:45.564 INFO [main] org.apache.catalina.core.AprLifecycleListener.lifecycleEvent APR/OpenSSL configuration: useAprConnector [false], useOpenSSL [true]
24-Jan-2025 00:36:45.567 INFO [main] org.apache.catalina.core.AprLifecycleListener.initializeSSL OpenSSL successfully initialized [OpenSSL 1.1.1g  21 Apr 2020]
24-Jan-2025 00:36:46.524 INFO [main] org.apache.coyote.AbstractProtocol.init Initializing ProtocolHandler ["http-nio-2992"]
24-Jan-2025 00:36:46.706 INFO [main] org.apache.catalina.startup.Catalina.load Server initialization in [1937] milliseconds
24-Jan-2025 00:36:46.753 INFO [main] org.apache.catalina.core.StandardService.startInternal Starting service [Catalina]
24-Jan-2025 00:36:46.753 INFO [main] org.apache.catalina.core.StandardEngine.startInternal Starting Servlet engine: [Apache Tomcat/9.0.38]
24-Jan-2025 00:36:46.767 INFO [main] org.apache.catalina.startup.HostConfig.deployDescriptor Deploying deployment descriptor [C:\Users\sowmya29\IdeaProjects\medi-sales\src\main\webapp\conf\Catalina\localhost\medi-sales.xml]
24-Jan-2025 00:36:53.932 INFO [main] org.apache.jasper.servlet.TldScanner.scanJars At least one JAR was scanned for TLDs yet contained no TLDs. Enable debug logging for this logger for a complete list of JARs that were scanned but no TLDs were found in them. Skipping unneeded JARs during scanning can improve startup time and JSP compilation time.
24-Jan-2025 00:37:00.248 INFO [main] org.apache.catalina.startup.HostConfig.deployDescriptor Deployment of deployment descriptor [C:\Users\sowmya29\IdeaProjects\medi-sales\src\main\webapp\conf\Catalina\localhost\medi-sales.xml] has finished in [13,480] ms
24-Jan-2025 00:37:00.265 INFO [main] org.apache.coyote.AbstractProtocol.start Starting ProtocolHandler ["http-nio-2992"]
24-Jan-2025 00:37:00.324 INFO [main] org.apache.catalina.startup.Catalina.start Server startup in [13617] milliseconds
24-Jan-2025 00:45:44.159 INFO [Thread-4] org.apache.coyote.AbstractProtocol.pause Pausing ProtocolHandler ["http-nio-2992"]
24-Jan-2025 00:45:44.477 INFO [Thread-4] org.apache.catalina.core.StandardService.stopInternal Stopping service [Catalina]
24-Jan-2025 00:45:44.492 WARNING [Thread-4] org.apache.catalina.loader.WebappClassLoaderBase.clearReferencesJdbc The web application [medi-sales] registered the JDBC driver [com.mysql.cj.jdbc.Driver] but failed to unregister it when the web application was stopped. To prevent a memory leak, the JDBC Driver has been forcibly unregistered.
24-Jan-2025 00:45:44.492 WARNING [Thread-4] org.apache.catalina.loader.WebappClassLoaderBase.clearReferencesThreads The web application [medi-sales] appears to have started a thread named [mysql-cj-abandoned-connection-cleanup] but has failed to stop it. This is very likely to create a memory leak. Stack trace of thread:
 java.lang.Object.wait(Native Method)
 java.lang.ref.ReferenceQueue.remove(ReferenceQueue.java:144)
 com.mysql.cj.jdbc.AbandonedConnectionCleanupThread.run(AbandonedConnectionCleanupThread.java:91)
 java.util.concurrent.ThreadPoolExecutor.runWorker(ThreadPoolExecutor.java:1149)
 java.util.concurrent.ThreadPoolExecutor$Worker.run(ThreadPoolExecutor.java:624)
 java.lang.Thread.run(Thread.java:748)
24-Jan-2025 00:45:44.523 INFO [Thread-4] org.apache.coyote.AbstractProtocol.stop Stopping ProtocolHandler ["http-nio-2992"]
24-Jan-2025 00:45:44.592 INFO [Thread-4] org.apache.coyote.AbstractProtocol.destroy Destroying ProtocolHandler ["http-nio-2992"]
24-Jan-2025 12:10:59.279 INFO [main] org.apache.catalina.startup.VersionLoggerListener.log Server version name:   Apache Tomcat/9.0.38
24-Jan-2025 12:10:59.377 INFO [main] org.apache.catalina.startup.VersionLoggerListener.log Server built:          Sep 10 2020 08:20:30 UTC
24-Jan-2025 12:10:59.377 INFO [main] org.apache.catalina.startup.VersionLoggerListener.log Server version number: 9.0.38.0
24-Jan-2025 12:10:59.377 INFO [main] org.apache.catalina.startup.VersionLoggerListener.log OS Name:               Windows 10
24-Jan-2025 12:10:59.377 INFO [main] org.apache.catalina.startup.VersionLoggerListener.log OS Version:            10.0
24-Jan-2025 12:10:59.377 INFO [main] org.apache.catalina.startup.VersionLoggerListener.log Architecture:          amd64
24-Jan-2025 12:10:59.377 INFO [main] org.apache.catalina.startup.VersionLoggerListener.log Java Home:             C:\Program Files\Java\jdk1.8.0_261\jre
24-Jan-2025 12:10:59.378 INFO [main] org.apache.catalina.startup.VersionLoggerListener.log JVM Version:           1.8.0_261-b12
24-Jan-2025 12:10:59.378 INFO [main] org.apache.catalina.startup.VersionLoggerListener.log JVM Vendor:            Oracle Corporation
24-Jan-2025 12:10:59.378 INFO [main] org.apache.catalina.startup.VersionLoggerListener.log CATALINA_BASE:         C:\Users\sowmya29\IdeaProjects\medi-sales\src\main\webapp
24-Jan-2025 12:10:59.378 INFO [main] org.apache.catalina.startup.VersionLoggerListener.log CATALINA_HOME:         C:\Users\sowmya29\OneDrive\Documents\apache-tomcat-9.0.38-windows-x64\apache-tomcat-9.0.38
24-Jan-2025 12:10:59.453 INFO [main] org.apache.catalina.startup.VersionLoggerListener.log Command line argument: -Dcatalina.home=C:\Users\sowmya29\OneDrive\Documents\apache-tomcat-9.0.38-windows-x64\apache-tomcat-9.0.38
24-Jan-2025 12:10:59.453 INFO [main] org.apache.catalina.startup.VersionLoggerListener.log Command line argument: -Dcatalina.base=C:\Users\sowmya29\IdeaProjects\medi-sales\src\main\webapp
24-Jan-2025 12:10:59.455 INFO [main] org.apache.catalina.startup.VersionLoggerListener.log Command line argument: -Djava.io.tmpdir=C:\Users\sowmya29\IdeaProjects\medi-sales\src\main\webapp\temp
24-Jan-2025 12:10:59.455 INFO [main] org.apache.catalina.startup.VersionLoggerListener.log Command line argument: -Djava.util.logging.config.file=C:\Users\sowmya29\IdeaProjects\medi-sales\src\main\webapp\conf\logging.properties
24-Jan-2025 12:10:59.455 INFO [main] org.apache.catalina.startup.VersionLoggerListener.log Command line argument: -Djava.util.logging.manager=org.apache.juli.ClassLoaderLogManager
24-Jan-2025 12:10:59.455 INFO [main] org.apache.catalina.startup.VersionLoggerListener.log Command line argument: -javaagent:C:\Program Files\JetBrains\IntelliJ IDEA Community Edition 2024.1.4\lib\idea_rt.jar=60488:C:\Program Files\JetBrains\IntelliJ IDEA Community Edition 2024.1.4\bin
24-Jan-2025 12:10:59.455 INFO [main] org.apache.catalina.startup.VersionLoggerListener.log Command line argument: -Dfile.encoding=UTF-8
24-Jan-2025 12:10:59.552 INFO [main] org.apache.catalina.core.AprLifecycleListener.lifecycleEvent Loaded Apache Tomcat Native library [1.2.25] using APR version [1.7.0].
24-Jan-2025 12:10:59.552 INFO [main] org.apache.catalina.core.AprLifecycleListener.lifecycleEvent APR capabilities: IPv6 [true], sendfile [true], accept filters [false], random [true].
24-Jan-2025 12:10:59.552 INFO [main] org.apache.catalina.core.AprLifecycleListener.lifecycleEvent APR/OpenSSL configuration: useAprConnector [false], useOpenSSL [true]
24-Jan-2025 12:10:59.653 INFO [main] org.apache.catalina.core.AprLifecycleListener.initializeSSL OpenSSL successfully initialized [OpenSSL 1.1.1g  21 Apr 2020]
24-Jan-2025 12:11:01.492 INFO [main] org.apache.coyote.AbstractProtocol.init Initializing ProtocolHandler ["http-nio-2992"]
24-Jan-2025 12:11:01.688 INFO [main] org.apache.catalina.startup.Catalina.load Server initialization in [3444] milliseconds
24-Jan-2025 12:11:01.820 INFO [main] org.apache.catalina.core.StandardService.startInternal Starting service [Catalina]
24-Jan-2025 12:11:01.820 INFO [main] org.apache.catalina.core.StandardEngine.startInternal Starting Servlet engine: [Apache Tomcat/9.0.38]
24-Jan-2025 12:11:01.854 INFO [main] org.apache.catalina.startup.HostConfig.deployDescriptor Deploying deployment descriptor [C:\Users\sowmya29\IdeaProjects\medi-sales\src\main\webapp\conf\Catalina\localhost\medi-sales.xml]
24-Jan-2025 12:11:11.627 INFO [main] org.apache.jasper.servlet.TldScanner.scanJars At least one JAR was scanned for TLDs yet contained no TLDs. Enable debug logging for this logger for a complete list of JARs that were scanned but no TLDs were found in them. Skipping unneeded JARs during scanning can improve startup time and JSP compilation time.
24-Jan-2025 12:11:47.811 INFO [main] org.apache.catalina.startup.HostConfig.deployDescriptor Deployment of deployment descriptor [C:\Users\sowmya29\IdeaProjects\medi-sales\src\main\webapp\conf\Catalina\localhost\medi-sales.xml] has finished in [45,958] ms
24-Jan-2025 12:11:47.827 INFO [main] org.apache.coyote.AbstractProtocol.start Starting ProtocolHandler ["http-nio-2992"]
24-Jan-2025 12:11:47.874 INFO [main] org.apache.catalina.startup.Catalina.start Server startup in [46191] milliseconds
24-Jan-2025 12:16:19.612 INFO [Thread-4] org.apache.coyote.AbstractProtocol.pause Pausing ProtocolHandler ["http-nio-2992"]
24-Jan-2025 12:16:19.757 INFO [Thread-4] org.apache.catalina.core.StandardService.stopInternal Stopping service [Catalina]
24-Jan-2025 12:16:19.834 WARNING [Thread-4] org.apache.catalina.loader.WebappClassLoaderBase.clearReferencesJdbc The web application [medi-sales] registered the JDBC driver [com.mysql.cj.jdbc.Driver] but failed to unregister it when the web application was stopped. To prevent a memory leak, the JDBC Driver has been forcibly unregistered.
24-Jan-2025 12:16:19.835 WARNING [Thread-4] org.apache.catalina.loader.WebappClassLoaderBase.clearReferencesThreads The web application [medi-sales] appears to have started a thread named [mysql-cj-abandoned-connection-cleanup] but has failed to stop it. This is very likely to create a memory leak. Stack trace of thread:
 java.lang.Object.wait(Native Method)
 java.lang.ref.ReferenceQueue.remove(ReferenceQueue.java:144)
 com.mysql.cj.jdbc.AbandonedConnectionCleanupThread.run(AbandonedConnectionCleanupThread.java:91)
 java.util.concurrent.ThreadPoolExecutor.runWorker(ThreadPoolExecutor.java:1149)
 java.util.concurrent.ThreadPoolExecutor$Worker.run(ThreadPoolExecutor.java:624)
 java.lang.Thread.run(Thread.java:748)
24-Jan-2025 12:16:19.883 INFO [Thread-4] org.apache.coyote.AbstractProtocol.stop Stopping ProtocolHandler ["http-nio-2992"]
24-Jan-2025 12:16:19.930 INFO [Thread-4] org.apache.coyote.AbstractProtocol.destroy Destroying ProtocolHandler ["http-nio-2992"]
24-Jan-2025 15:23:10.907 INFO [main] org.apache.catalina.startup.VersionLoggerListener.log Server version name:   Apache Tomcat/9.0.38
24-Jan-2025 15:23:10.982 INFO [main] org.apache.catalina.startup.VersionLoggerListener.log Server built:          Sep 10 2020 08:20:30 UTC
24-Jan-2025 15:23:10.982 INFO [main] org.apache.catalina.startup.VersionLoggerListener.log Server version number: 9.0.38.0
24-Jan-2025 15:23:10.982 INFO [main] org.apache.catalina.startup.VersionLoggerListener.log OS Name:               Windows 10
24-Jan-2025 15:23:10.983 INFO [main] org.apache.catalina.startup.VersionLoggerListener.log OS Version:            10.0
24-Jan-2025 15:23:10.983 INFO [main] org.apache.catalina.startup.VersionLoggerListener.log Architecture:          amd64
24-Jan-2025 15:23:10.983 INFO [main] org.apache.catalina.startup.VersionLoggerListener.log Java Home:             C:\Program Files\Java\jdk1.8.0_261\jre
24-Jan-2025 15:23:10.983 INFO [main] org.apache.catalina.startup.VersionLoggerListener.log JVM Version:           1.8.0_261-b12
24-Jan-2025 15:23:10.983 INFO [main] org.apache.catalina.startup.VersionLoggerListener.log JVM Vendor:            Oracle Corporation
24-Jan-2025 15:23:10.983 INFO [main] org.apache.catalina.startup.VersionLoggerListener.log CATALINA_BASE:         C:\Users\sowmya29\IdeaProjects\medi-sales\src\main\webapp
24-Jan-2025 15:23:10.984 INFO [main] org.apache.catalina.startup.VersionLoggerListener.log CATALINA_HOME:         C:\Users\sowmya29\OneDrive\Documents\apache-tomcat-9.0.38-windows-x64\apache-tomcat-9.0.38
24-Jan-2025 15:23:11.048 INFO [main] org.apache.catalina.startup.VersionLoggerListener.log Command line argument: -Dcatalina.home=C:\Users\sowmya29\OneDrive\Documents\apache-tomcat-9.0.38-windows-x64\apache-tomcat-9.0.38
24-Jan-2025 15:23:11.049 INFO [main] org.apache.catalina.startup.VersionLoggerListener.log Command line argument: -Dcatalina.base=C:\Users\sowmya29\IdeaProjects\medi-sales\src\main\webapp
24-Jan-2025 15:23:11.049 INFO [main] org.apache.catalina.startup.VersionLoggerListener.log Command line argument: -Djava.io.tmpdir=C:\Users\sowmya29\IdeaProjects\medi-sales\src\main\webapp\temp
24-Jan-2025 15:23:11.049 INFO [main] org.apache.catalina.startup.VersionLoggerListener.log Command line argument: -Djava.util.logging.config.file=C:\Users\sowmya29\IdeaProjects\medi-sales\src\main\webapp\conf\logging.properties
24-Jan-2025 15:23:11.049 INFO [main] org.apache.catalina.startup.VersionLoggerListener.log Command line argument: -Djava.util.logging.manager=org.apache.juli.ClassLoaderLogManager
24-Jan-2025 15:23:11.049 INFO [main] org.apache.catalina.startup.VersionLoggerListener.log Command line argument: -javaagent:C:\Program Files\JetBrains\IntelliJ IDEA Community Edition 2024.1.4\lib\idea_rt.jar=64155:C:\Program Files\JetBrains\IntelliJ IDEA Community Edition 2024.1.4\bin
24-Jan-2025 15:23:11.049 INFO [main] org.apache.catalina.startup.VersionLoggerListener.log Command line argument: -Dfile.encoding=UTF-8
24-Jan-2025 15:23:11.143 INFO [main] org.apache.catalina.core.AprLifecycleListener.lifecycleEvent Loaded Apache Tomcat Native library [1.2.25] using APR version [1.7.0].
24-Jan-2025 15:23:11.143 INFO [main] org.apache.catalina.core.AprLifecycleListener.lifecycleEvent APR capabilities: IPv6 [true], sendfile [true], accept filters [false], random [true].
24-Jan-2025 15:23:11.143 INFO [main] org.apache.catalina.core.AprLifecycleListener.lifecycleEvent APR/OpenSSL configuration: useAprConnector [false], useOpenSSL [true]
24-Jan-2025 15:23:11.258 INFO [main] org.apache.catalina.core.AprLifecycleListener.initializeSSL OpenSSL successfully initialized [OpenSSL 1.1.1g  21 Apr 2020]
24-Jan-2025 15:23:12.510 INFO [main] org.apache.coyote.AbstractProtocol.init Initializing ProtocolHandler ["http-nio-2992"]
24-Jan-2025 15:23:12.683 INFO [main] org.apache.catalina.startup.Catalina.load Server initialization in [2392] milliseconds
24-Jan-2025 15:23:12.813 INFO [main] org.apache.catalina.core.StandardService.startInternal Starting service [Catalina]
24-Jan-2025 15:23:12.813 INFO [main] org.apache.catalina.core.StandardEngine.startInternal Starting Servlet engine: [Apache Tomcat/9.0.38]
24-Jan-2025 15:23:12.831 INFO [main] org.apache.catalina.startup.HostConfig.deployDescriptor Deploying deployment descriptor [C:\Users\sowmya29\IdeaProjects\medi-sales\src\main\webapp\conf\Catalina\localhost\medi-sales.xml]
24-Jan-2025 15:23:19.315 INFO [main] org.apache.jasper.servlet.TldScanner.scanJars At least one JAR was scanned for TLDs yet contained no TLDs. Enable debug logging for this logger for a complete list of JARs that were scanned but no TLDs were found in them. Skipping unneeded JARs during scanning can improve startup time and JSP compilation time.
24-Jan-2025 15:23:23.904 INFO [main] org.apache.catalina.startup.HostConfig.deployDescriptor Deployment of deployment descriptor [C:\Users\sowmya29\IdeaProjects\medi-sales\src\main\webapp\conf\Catalina\localhost\medi-sales.xml] has finished in [11,072] ms
24-Jan-2025 15:23:23.906 INFO [main] org.apache.coyote.AbstractProtocol.start Starting ProtocolHandler ["http-nio-2992"]
24-Jan-2025 15:23:23.928 INFO [main] org.apache.catalina.startup.Catalina.start Server startup in [11245] milliseconds
24-Jan-2025 15:28:11.341 INFO [Thread-4] org.apache.coyote.AbstractProtocol.pause Pausing ProtocolHandler ["http-nio-2992"]
24-Jan-2025 15:28:11.439 INFO [Thread-4] org.apache.catalina.core.StandardService.stopInternal Stopping service [Catalina]
24-Jan-2025 15:28:11.481 WARNING [Thread-4] org.apache.catalina.loader.WebappClassLoaderBase.clearReferencesJdbc The web application [medi-sales] registered the JDBC driver [com.mysql.cj.jdbc.Driver] but failed to unregister it when the web application was stopped. To prevent a memory leak, the JDBC Driver has been forcibly unregistered.
24-Jan-2025 15:28:11.482 WARNING [Thread-4] org.apache.catalina.loader.WebappClassLoaderBase.clearReferencesThreads The web application [medi-sales] appears to have started a thread named [mysql-cj-abandoned-connection-cleanup] but has failed to stop it. This is very likely to create a memory leak. Stack trace of thread:
 java.lang.Object.wait(Native Method)
 java.lang.ref.ReferenceQueue.remove(ReferenceQueue.java:144)
 com.mysql.cj.jdbc.AbandonedConnectionCleanupThread.run(AbandonedConnectionCleanupThread.java:91)
 java.util.concurrent.ThreadPoolExecutor.runWorker(ThreadPoolExecutor.java:1149)
 java.util.concurrent.ThreadPoolExecutor$Worker.run(ThreadPoolExecutor.java:624)
 java.lang.Thread.run(Thread.java:748)
24-Jan-2025 15:28:11.540 INFO [Thread-4] org.apache.coyote.AbstractProtocol.stop Stopping ProtocolHandler ["http-nio-2992"]
24-Jan-2025 15:28:11.550 INFO [Thread-4] org.apache.coyote.AbstractProtocol.destroy Destroying ProtocolHandler ["http-nio-2992"]
