03-Feb-2025 11:56:35.077 INFO [main] org.apache.catalina.startup.VersionLoggerListener.log Server version name:   Apache Tomcat/9.0.38
03-Feb-2025 11:56:35.110 INFO [main] org.apache.catalina.startup.VersionLoggerListener.log Server built:          Sep 10 2020 08:20:30 UTC
03-Feb-2025 11:56:35.110 INFO [main] org.apache.catalina.startup.VersionLoggerListener.log Server version number: 9.0.38.0
03-Feb-2025 11:56:35.110 INFO [main] org.apache.catalina.startup.VersionLoggerListener.log OS Name:               Windows 11
03-Feb-2025 11:56:35.110 INFO [main] org.apache.catalina.startup.VersionLoggerListener.log OS Version:            10.0
03-Feb-2025 11:56:35.111 INFO [main] org.apache.catalina.startup.VersionLoggerListener.log Architecture:          amd64
03-Feb-2025 11:56:35.111 INFO [main] org.apache.catalina.startup.VersionLoggerListener.log Java Home:             C:\Users\sowmya29\.jdks\openjdk-23.0.2
03-Feb-2025 11:56:35.111 INFO [main] org.apache.catalina.startup.VersionLoggerListener.log JVM Version:           23.0.2+7-58
03-Feb-2025 11:56:35.111 INFO [main] org.apache.catalina.startup.VersionLoggerListener.log JVM Vendor:            Oracle Corporation
03-Feb-2025 11:56:35.111 INFO [main] org.apache.catalina.startup.VersionLoggerListener.log CATALINA_BASE:         C:\Users\sowmya29\IdeaProjects\medi-sales\src\main\webapp
03-Feb-2025 11:56:35.111 INFO [main] org.apache.catalina.startup.VersionLoggerListener.log CATALINA_HOME:         C:\Users\sowmya29\OneDrive\Documents\apache-tomcat-9.0.38-windows-x64\apache-tomcat-9.0.38
03-Feb-2025 11:56:35.150 INFO [main] org.apache.catalina.startup.VersionLoggerListener.log Command line argument: --add-opens=java.base/java.lang=ALL-UNNAMED
03-Feb-2025 11:56:35.150 INFO [main] org.apache.catalina.startup.VersionLoggerListener.log Command line argument: --add-opens=java.base/java.io=ALL-UNNAMED
03-Feb-2025 11:56:35.151 INFO [main] org.apache.catalina.startup.VersionLoggerListener.log Command line argument: --add-opens=java.base/java.util=ALL-UNNAMED
03-Feb-2025 11:56:35.151 INFO [main] org.apache.catalina.startup.VersionLoggerListener.log Command line argument: --add-opens=java.base/java.util.concurrent=ALL-UNNAMED
03-Feb-2025 11:56:35.151 INFO [main] org.apache.catalina.startup.VersionLoggerListener.log Command line argument: --add-opens=java.rmi/sun.rmi.transport=ALL-UNNAMED
03-Feb-2025 11:56:35.152 INFO [main] org.apache.catalina.startup.VersionLoggerListener.log Command line argument: -Dcatalina.home=C:\Users\sowmya29\OneDrive\Documents\apache-tomcat-9.0.38-windows-x64\apache-tomcat-9.0.38
03-Feb-2025 11:56:35.152 INFO [main] org.apache.catalina.startup.VersionLoggerListener.log Command line argument: -Dcatalina.base=C:\Users\sowmya29\IdeaProjects\medi-sales\src\main\webapp
03-Feb-2025 11:56:35.152 INFO [main] org.apache.catalina.startup.VersionLoggerListener.log Command line argument: -Djava.io.tmpdir=C:\Users\sowmya29\IdeaProjects\medi-sales\src\main\webapp\temp
03-Feb-2025 11:56:35.152 INFO [main] org.apache.catalina.startup.VersionLoggerListener.log Command line argument: -Djava.util.logging.config.file=C:\Users\sowmya29\IdeaProjects\medi-sales\src\main\webapp\conf\logging.properties
03-Feb-2025 11:56:35.152 INFO [main] org.apache.catalina.startup.VersionLoggerListener.log Command line argument: -Djava.util.logging.manager=org.apache.juli.ClassLoaderLogManager
03-Feb-2025 11:56:35.153 INFO [main] org.apache.catalina.startup.VersionLoggerListener.log Command line argument: -javaagent:C:\Program Files\JetBrains\IntelliJ IDEA Community Edition 2024.1.4\lib\idea_rt.jar=50385:C:\Program Files\JetBrains\IntelliJ IDEA Community Edition 2024.1.4\bin
03-Feb-2025 11:56:35.153 INFO [main] org.apache.catalina.startup.VersionLoggerListener.log Command line argument: -Dfile.encoding=UTF-8
03-Feb-2025 11:56:35.153 INFO [main] org.apache.catalina.startup.VersionLoggerListener.log Command line argument: -Dsun.stdout.encoding=UTF-8
03-Feb-2025 11:56:35.154 INFO [main] org.apache.catalina.startup.VersionLoggerListener.log Command line argument: -Dsun.stderr.encoding=UTF-8
03-Feb-2025 11:56:38.770 INFO [main] org.apache.catalina.core.AprLifecycleListener.lifecycleEvent Loaded Apache Tomcat Native library [1.2.25] using APR version [1.7.0].
03-Feb-2025 11:56:38.771 INFO [main] org.apache.catalina.core.AprLifecycleListener.lifecycleEvent APR capabilities: IPv6 [true], sendfile [true], accept filters [false], random [true].
03-Feb-2025 11:56:38.771 INFO [main] org.apache.catalina.core.AprLifecycleListener.lifecycleEvent APR/OpenSSL configuration: useAprConnector [false], useOpenSSL [true]
03-Feb-2025 11:56:38.812 INFO [main] org.apache.catalina.core.AprLifecycleListener.initializeSSL OpenSSL successfully initialized [OpenSSL 1.1.1g  21 Apr 2020]
03-Feb-2025 11:56:39.810 INFO [main] org.apache.coyote.AbstractProtocol.init Initializing ProtocolHandler ["http-nio-2992"]
03-Feb-2025 11:56:39.936 INFO [main] org.apache.catalina.startup.Catalina.load Server initialization in [5767] milliseconds
03-Feb-2025 11:56:40.062 INFO [main] org.apache.catalina.core.StandardService.startInternal Starting service [Catalina]
03-Feb-2025 11:56:40.063 INFO [main] org.apache.catalina.core.StandardEngine.startInternal Starting Servlet engine: [Apache Tomcat/9.0.38]
03-Feb-2025 11:56:40.073 INFO [main] org.apache.catalina.startup.HostConfig.deployDescriptor Deploying deployment descriptor [C:\Users\sowmya29\IdeaProjects\medi-sales\src\main\webapp\conf\Catalina\localhost\medi-sales.xml]
03-Feb-2025 11:56:46.573 INFO [main] org.apache.jasper.servlet.TldScanner.scanJars At least one JAR was scanned for TLDs yet contained no TLDs. Enable debug logging for this logger for a complete list of JARs that were scanned but no TLDs were found in them. Skipping unneeded JARs during scanning can improve startup time and JSP compilation time.
03-Feb-2025 11:56:56.995 INFO [main] org.apache.catalina.startup.HostConfig.deployDescriptor Deployment of deployment descriptor [C:\Users\sowmya29\IdeaProjects\medi-sales\src\main\webapp\conf\Catalina\localhost\medi-sales.xml] has finished in [16,921] ms
03-Feb-2025 11:56:56.999 INFO [main] org.apache.coyote.AbstractProtocol.start Starting ProtocolHandler ["http-nio-2992"]
03-Feb-2025 11:56:57.049 INFO [main] org.apache.catalina.startup.Catalina.start Server startup in [17111] milliseconds
03-Feb-2025 11:58:22.963 INFO [Thread-3] org.apache.coyote.AbstractProtocol.pause Pausing ProtocolHandler ["http-nio-2992"]
03-Feb-2025 11:58:22.971 INFO [Thread-3] org.apache.catalina.core.StandardService.stopInternal Stopping service [Catalina]
03-Feb-2025 11:58:23.050 WARNING [Thread-3] org.apache.catalina.loader.WebappClassLoaderBase.clearReferencesJdbc The web application [medi-sales] registered the JDBC driver [com.mysql.cj.jdbc.Driver] but failed to unregister it when the web application was stopped. To prevent a memory leak, the JDBC Driver has been forcibly unregistered.
03-Feb-2025 11:58:23.051 WARNING [Thread-3] org.apache.catalina.loader.WebappClassLoaderBase.clearReferencesThreads The web application [medi-sales] appears to have started a thread named [mysql-cj-abandoned-connection-cleanup] but has failed to stop it. This is very likely to create a memory leak. Stack trace of thread:
 java.base/jdk.internal.misc.Unsafe.park(Native Method)
 java.base/java.util.concurrent.locks.LockSupport.parkNanos(LockSupport.java:269)
 java.base/java.util.concurrent.locks.AbstractQueuedSynchronizer$ConditionObject.await(AbstractQueuedSynchronizer.java:1852)
 java.base/java.lang.ref.ReferenceQueue.await(ReferenceQueue.java:79)
 java.base/java.lang.ref.ReferenceQueue.remove0(ReferenceQueue.java:151)
 java.base/java.lang.ref.ReferenceQueue.remove(ReferenceQueue.java:229)
 com.mysql.cj.jdbc.AbandonedConnectionCleanupThread.run(AbandonedConnectionCleanupThread.java:91)
 java.base/java.util.concurrent.ThreadPoolExecutor.runWorker(ThreadPoolExecutor.java:1144)
 java.base/java.util.concurrent.ThreadPoolExecutor$Worker.run(ThreadPoolExecutor.java:642)
 java.base/java.lang.Thread.run(Thread.java:1575)
03-Feb-2025 11:58:23.052 WARNING [Thread-3] org.apache.catalina.loader.WebappClassLoaderBase.clearReferencesObjectStreamClassCaches Failed to clear soft references from ObjectStreamClass$Caches for web application [medi-sales]
	java.lang.ClassCastException: class java.io.ObjectStreamClass$Caches$1 cannot be cast to class java.util.Map (java.io.ObjectStreamClass$Caches$1 and java.util.Map are in module java.base of loader 'bootstrap')
		at org.apache.catalina.loader.WebappClassLoaderBase.clearCache(WebappClassLoaderBase.java:2268)
		at org.apache.catalina.loader.WebappClassLoaderBase.clearReferencesObjectStreamClassCaches(WebappClassLoaderBase.java:2255)
		at org.apache.catalina.loader.WebappClassLoaderBase.clearReferences(WebappClassLoaderBase.java:1627)
		at org.apache.catalina.loader.WebappClassLoaderBase.stop(WebappClassLoaderBase.java:1555)
		at org.apache.catalina.loader.WebappLoader.stopInternal(WebappLoader.java:461)
		at org.apache.catalina.util.LifecycleBase.stop(LifecycleBase.java:257)
		at org.apache.catalina.core.StandardContext.stopInternal(StandardContext.java:5431)
		at org.apache.catalina.util.LifecycleBase.stop(LifecycleBase.java:257)
		at org.apache.catalina.core.ContainerBase$StopChild.call(ContainerBase.java:1400)
		at org.apache.catalina.core.ContainerBase$StopChild.call(ContainerBase.java:1389)
		at java.base/java.util.concurrent.FutureTask.run(FutureTask.java:317)
		at org.apache.tomcat.util.threads.InlineExecutorService.execute(InlineExecutorService.java:75)
		at java.base/java.util.concurrent.AbstractExecutorService.submit(AbstractExecutorService.java:148)
		at org.apache.catalina.core.ContainerBase.stopInternal(ContainerBase.java:976)
		at org.apache.catalina.util.LifecycleBase.stop(LifecycleBase.java:257)
		at org.apache.catalina.core.ContainerBase$StopChild.call(ContainerBase.java:1400)
		at org.apache.catalina.core.ContainerBase$StopChild.call(ContainerBase.java:1389)
		at java.base/java.util.concurrent.FutureTask.run(FutureTask.java:317)
		at org.apache.tomcat.util.threads.InlineExecutorService.execute(InlineExecutorService.java:75)
		at java.base/java.util.concurrent.AbstractExecutorService.submit(AbstractExecutorService.java:148)
		at org.apache.catalina.core.ContainerBase.stopInternal(ContainerBase.java:976)
		at org.apache.catalina.util.LifecycleBase.stop(LifecycleBase.java:257)
		at org.apache.catalina.core.StandardService.stopInternal(StandardService.java:473)
		at org.apache.catalina.util.LifecycleBase.stop(LifecycleBase.java:257)
		at org.apache.catalina.core.StandardServer.stopInternal(StandardServer.java:992)
		at org.apache.catalina.util.LifecycleBase.stop(LifecycleBase.java:257)
		at org.apache.catalina.startup.Catalina.stop(Catalina.java:849)
		at org.apache.catalina.startup.Catalina$CatalinaShutdownHook.run(Catalina.java:996)
03-Feb-2025 11:58:23.099 INFO [Thread-3] org.apache.coyote.AbstractProtocol.stop Stopping ProtocolHandler ["http-nio-2992"]
03-Feb-2025 11:58:23.138 INFO [Thread-3] org.apache.coyote.AbstractProtocol.destroy Destroying ProtocolHandler ["http-nio-2992"]
03-Feb-2025 11:58:37.772 INFO [main] org.apache.catalina.startup.VersionLoggerListener.log Server version name:   Apache Tomcat/9.0.38
03-Feb-2025 11:58:37.812 INFO [main] org.apache.catalina.startup.VersionLoggerListener.log Server built:          Sep 10 2020 08:20:30 UTC
03-Feb-2025 11:58:37.812 INFO [main] org.apache.catalina.startup.VersionLoggerListener.log Server version number: 9.0.38.0
03-Feb-2025 11:58:37.812 INFO [main] org.apache.catalina.startup.VersionLoggerListener.log OS Name:               Windows 11
03-Feb-2025 11:58:37.812 INFO [main] org.apache.catalina.startup.VersionLoggerListener.log OS Version:            10.0
03-Feb-2025 11:58:37.812 INFO [main] org.apache.catalina.startup.VersionLoggerListener.log Architecture:          amd64
03-Feb-2025 11:58:37.812 INFO [main] org.apache.catalina.startup.VersionLoggerListener.log Java Home:             C:\Users\sowmya29\.jdks\openjdk-23.0.2
03-Feb-2025 11:58:37.812 INFO [main] org.apache.catalina.startup.VersionLoggerListener.log JVM Version:           23.0.2+7-58
03-Feb-2025 11:58:37.812 INFO [main] org.apache.catalina.startup.VersionLoggerListener.log JVM Vendor:            Oracle Corporation
03-Feb-2025 11:58:37.813 INFO [main] org.apache.catalina.startup.VersionLoggerListener.log CATALINA_BASE:         C:\Users\sowmya29\IdeaProjects\medi-sales\src\main\webapp
03-Feb-2025 11:58:37.813 INFO [main] org.apache.catalina.startup.VersionLoggerListener.log CATALINA_HOME:         C:\Users\sowmya29\OneDrive\Documents\apache-tomcat-9.0.38-windows-x64\apache-tomcat-9.0.38
03-Feb-2025 11:58:37.823 INFO [main] org.apache.catalina.startup.VersionLoggerListener.log Command line argument: --add-opens=java.base/java.lang=ALL-UNNAMED
03-Feb-2025 11:58:37.823 INFO [main] org.apache.catalina.startup.VersionLoggerListener.log Command line argument: --add-opens=java.base/java.io=ALL-UNNAMED
03-Feb-2025 11:58:37.823 INFO [main] org.apache.catalina.startup.VersionLoggerListener.log Command line argument: --add-opens=java.base/java.util=ALL-UNNAMED
03-Feb-2025 11:58:37.823 INFO [main] org.apache.catalina.startup.VersionLoggerListener.log Command line argument: --add-opens=java.base/java.util.concurrent=ALL-UNNAMED
03-Feb-2025 11:58:37.823 INFO [main] org.apache.catalina.startup.VersionLoggerListener.log Command line argument: --add-opens=java.rmi/sun.rmi.transport=ALL-UNNAMED
03-Feb-2025 11:58:37.823 INFO [main] org.apache.catalina.startup.VersionLoggerListener.log Command line argument: -Dcatalina.home=C:\Users\sowmya29\OneDrive\Documents\apache-tomcat-9.0.38-windows-x64\apache-tomcat-9.0.38
03-Feb-2025 11:58:37.823 INFO [main] org.apache.catalina.startup.VersionLoggerListener.log Command line argument: -Dcatalina.base=C:\Users\sowmya29\IdeaProjects\medi-sales\src\main\webapp
03-Feb-2025 11:58:37.823 INFO [main] org.apache.catalina.startup.VersionLoggerListener.log Command line argument: -Djava.io.tmpdir=C:\Users\sowmya29\IdeaProjects\medi-sales\src\main\webapp\temp
03-Feb-2025 11:58:37.823 INFO [main] org.apache.catalina.startup.VersionLoggerListener.log Command line argument: -Djava.util.logging.config.file=C:\Users\sowmya29\IdeaProjects\medi-sales\src\main\webapp\conf\logging.properties
03-Feb-2025 11:58:37.824 INFO [main] org.apache.catalina.startup.VersionLoggerListener.log Command line argument: -Djava.util.logging.manager=org.apache.juli.ClassLoaderLogManager
03-Feb-2025 11:58:37.824 INFO [main] org.apache.catalina.startup.VersionLoggerListener.log Command line argument: -javaagent:C:\Program Files\JetBrains\IntelliJ IDEA Community Edition 2024.1.4\lib\idea_rt.jar=50420:C:\Program Files\JetBrains\IntelliJ IDEA Community Edition 2024.1.4\bin
03-Feb-2025 11:58:37.824 INFO [main] org.apache.catalina.startup.VersionLoggerListener.log Command line argument: -Dfile.encoding=UTF-8
03-Feb-2025 11:58:37.824 INFO [main] org.apache.catalina.startup.VersionLoggerListener.log Command line argument: -Dsun.stdout.encoding=UTF-8
03-Feb-2025 11:58:37.824 INFO [main] org.apache.catalina.startup.VersionLoggerListener.log Command line argument: -Dsun.stderr.encoding=UTF-8
03-Feb-2025 11:58:37.858 INFO [main] org.apache.catalina.core.AprLifecycleListener.lifecycleEvent Loaded Apache Tomcat Native library [1.2.25] using APR version [1.7.0].
03-Feb-2025 11:58:37.858 INFO [main] org.apache.catalina.core.AprLifecycleListener.lifecycleEvent APR capabilities: IPv6 [true], sendfile [true], accept filters [false], random [true].
03-Feb-2025 11:58:37.858 INFO [main] org.apache.catalina.core.AprLifecycleListener.lifecycleEvent APR/OpenSSL configuration: useAprConnector [false], useOpenSSL [true]
03-Feb-2025 11:58:37.869 INFO [main] org.apache.catalina.core.AprLifecycleListener.initializeSSL OpenSSL successfully initialized [OpenSSL 1.1.1g  21 Apr 2020]
03-Feb-2025 11:58:38.501 INFO [main] org.apache.coyote.AbstractProtocol.init Initializing ProtocolHandler ["http-nio-2992"]
03-Feb-2025 11:58:38.584 INFO [main] org.apache.catalina.startup.Catalina.load Server initialization in [1308] milliseconds
03-Feb-2025 11:58:38.632 INFO [main] org.apache.catalina.core.StandardService.startInternal Starting service [Catalina]
03-Feb-2025 11:58:38.632 INFO [main] org.apache.catalina.core.StandardEngine.startInternal Starting Servlet engine: [Apache Tomcat/9.0.38]
03-Feb-2025 11:58:38.639 INFO [main] org.apache.catalina.startup.HostConfig.deployDescriptor Deploying deployment descriptor [C:\Users\sowmya29\IdeaProjects\medi-sales\src\main\webapp\conf\Catalina\localhost\medi-sales.xml]
03-Feb-2025 11:58:50.626 INFO [main] org.apache.jasper.servlet.TldScanner.scanJars At least one JAR was scanned for TLDs yet contained no TLDs. Enable debug logging for this logger for a complete list of JARs that were scanned but no TLDs were found in them. Skipping unneeded JARs during scanning can improve startup time and JSP compilation time.
03-Feb-2025 11:58:58.234 INFO [main] org.apache.catalina.startup.HostConfig.deployDescriptor Deployment of deployment descriptor [C:\Users\sowmya29\IdeaProjects\medi-sales\src\main\webapp\conf\Catalina\localhost\medi-sales.xml] has finished in [19,594] ms
03-Feb-2025 11:58:58.243 INFO [main] org.apache.coyote.AbstractProtocol.start Starting ProtocolHandler ["http-nio-2992"]
03-Feb-2025 11:58:58.262 INFO [main] org.apache.catalina.startup.Catalina.start Server startup in [19675] milliseconds
03-Feb-2025 12:05:02.836 INFO [Thread-3] org.apache.coyote.AbstractProtocol.pause Pausing ProtocolHandler ["http-nio-2992"]
03-Feb-2025 12:05:02.842 INFO [Thread-3] org.apache.catalina.core.StandardService.stopInternal Stopping service [Catalina]
03-Feb-2025 12:05:02.900 WARNING [Thread-3] org.apache.catalina.loader.WebappClassLoaderBase.clearReferencesJdbc The web application [medi-sales] registered the JDBC driver [com.mysql.cj.jdbc.Driver] but failed to unregister it when the web application was stopped. To prevent a memory leak, the JDBC Driver has been forcibly unregistered.
03-Feb-2025 12:05:02.901 WARNING [Thread-3] org.apache.catalina.loader.WebappClassLoaderBase.clearReferencesThreads The web application [medi-sales] appears to have started a thread named [mysql-cj-abandoned-connection-cleanup] but has failed to stop it. This is very likely to create a memory leak. Stack trace of thread:
 java.base/jdk.internal.misc.Unsafe.park(Native Method)
 java.base/java.util.concurrent.locks.LockSupport.parkNanos(LockSupport.java:269)
 java.base/java.util.concurrent.locks.AbstractQueuedSynchronizer$ConditionObject.await(AbstractQueuedSynchronizer.java:1852)
 java.base/java.lang.ref.ReferenceQueue.await(ReferenceQueue.java:79)
 java.base/java.lang.ref.ReferenceQueue.remove0(ReferenceQueue.java:151)
 java.base/java.lang.ref.ReferenceQueue.remove(ReferenceQueue.java:229)
 com.mysql.cj.jdbc.AbandonedConnectionCleanupThread.run(AbandonedConnectionCleanupThread.java:91)
 java.base/java.util.concurrent.ThreadPoolExecutor.runWorker(ThreadPoolExecutor.java:1144)
 java.base/java.util.concurrent.ThreadPoolExecutor$Worker.run(ThreadPoolExecutor.java:642)
 java.base/java.lang.Thread.run(Thread.java:1575)
03-Feb-2025 12:05:02.902 WARNING [Thread-3] org.apache.catalina.loader.WebappClassLoaderBase.clearReferencesObjectStreamClassCaches Failed to clear soft references from ObjectStreamClass$Caches for web application [medi-sales]
	java.lang.ClassCastException: class java.io.ObjectStreamClass$Caches$1 cannot be cast to class java.util.Map (java.io.ObjectStreamClass$Caches$1 and java.util.Map are in module java.base of loader 'bootstrap')
		at org.apache.catalina.loader.WebappClassLoaderBase.clearCache(WebappClassLoaderBase.java:2268)
		at org.apache.catalina.loader.WebappClassLoaderBase.clearReferencesObjectStreamClassCaches(WebappClassLoaderBase.java:2255)
		at org.apache.catalina.loader.WebappClassLoaderBase.clearReferences(WebappClassLoaderBase.java:1627)
		at org.apache.catalina.loader.WebappClassLoaderBase.stop(WebappClassLoaderBase.java:1555)
		at org.apache.catalina.loader.WebappLoader.stopInternal(WebappLoader.java:461)
		at org.apache.catalina.util.LifecycleBase.stop(LifecycleBase.java:257)
		at org.apache.catalina.core.StandardContext.stopInternal(StandardContext.java:5431)
		at org.apache.catalina.util.LifecycleBase.stop(LifecycleBase.java:257)
		at org.apache.catalina.core.ContainerBase$StopChild.call(ContainerBase.java:1400)
		at org.apache.catalina.core.ContainerBase$StopChild.call(ContainerBase.java:1389)
		at java.base/java.util.concurrent.FutureTask.run(FutureTask.java:317)
		at org.apache.tomcat.util.threads.InlineExecutorService.execute(InlineExecutorService.java:75)
		at java.base/java.util.concurrent.AbstractExecutorService.submit(AbstractExecutorService.java:148)
		at org.apache.catalina.core.ContainerBase.stopInternal(ContainerBase.java:976)
		at org.apache.catalina.util.LifecycleBase.stop(LifecycleBase.java:257)
		at org.apache.catalina.core.ContainerBase$StopChild.call(ContainerBase.java:1400)
		at org.apache.catalina.core.ContainerBase$StopChild.call(ContainerBase.java:1389)
		at java.base/java.util.concurrent.FutureTask.run(FutureTask.java:317)
		at org.apache.tomcat.util.threads.InlineExecutorService.execute(InlineExecutorService.java:75)
		at java.base/java.util.concurrent.AbstractExecutorService.submit(AbstractExecutorService.java:148)
		at org.apache.catalina.core.ContainerBase.stopInternal(ContainerBase.java:976)
		at org.apache.catalina.util.LifecycleBase.stop(LifecycleBase.java:257)
		at org.apache.catalina.core.StandardService.stopInternal(StandardService.java:473)
		at org.apache.catalina.util.LifecycleBase.stop(LifecycleBase.java:257)
		at org.apache.catalina.core.StandardServer.stopInternal(StandardServer.java:992)
		at org.apache.catalina.util.LifecycleBase.stop(LifecycleBase.java:257)
		at org.apache.catalina.startup.Catalina.stop(Catalina.java:849)
		at org.apache.catalina.startup.Catalina$CatalinaShutdownHook.run(Catalina.java:996)
03-Feb-2025 12:05:02.937 INFO [Thread-3] org.apache.coyote.AbstractProtocol.stop Stopping ProtocolHandler ["http-nio-2992"]
03-Feb-2025 12:05:02.963 INFO [Thread-3] org.apache.coyote.AbstractProtocol.destroy Destroying ProtocolHandler ["http-nio-2992"]
03-Feb-2025 12:08:28.799 INFO [main] org.apache.catalina.startup.VersionLoggerListener.log Server version name:   Apache Tomcat/9.0.38
03-Feb-2025 12:08:28.803 INFO [main] org.apache.catalina.startup.VersionLoggerListener.log Server built:          Sep 10 2020 08:20:30 UTC
03-Feb-2025 12:08:28.803 INFO [main] org.apache.catalina.startup.VersionLoggerListener.log Server version number: 9.0.38.0
03-Feb-2025 12:08:28.803 INFO [main] org.apache.catalina.startup.VersionLoggerListener.log OS Name:               Windows 11
03-Feb-2025 12:08:28.803 INFO [main] org.apache.catalina.startup.VersionLoggerListener.log OS Version:            10.0
03-Feb-2025 12:08:28.803 INFO [main] org.apache.catalina.startup.VersionLoggerListener.log Architecture:          amd64
03-Feb-2025 12:08:28.803 INFO [main] org.apache.catalina.startup.VersionLoggerListener.log Java Home:             C:\Users\sowmya29\.jdks\openjdk-23.0.2
03-Feb-2025 12:08:28.803 INFO [main] org.apache.catalina.startup.VersionLoggerListener.log JVM Version:           23.0.2+7-58
03-Feb-2025 12:08:28.803 INFO [main] org.apache.catalina.startup.VersionLoggerListener.log JVM Vendor:            Oracle Corporation
03-Feb-2025 12:08:28.803 INFO [main] org.apache.catalina.startup.VersionLoggerListener.log CATALINA_BASE:         C:\Users\sowmya29\IdeaProjects\medi-sales\src\main\webapp
03-Feb-2025 12:08:28.803 INFO [main] org.apache.catalina.startup.VersionLoggerListener.log CATALINA_HOME:         C:\Users\sowmya29\OneDrive\Documents\apache-tomcat-9.0.38-windows-x64\apache-tomcat-9.0.38
03-Feb-2025 12:08:28.849 INFO [main] org.apache.catalina.startup.VersionLoggerListener.log Command line argument: --add-opens=java.base/java.lang=ALL-UNNAMED
03-Feb-2025 12:08:28.849 INFO [main] org.apache.catalina.startup.VersionLoggerListener.log Command line argument: --add-opens=java.base/java.io=ALL-UNNAMED
03-Feb-2025 12:08:28.849 INFO [main] org.apache.catalina.startup.VersionLoggerListener.log Command line argument: --add-opens=java.base/java.util=ALL-UNNAMED
03-Feb-2025 12:08:28.849 INFO [main] org.apache.catalina.startup.VersionLoggerListener.log Command line argument: --add-opens=java.base/java.util.concurrent=ALL-UNNAMED
03-Feb-2025 12:08:28.850 INFO [main] org.apache.catalina.startup.VersionLoggerListener.log Command line argument: --add-opens=java.rmi/sun.rmi.transport=ALL-UNNAMED
03-Feb-2025 12:08:28.850 INFO [main] org.apache.catalina.startup.VersionLoggerListener.log Command line argument: -Dcatalina.home=C:\Users\sowmya29\OneDrive\Documents\apache-tomcat-9.0.38-windows-x64\apache-tomcat-9.0.38
03-Feb-2025 12:08:28.850 INFO [main] org.apache.catalina.startup.VersionLoggerListener.log Command line argument: -Dcatalina.base=C:\Users\sowmya29\IdeaProjects\medi-sales\src\main\webapp
03-Feb-2025 12:08:28.850 INFO [main] org.apache.catalina.startup.VersionLoggerListener.log Command line argument: -Djava.io.tmpdir=C:\Users\sowmya29\IdeaProjects\medi-sales\src\main\webapp\temp
03-Feb-2025 12:08:28.850 INFO [main] org.apache.catalina.startup.VersionLoggerListener.log Command line argument: -Djava.util.logging.config.file=C:\Users\sowmya29\IdeaProjects\medi-sales\src\main\webapp\conf\logging.properties
03-Feb-2025 12:08:28.850 INFO [main] org.apache.catalina.startup.VersionLoggerListener.log Command line argument: -Djava.util.logging.manager=org.apache.juli.ClassLoaderLogManager
03-Feb-2025 12:08:28.850 INFO [main] org.apache.catalina.startup.VersionLoggerListener.log Command line argument: -javaagent:C:\Program Files\JetBrains\IntelliJ IDEA Community Edition 2024.1.4\lib\idea_rt.jar=50477:C:\Program Files\JetBrains\IntelliJ IDEA Community Edition 2024.1.4\bin
03-Feb-2025 12:08:28.850 INFO [main] org.apache.catalina.startup.VersionLoggerListener.log Command line argument: -Dfile.encoding=UTF-8
03-Feb-2025 12:08:28.851 INFO [main] org.apache.catalina.startup.VersionLoggerListener.log Command line argument: -Dsun.stdout.encoding=UTF-8
03-Feb-2025 12:08:28.851 INFO [main] org.apache.catalina.startup.VersionLoggerListener.log Command line argument: -Dsun.stderr.encoding=UTF-8
03-Feb-2025 12:08:29.693 INFO [main] org.apache.catalina.core.AprLifecycleListener.lifecycleEvent Loaded Apache Tomcat Native library [1.2.25] using APR version [1.7.0].
03-Feb-2025 12:08:29.694 INFO [main] org.apache.catalina.core.AprLifecycleListener.lifecycleEvent APR capabilities: IPv6 [true], sendfile [true], accept filters [false], random [true].
03-Feb-2025 12:08:29.694 INFO [main] org.apache.catalina.core.AprLifecycleListener.lifecycleEvent APR/OpenSSL configuration: useAprConnector [false], useOpenSSL [true]
03-Feb-2025 12:08:29.708 INFO [main] org.apache.catalina.core.AprLifecycleListener.initializeSSL OpenSSL successfully initialized [OpenSSL 1.1.1g  21 Apr 2020]
03-Feb-2025 12:08:30.233 INFO [main] org.apache.coyote.AbstractProtocol.init Initializing ProtocolHandler ["http-nio-2992"]
03-Feb-2025 12:08:30.326 INFO [main] org.apache.catalina.startup.Catalina.load Server initialization in [1948] milliseconds
03-Feb-2025 12:08:30.372 INFO [main] org.apache.catalina.core.StandardService.startInternal Starting service [Catalina]
03-Feb-2025 12:08:30.372 INFO [main] org.apache.catalina.core.StandardEngine.startInternal Starting Servlet engine: [Apache Tomcat/9.0.38]
03-Feb-2025 12:08:30.379 INFO [main] org.apache.catalina.startup.HostConfig.deployDescriptor Deploying deployment descriptor [C:\Users\sowmya29\IdeaProjects\medi-sales\src\main\webapp\conf\Catalina\localhost\medi-sales.xml]
03-Feb-2025 12:08:33.289 INFO [main] org.apache.jasper.servlet.TldScanner.scanJars At least one JAR was scanned for TLDs yet contained no TLDs. Enable debug logging for this logger for a complete list of JARs that were scanned but no TLDs were found in them. Skipping unneeded JARs during scanning can improve startup time and JSP compilation time.
03-Feb-2025 12:08:37.972 INFO [main] org.apache.catalina.startup.HostConfig.deployDescriptor Deployment of deployment descriptor [C:\Users\sowmya29\IdeaProjects\medi-sales\src\main\webapp\conf\Catalina\localhost\medi-sales.xml] has finished in [7,593] ms
03-Feb-2025 12:08:37.975 INFO [main] org.apache.coyote.AbstractProtocol.start Starting ProtocolHandler ["http-nio-2992"]
03-Feb-2025 12:08:37.984 INFO [main] org.apache.catalina.startup.Catalina.start Server startup in [7654] milliseconds
03-Feb-2025 12:24:10.064 INFO [Thread-3] org.apache.coyote.AbstractProtocol.pause Pausing ProtocolHandler ["http-nio-2992"]
03-Feb-2025 12:24:10.164 INFO [Thread-3] org.apache.catalina.core.StandardService.stopInternal Stopping service [Catalina]
03-Feb-2025 12:24:10.228 WARNING [Thread-3] org.apache.catalina.loader.WebappClassLoaderBase.clearReferencesJdbc The web application [medi-sales] registered the JDBC driver [com.mysql.cj.jdbc.Driver] but failed to unregister it when the web application was stopped. To prevent a memory leak, the JDBC Driver has been forcibly unregistered.
03-Feb-2025 12:24:10.229 WARNING [Thread-3] org.apache.catalina.loader.WebappClassLoaderBase.clearReferencesThreads The web application [medi-sales] appears to have started a thread named [mysql-cj-abandoned-connection-cleanup] but has failed to stop it. This is very likely to create a memory leak. Stack trace of thread:
 java.base/jdk.internal.misc.Unsafe.park(Native Method)
 java.base/java.util.concurrent.locks.LockSupport.parkNanos(LockSupport.java:269)
 java.base/java.util.concurrent.locks.AbstractQueuedSynchronizer$ConditionObject.await(AbstractQueuedSynchronizer.java:1852)
 java.base/java.lang.ref.ReferenceQueue.await(ReferenceQueue.java:79)
 java.base/java.lang.ref.ReferenceQueue.remove0(ReferenceQueue.java:151)
 java.base/java.lang.ref.ReferenceQueue.remove(ReferenceQueue.java:229)
 com.mysql.cj.jdbc.AbandonedConnectionCleanupThread.run(AbandonedConnectionCleanupThread.java:91)
 java.base/java.util.concurrent.ThreadPoolExecutor.runWorker(ThreadPoolExecutor.java:1144)
 java.base/java.util.concurrent.ThreadPoolExecutor$Worker.run(ThreadPoolExecutor.java:642)
 java.base/java.lang.Thread.run(Thread.java:1575)
03-Feb-2025 12:24:10.230 WARNING [Thread-3] org.apache.catalina.loader.WebappClassLoaderBase.clearReferencesObjectStreamClassCaches Failed to clear soft references from ObjectStreamClass$Caches for web application [medi-sales]
	java.lang.ClassCastException: class java.io.ObjectStreamClass$Caches$1 cannot be cast to class java.util.Map (java.io.ObjectStreamClass$Caches$1 and java.util.Map are in module java.base of loader 'bootstrap')
		at org.apache.catalina.loader.WebappClassLoaderBase.clearCache(WebappClassLoaderBase.java:2268)
		at org.apache.catalina.loader.WebappClassLoaderBase.clearReferencesObjectStreamClassCaches(WebappClassLoaderBase.java:2255)
		at org.apache.catalina.loader.WebappClassLoaderBase.clearReferences(WebappClassLoaderBase.java:1627)
		at org.apache.catalina.loader.WebappClassLoaderBase.stop(WebappClassLoaderBase.java:1555)
		at org.apache.catalina.loader.WebappLoader.stopInternal(WebappLoader.java:461)
		at org.apache.catalina.util.LifecycleBase.stop(LifecycleBase.java:257)
		at org.apache.catalina.core.StandardContext.stopInternal(StandardContext.java:5431)
		at org.apache.catalina.util.LifecycleBase.stop(LifecycleBase.java:257)
		at org.apache.catalina.core.ContainerBase$StopChild.call(ContainerBase.java:1400)
		at org.apache.catalina.core.ContainerBase$StopChild.call(ContainerBase.java:1389)
		at java.base/java.util.concurrent.FutureTask.run(FutureTask.java:317)
		at org.apache.tomcat.util.threads.InlineExecutorService.execute(InlineExecutorService.java:75)
		at java.base/java.util.concurrent.AbstractExecutorService.submit(AbstractExecutorService.java:148)
		at org.apache.catalina.core.ContainerBase.stopInternal(ContainerBase.java:976)
		at org.apache.catalina.util.LifecycleBase.stop(LifecycleBase.java:257)
		at org.apache.catalina.core.ContainerBase$StopChild.call(ContainerBase.java:1400)
		at org.apache.catalina.core.ContainerBase$StopChild.call(ContainerBase.java:1389)
		at java.base/java.util.concurrent.FutureTask.run(FutureTask.java:317)
		at org.apache.tomcat.util.threads.InlineExecutorService.execute(InlineExecutorService.java:75)
		at java.base/java.util.concurrent.AbstractExecutorService.submit(AbstractExecutorService.java:148)
		at org.apache.catalina.core.ContainerBase.stopInternal(ContainerBase.java:976)
		at org.apache.catalina.util.LifecycleBase.stop(LifecycleBase.java:257)
		at org.apache.catalina.core.StandardService.stopInternal(StandardService.java:473)
		at org.apache.catalina.util.LifecycleBase.stop(LifecycleBase.java:257)
		at org.apache.catalina.core.StandardServer.stopInternal(StandardServer.java:992)
		at org.apache.catalina.util.LifecycleBase.stop(LifecycleBase.java:257)
		at org.apache.catalina.startup.Catalina.stop(Catalina.java:849)
		at org.apache.catalina.startup.Catalina$CatalinaShutdownHook.run(Catalina.java:996)
03-Feb-2025 12:24:10.277 INFO [Thread-3] org.apache.coyote.AbstractProtocol.stop Stopping ProtocolHandler ["http-nio-2992"]
03-Feb-2025 12:24:10.381 INFO [mysql-cj-abandoned-connection-cleanup] org.apache.catalina.loader.WebappClassLoaderBase.checkStateForResourceLoading Illegal access: this web application instance has been stopped already. Could not load []. The following stack trace is thrown for debugging purposes as well as to attempt to terminate the thread which caused the illegal access.
	java.lang.IllegalStateException: Illegal access: this web application instance has been stopped already. Could not load []. The following stack trace is thrown for debugging purposes as well as to attempt to terminate the thread which caused the illegal access.
		at org.apache.catalina.loader.WebappClassLoaderBase.checkStateForResourceLoading(WebappClassLoaderBase.java:1385)
		at org.apache.catalina.loader.WebappClassLoaderBase.getResource(WebappClassLoaderBase.java:1038)
		at com.mysql.cj.jdbc.AbandonedConnectionCleanupThread.checkThreadContextClassLoader(AbandonedConnectionCleanupThread.java:123)
		at com.mysql.cj.jdbc.AbandonedConnectionCleanupThread.run(AbandonedConnectionCleanupThread.java:90)
		at java.base/java.util.concurrent.ThreadPoolExecutor.runWorker(ThreadPoolExecutor.java:1144)
		at java.base/java.util.concurrent.ThreadPoolExecutor$Worker.run(ThreadPoolExecutor.java:642)
		at java.base/java.lang.Thread.run(Thread.java:1575)
03-Feb-2025 12:24:10.383 INFO [Thread-3] org.apache.coyote.AbstractProtocol.destroy Destroying ProtocolHandler ["http-nio-2992"]
03-Feb-2025 12:24:24.472 INFO [main] org.apache.catalina.startup.VersionLoggerListener.log Server version name:   Apache Tomcat/9.0.38
03-Feb-2025 12:24:24.476 INFO [main] org.apache.catalina.startup.VersionLoggerListener.log Server built:          Sep 10 2020 08:20:30 UTC
03-Feb-2025 12:24:24.476 INFO [main] org.apache.catalina.startup.VersionLoggerListener.log Server version number: 9.0.38.0
03-Feb-2025 12:24:24.476 INFO [main] org.apache.catalina.startup.VersionLoggerListener.log OS Name:               Windows 11
03-Feb-2025 12:24:24.476 INFO [main] org.apache.catalina.startup.VersionLoggerListener.log OS Version:            10.0
03-Feb-2025 12:24:24.476 INFO [main] org.apache.catalina.startup.VersionLoggerListener.log Architecture:          amd64
03-Feb-2025 12:24:24.476 INFO [main] org.apache.catalina.startup.VersionLoggerListener.log Java Home:             C:\Users\sowmya29\.jdks\openjdk-23.0.2
03-Feb-2025 12:24:24.476 INFO [main] org.apache.catalina.startup.VersionLoggerListener.log JVM Version:           23.0.2+7-58
03-Feb-2025 12:24:24.476 INFO [main] org.apache.catalina.startup.VersionLoggerListener.log JVM Vendor:            Oracle Corporation
03-Feb-2025 12:24:24.476 INFO [main] org.apache.catalina.startup.VersionLoggerListener.log CATALINA_BASE:         C:\Users\sowmya29\IdeaProjects\medi-sales\src\main\webapp
03-Feb-2025 12:24:24.477 INFO [main] org.apache.catalina.startup.VersionLoggerListener.log CATALINA_HOME:         C:\Users\sowmya29\OneDrive\Documents\apache-tomcat-9.0.38-windows-x64\apache-tomcat-9.0.38
03-Feb-2025 12:24:24.484 INFO [main] org.apache.catalina.startup.VersionLoggerListener.log Command line argument: --add-opens=java.base/java.lang=ALL-UNNAMED
03-Feb-2025 12:24:24.484 INFO [main] org.apache.catalina.startup.VersionLoggerListener.log Command line argument: --add-opens=java.base/java.io=ALL-UNNAMED
03-Feb-2025 12:24:24.484 INFO [main] org.apache.catalina.startup.VersionLoggerListener.log Command line argument: --add-opens=java.base/java.util=ALL-UNNAMED
03-Feb-2025 12:24:24.484 INFO [main] org.apache.catalina.startup.VersionLoggerListener.log Command line argument: --add-opens=java.base/java.util.concurrent=ALL-UNNAMED
03-Feb-2025 12:24:24.485 INFO [main] org.apache.catalina.startup.VersionLoggerListener.log Command line argument: --add-opens=java.rmi/sun.rmi.transport=ALL-UNNAMED
03-Feb-2025 12:24:24.485 INFO [main] org.apache.catalina.startup.VersionLoggerListener.log Command line argument: -Dcatalina.home=C:\Users\sowmya29\OneDrive\Documents\apache-tomcat-9.0.38-windows-x64\apache-tomcat-9.0.38
03-Feb-2025 12:24:24.485 INFO [main] org.apache.catalina.startup.VersionLoggerListener.log Command line argument: -Dcatalina.base=C:\Users\sowmya29\IdeaProjects\medi-sales\src\main\webapp
03-Feb-2025 12:24:24.485 INFO [main] org.apache.catalina.startup.VersionLoggerListener.log Command line argument: -Djava.io.tmpdir=C:\Users\sowmya29\IdeaProjects\medi-sales\src\main\webapp\temp
03-Feb-2025 12:24:24.485 INFO [main] org.apache.catalina.startup.VersionLoggerListener.log Command line argument: -Djava.util.logging.config.file=C:\Users\sowmya29\IdeaProjects\medi-sales\src\main\webapp\conf\logging.properties
03-Feb-2025 12:24:24.485 INFO [main] org.apache.catalina.startup.VersionLoggerListener.log Command line argument: -Djava.util.logging.manager=org.apache.juli.ClassLoaderLogManager
03-Feb-2025 12:24:24.485 INFO [main] org.apache.catalina.startup.VersionLoggerListener.log Command line argument: -javaagent:C:\Program Files\JetBrains\IntelliJ IDEA Community Edition 2024.1.4\lib\idea_rt.jar=50556:C:\Program Files\JetBrains\IntelliJ IDEA Community Edition 2024.1.4\bin
03-Feb-2025 12:24:24.485 INFO [main] org.apache.catalina.startup.VersionLoggerListener.log Command line argument: -Dfile.encoding=UTF-8
03-Feb-2025 12:24:24.485 INFO [main] org.apache.catalina.startup.VersionLoggerListener.log Command line argument: -Dsun.stdout.encoding=UTF-8
03-Feb-2025 12:24:24.485 INFO [main] org.apache.catalina.startup.VersionLoggerListener.log Command line argument: -Dsun.stderr.encoding=UTF-8
03-Feb-2025 12:24:24.527 INFO [main] org.apache.catalina.core.AprLifecycleListener.lifecycleEvent Loaded Apache Tomcat Native library [1.2.25] using APR version [1.7.0].
03-Feb-2025 12:24:24.527 INFO [main] org.apache.catalina.core.AprLifecycleListener.lifecycleEvent APR capabilities: IPv6 [true], sendfile [true], accept filters [false], random [true].
03-Feb-2025 12:24:24.527 INFO [main] org.apache.catalina.core.AprLifecycleListener.lifecycleEvent APR/OpenSSL configuration: useAprConnector [false], useOpenSSL [true]
03-Feb-2025 12:24:24.541 INFO [main] org.apache.catalina.core.AprLifecycleListener.initializeSSL OpenSSL successfully initialized [OpenSSL 1.1.1g  21 Apr 2020]
03-Feb-2025 12:24:25.141 INFO [main] org.apache.coyote.AbstractProtocol.init Initializing ProtocolHandler ["http-nio-2992"]
03-Feb-2025 12:24:25.241 INFO [main] org.apache.catalina.startup.Catalina.load Server initialization in [1250] milliseconds
03-Feb-2025 12:24:25.333 INFO [main] org.apache.catalina.core.StandardService.startInternal Starting service [Catalina]
03-Feb-2025 12:24:25.334 INFO [main] org.apache.catalina.core.StandardEngine.startInternal Starting Servlet engine: [Apache Tomcat/9.0.38]
03-Feb-2025 12:24:25.347 INFO [main] org.apache.catalina.startup.HostConfig.deployDescriptor Deploying deployment descriptor [C:\Users\sowmya29\IdeaProjects\medi-sales\src\main\webapp\conf\Catalina\localhost\medi-sales.xml]
03-Feb-2025 12:24:29.792 INFO [main] org.apache.jasper.servlet.TldScanner.scanJars At least one JAR was scanned for TLDs yet contained no TLDs. Enable debug logging for this logger for a complete list of JARs that were scanned but no TLDs were found in them. Skipping unneeded JARs during scanning can improve startup time and JSP compilation time.
03-Feb-2025 12:24:35.850 INFO [main] org.apache.catalina.startup.HostConfig.deployDescriptor Deployment of deployment descriptor [C:\Users\sowmya29\IdeaProjects\medi-sales\src\main\webapp\conf\Catalina\localhost\medi-sales.xml] has finished in [10,503] ms
03-Feb-2025 12:24:35.855 INFO [main] org.apache.coyote.AbstractProtocol.start Starting ProtocolHandler ["http-nio-2992"]
03-Feb-2025 12:24:35.864 INFO [main] org.apache.catalina.startup.Catalina.start Server startup in [10621] milliseconds
03-Feb-2025 12:36:09.450 INFO [Thread-3] org.apache.coyote.AbstractProtocol.pause Pausing ProtocolHandler ["http-nio-2992"]
03-Feb-2025 12:36:09.454 INFO [Thread-3] org.apache.catalina.core.StandardService.stopInternal Stopping service [Catalina]
03-Feb-2025 12:36:09.464 WARNING [Thread-3] org.apache.catalina.loader.WebappClassLoaderBase.clearReferencesJdbc The web application [medi-sales] registered the JDBC driver [com.mysql.cj.jdbc.Driver] but failed to unregister it when the web application was stopped. To prevent a memory leak, the JDBC Driver has been forcibly unregistered.
03-Feb-2025 12:36:09.466 WARNING [Thread-3] org.apache.catalina.loader.WebappClassLoaderBase.clearReferencesThreads The web application [medi-sales] appears to have started a thread named [mysql-cj-abandoned-connection-cleanup] but has failed to stop it. This is very likely to create a memory leak. Stack trace of thread:
 java.base/jdk.internal.misc.Unsafe.park(Native Method)
 java.base/java.util.concurrent.locks.LockSupport.parkNanos(LockSupport.java:269)
 java.base/java.util.concurrent.locks.AbstractQueuedSynchronizer$ConditionObject.await(AbstractQueuedSynchronizer.java:1852)
 java.base/java.lang.ref.ReferenceQueue.await(ReferenceQueue.java:79)
 java.base/java.lang.ref.ReferenceQueue.remove0(ReferenceQueue.java:151)
 java.base/java.lang.ref.ReferenceQueue.remove(ReferenceQueue.java:229)
 com.mysql.cj.jdbc.AbandonedConnectionCleanupThread.run(AbandonedConnectionCleanupThread.java:91)
 java.base/java.util.concurrent.ThreadPoolExecutor.runWorker(ThreadPoolExecutor.java:1144)
 java.base/java.util.concurrent.ThreadPoolExecutor$Worker.run(ThreadPoolExecutor.java:642)
 java.base/java.lang.Thread.run(Thread.java:1575)
03-Feb-2025 12:36:09.466 WARNING [Thread-3] org.apache.catalina.loader.WebappClassLoaderBase.clearReferencesObjectStreamClassCaches Failed to clear soft references from ObjectStreamClass$Caches for web application [medi-sales]
	java.lang.ClassCastException: class java.io.ObjectStreamClass$Caches$1 cannot be cast to class java.util.Map (java.io.ObjectStreamClass$Caches$1 and java.util.Map are in module java.base of loader 'bootstrap')
		at org.apache.catalina.loader.WebappClassLoaderBase.clearCache(WebappClassLoaderBase.java:2268)
		at org.apache.catalina.loader.WebappClassLoaderBase.clearReferencesObjectStreamClassCaches(WebappClassLoaderBase.java:2255)
		at org.apache.catalina.loader.WebappClassLoaderBase.clearReferences(WebappClassLoaderBase.java:1627)
		at org.apache.catalina.loader.WebappClassLoaderBase.stop(WebappClassLoaderBase.java:1555)
		at org.apache.catalina.loader.WebappLoader.stopInternal(WebappLoader.java:461)
		at org.apache.catalina.util.LifecycleBase.stop(LifecycleBase.java:257)
		at org.apache.catalina.core.StandardContext.stopInternal(StandardContext.java:5431)
		at org.apache.catalina.util.LifecycleBase.stop(LifecycleBase.java:257)
		at org.apache.catalina.core.ContainerBase$StopChild.call(ContainerBase.java:1400)
		at org.apache.catalina.core.ContainerBase$StopChild.call(ContainerBase.java:1389)
		at java.base/java.util.concurrent.FutureTask.run(FutureTask.java:317)
		at org.apache.tomcat.util.threads.InlineExecutorService.execute(InlineExecutorService.java:75)
		at java.base/java.util.concurrent.AbstractExecutorService.submit(AbstractExecutorService.java:148)
		at org.apache.catalina.core.ContainerBase.stopInternal(ContainerBase.java:976)
		at org.apache.catalina.util.LifecycleBase.stop(LifecycleBase.java:257)
		at org.apache.catalina.core.ContainerBase$StopChild.call(ContainerBase.java:1400)
		at org.apache.catalina.core.ContainerBase$StopChild.call(ContainerBase.java:1389)
		at java.base/java.util.concurrent.FutureTask.run(FutureTask.java:317)
		at org.apache.tomcat.util.threads.InlineExecutorService.execute(InlineExecutorService.java:75)
		at java.base/java.util.concurrent.AbstractExecutorService.submit(AbstractExecutorService.java:148)
		at org.apache.catalina.core.ContainerBase.stopInternal(ContainerBase.java:976)
		at org.apache.catalina.util.LifecycleBase.stop(LifecycleBase.java:257)
		at org.apache.catalina.core.StandardService.stopInternal(StandardService.java:473)
		at org.apache.catalina.util.LifecycleBase.stop(LifecycleBase.java:257)
		at org.apache.catalina.core.StandardServer.stopInternal(StandardServer.java:992)
		at org.apache.catalina.util.LifecycleBase.stop(LifecycleBase.java:257)
		at org.apache.catalina.startup.Catalina.stop(Catalina.java:849)
		at org.apache.catalina.startup.Catalina$CatalinaShutdownHook.run(Catalina.java:996)
03-Feb-2025 12:36:09.472 INFO [Thread-3] org.apache.coyote.AbstractProtocol.stop Stopping ProtocolHandler ["http-nio-2992"]
03-Feb-2025 12:36:09.508 INFO [Thread-3] org.apache.coyote.AbstractProtocol.destroy Destroying ProtocolHandler ["http-nio-2992"]
03-Feb-2025 12:36:13.815 INFO [main] org.apache.catalina.startup.VersionLoggerListener.log Server version name:   Apache Tomcat/9.0.38
03-Feb-2025 12:36:13.819 INFO [main] org.apache.catalina.startup.VersionLoggerListener.log Server built:          Sep 10 2020 08:20:30 UTC
03-Feb-2025 12:36:13.819 INFO [main] org.apache.catalina.startup.VersionLoggerListener.log Server version number: 9.0.38.0
03-Feb-2025 12:36:13.819 INFO [main] org.apache.catalina.startup.VersionLoggerListener.log OS Name:               Windows 11
03-Feb-2025 12:36:13.819 INFO [main] org.apache.catalina.startup.VersionLoggerListener.log OS Version:            10.0
03-Feb-2025 12:36:13.820 INFO [main] org.apache.catalina.startup.VersionLoggerListener.log Architecture:          amd64
03-Feb-2025 12:36:13.820 INFO [main] org.apache.catalina.startup.VersionLoggerListener.log Java Home:             C:\Users\sowmya29\.jdks\openjdk-23.0.2
03-Feb-2025 12:36:13.820 INFO [main] org.apache.catalina.startup.VersionLoggerListener.log JVM Version:           23.0.2+7-58
03-Feb-2025 12:36:13.820 INFO [main] org.apache.catalina.startup.VersionLoggerListener.log JVM Vendor:            Oracle Corporation
03-Feb-2025 12:36:13.820 INFO [main] org.apache.catalina.startup.VersionLoggerListener.log CATALINA_BASE:         C:\Users\sowmya29\IdeaProjects\medi-sales\src\main\webapp
03-Feb-2025 12:36:13.820 INFO [main] org.apache.catalina.startup.VersionLoggerListener.log CATALINA_HOME:         C:\Users\sowmya29\OneDrive\Documents\apache-tomcat-9.0.38-windows-x64\apache-tomcat-9.0.38
03-Feb-2025 12:36:13.829 INFO [main] org.apache.catalina.startup.VersionLoggerListener.log Command line argument: --add-opens=java.base/java.lang=ALL-UNNAMED
03-Feb-2025 12:36:13.829 INFO [main] org.apache.catalina.startup.VersionLoggerListener.log Command line argument: --add-opens=java.base/java.io=ALL-UNNAMED
03-Feb-2025 12:36:13.829 INFO [main] org.apache.catalina.startup.VersionLoggerListener.log Command line argument: --add-opens=java.base/java.util=ALL-UNNAMED
03-Feb-2025 12:36:13.831 INFO [main] org.apache.catalina.startup.VersionLoggerListener.log Command line argument: --add-opens=java.base/java.util.concurrent=ALL-UNNAMED
03-Feb-2025 12:36:13.831 INFO [main] org.apache.catalina.startup.VersionLoggerListener.log Command line argument: --add-opens=java.rmi/sun.rmi.transport=ALL-UNNAMED
03-Feb-2025 12:36:13.831 INFO [main] org.apache.catalina.startup.VersionLoggerListener.log Command line argument: -Dcatalina.home=C:\Users\sowmya29\OneDrive\Documents\apache-tomcat-9.0.38-windows-x64\apache-tomcat-9.0.38
03-Feb-2025 12:36:13.831 INFO [main] org.apache.catalina.startup.VersionLoggerListener.log Command line argument: -Dcatalina.base=C:\Users\sowmya29\IdeaProjects\medi-sales\src\main\webapp
03-Feb-2025 12:36:13.831 INFO [main] org.apache.catalina.startup.VersionLoggerListener.log Command line argument: -Djava.io.tmpdir=C:\Users\sowmya29\IdeaProjects\medi-sales\src\main\webapp\temp
03-Feb-2025 12:36:13.831 INFO [main] org.apache.catalina.startup.VersionLoggerListener.log Command line argument: -Djava.util.logging.config.file=C:\Users\sowmya29\IdeaProjects\medi-sales\src\main\webapp\conf\logging.properties
03-Feb-2025 12:36:13.831 INFO [main] org.apache.catalina.startup.VersionLoggerListener.log Command line argument: -Djava.util.logging.manager=org.apache.juli.ClassLoaderLogManager
03-Feb-2025 12:36:13.831 INFO [main] org.apache.catalina.startup.VersionLoggerListener.log Command line argument: -javaagent:C:\Program Files\JetBrains\IntelliJ IDEA Community Edition 2024.1.4\lib\idea_rt.jar=50634:C:\Program Files\JetBrains\IntelliJ IDEA Community Edition 2024.1.4\bin
03-Feb-2025 12:36:13.831 INFO [main] org.apache.catalina.startup.VersionLoggerListener.log Command line argument: -Dfile.encoding=UTF-8
03-Feb-2025 12:36:13.831 INFO [main] org.apache.catalina.startup.VersionLoggerListener.log Command line argument: -Dsun.stdout.encoding=UTF-8
03-Feb-2025 12:36:13.831 INFO [main] org.apache.catalina.startup.VersionLoggerListener.log Command line argument: -Dsun.stderr.encoding=UTF-8
03-Feb-2025 12:36:13.835 INFO [main] org.apache.catalina.core.AprLifecycleListener.lifecycleEvent Loaded Apache Tomcat Native library [1.2.25] using APR version [1.7.0].
03-Feb-2025 12:36:13.835 INFO [main] org.apache.catalina.core.AprLifecycleListener.lifecycleEvent APR capabilities: IPv6 [true], sendfile [true], accept filters [false], random [true].
03-Feb-2025 12:36:13.835 INFO [main] org.apache.catalina.core.AprLifecycleListener.lifecycleEvent APR/OpenSSL configuration: useAprConnector [false], useOpenSSL [true]
03-Feb-2025 12:36:13.841 INFO [main] org.apache.catalina.core.AprLifecycleListener.initializeSSL OpenSSL successfully initialized [OpenSSL 1.1.1g  21 Apr 2020]
03-Feb-2025 12:36:14.270 INFO [main] org.apache.coyote.AbstractProtocol.init Initializing ProtocolHandler ["http-nio-2992"]
03-Feb-2025 12:36:14.387 INFO [main] org.apache.catalina.startup.Catalina.load Server initialization in [796] milliseconds
03-Feb-2025 12:36:14.430 INFO [main] org.apache.catalina.core.StandardService.startInternal Starting service [Catalina]
03-Feb-2025 12:36:14.430 INFO [main] org.apache.catalina.core.StandardEngine.startInternal Starting Servlet engine: [Apache Tomcat/9.0.38]
03-Feb-2025 12:36:14.437 INFO [main] org.apache.catalina.startup.HostConfig.deployDescriptor Deploying deployment descriptor [C:\Users\sowmya29\IdeaProjects\medi-sales\src\main\webapp\conf\Catalina\localhost\medi-sales.xml]
03-Feb-2025 12:36:17.038 INFO [main] org.apache.jasper.servlet.TldScanner.scanJars At least one JAR was scanned for TLDs yet contained no TLDs. Enable debug logging for this logger for a complete list of JARs that were scanned but no TLDs were found in them. Skipping unneeded JARs during scanning can improve startup time and JSP compilation time.
03-Feb-2025 12:36:21.472 INFO [main] org.apache.catalina.startup.HostConfig.deployDescriptor Deployment of deployment descriptor [C:\Users\sowmya29\IdeaProjects\medi-sales\src\main\webapp\conf\Catalina\localhost\medi-sales.xml] has finished in [7,034] ms
03-Feb-2025 12:36:21.475 INFO [main] org.apache.coyote.AbstractProtocol.start Starting ProtocolHandler ["http-nio-2992"]
03-Feb-2025 12:36:21.485 INFO [main] org.apache.catalina.startup.Catalina.start Server startup in [7095] milliseconds
03-Feb-2025 12:46:08.740 INFO [Thread-3] org.apache.coyote.AbstractProtocol.pause Pausing ProtocolHandler ["http-nio-2992"]
03-Feb-2025 12:46:08.745 INFO [Thread-3] org.apache.catalina.core.StandardService.stopInternal Stopping service [Catalina]
03-Feb-2025 12:46:08.753 WARNING [Thread-3] org.apache.catalina.loader.WebappClassLoaderBase.clearReferencesJdbc The web application [medi-sales] registered the JDBC driver [com.mysql.cj.jdbc.Driver] but failed to unregister it when the web application was stopped. To prevent a memory leak, the JDBC Driver has been forcibly unregistered.
03-Feb-2025 12:46:08.754 WARNING [Thread-3] org.apache.catalina.loader.WebappClassLoaderBase.clearReferencesThreads The web application [medi-sales] appears to have started a thread named [mysql-cj-abandoned-connection-cleanup] but has failed to stop it. This is very likely to create a memory leak. Stack trace of thread:
 java.base/jdk.internal.misc.Unsafe.park(Native Method)
 java.base/java.util.concurrent.locks.LockSupport.parkNanos(LockSupport.java:269)
 java.base/java.util.concurrent.locks.AbstractQueuedSynchronizer$ConditionObject.await(AbstractQueuedSynchronizer.java:1852)
 java.base/java.lang.ref.ReferenceQueue.await(ReferenceQueue.java:79)
 java.base/java.lang.ref.ReferenceQueue.remove0(ReferenceQueue.java:151)
 java.base/java.lang.ref.ReferenceQueue.remove(ReferenceQueue.java:229)
 com.mysql.cj.jdbc.AbandonedConnectionCleanupThread.run(AbandonedConnectionCleanupThread.java:91)
 java.base/java.util.concurrent.ThreadPoolExecutor.runWorker(ThreadPoolExecutor.java:1144)
 java.base/java.util.concurrent.ThreadPoolExecutor$Worker.run(ThreadPoolExecutor.java:642)
 java.base/java.lang.Thread.run(Thread.java:1575)
03-Feb-2025 12:46:08.754 WARNING [Thread-3] org.apache.catalina.loader.WebappClassLoaderBase.clearReferencesObjectStreamClassCaches Failed to clear soft references from ObjectStreamClass$Caches for web application [medi-sales]
	java.lang.ClassCastException: class java.io.ObjectStreamClass$Caches$1 cannot be cast to class java.util.Map (java.io.ObjectStreamClass$Caches$1 and java.util.Map are in module java.base of loader 'bootstrap')
		at org.apache.catalina.loader.WebappClassLoaderBase.clearCache(WebappClassLoaderBase.java:2268)
		at org.apache.catalina.loader.WebappClassLoaderBase.clearReferencesObjectStreamClassCaches(WebappClassLoaderBase.java:2255)
		at org.apache.catalina.loader.WebappClassLoaderBase.clearReferences(WebappClassLoaderBase.java:1627)
		at org.apache.catalina.loader.WebappClassLoaderBase.stop(WebappClassLoaderBase.java:1555)
		at org.apache.catalina.loader.WebappLoader.stopInternal(WebappLoader.java:461)
		at org.apache.catalina.util.LifecycleBase.stop(LifecycleBase.java:257)
		at org.apache.catalina.core.StandardContext.stopInternal(StandardContext.java:5431)
		at org.apache.catalina.util.LifecycleBase.stop(LifecycleBase.java:257)
		at org.apache.catalina.core.ContainerBase$StopChild.call(ContainerBase.java:1400)
		at org.apache.catalina.core.ContainerBase$StopChild.call(ContainerBase.java:1389)
		at java.base/java.util.concurrent.FutureTask.run(FutureTask.java:317)
		at org.apache.tomcat.util.threads.InlineExecutorService.execute(InlineExecutorService.java:75)
		at java.base/java.util.concurrent.AbstractExecutorService.submit(AbstractExecutorService.java:148)
		at org.apache.catalina.core.ContainerBase.stopInternal(ContainerBase.java:976)
		at org.apache.catalina.util.LifecycleBase.stop(LifecycleBase.java:257)
		at org.apache.catalina.core.ContainerBase$StopChild.call(ContainerBase.java:1400)
		at org.apache.catalina.core.ContainerBase$StopChild.call(ContainerBase.java:1389)
		at java.base/java.util.concurrent.FutureTask.run(FutureTask.java:317)
		at org.apache.tomcat.util.threads.InlineExecutorService.execute(InlineExecutorService.java:75)
		at java.base/java.util.concurrent.AbstractExecutorService.submit(AbstractExecutorService.java:148)
		at org.apache.catalina.core.ContainerBase.stopInternal(ContainerBase.java:976)
		at org.apache.catalina.util.LifecycleBase.stop(LifecycleBase.java:257)
		at org.apache.catalina.core.StandardService.stopInternal(StandardService.java:473)
		at org.apache.catalina.util.LifecycleBase.stop(LifecycleBase.java:257)
		at org.apache.catalina.core.StandardServer.stopInternal(StandardServer.java:992)
		at org.apache.catalina.util.LifecycleBase.stop(LifecycleBase.java:257)
		at org.apache.catalina.startup.Catalina.stop(Catalina.java:849)
		at org.apache.catalina.startup.Catalina$CatalinaShutdownHook.run(Catalina.java:996)
03-Feb-2025 12:46:08.762 INFO [Thread-3] org.apache.coyote.AbstractProtocol.stop Stopping ProtocolHandler ["http-nio-2992"]
03-Feb-2025 12:46:08.799 INFO [Thread-3] org.apache.coyote.AbstractProtocol.destroy Destroying ProtocolHandler ["http-nio-2992"]
